{"F:\\Jinma\\Documents\\REACT\\MODULOS\\unlimited-react-components\\mega-dropzone-ui\\src\\index.ts": {"path":"F:\\Jinma\\Documents\\REACT\\MODULOS\\unlimited-react-components\\mega-dropzone-ui\\src\\index.ts","statementMap":{"0":{"start":{"line":1,"column":0},"end":{"line":1,"column":9}},"1":{"start":{"line":13,"column":9},"end":{"line":1,"column":20}},"2":{"start":{"line":13,"column":20},"end":{"line":1,"column":32}},"3":{"start":{"line":13,"column":32},"end":{"line":1,"column":59}},"4":{"start":{"line":13,"column":59},"end":{"line":1,"column":108}},"5":{"start":{"line":2,"column":0},"end":{"line":2,"column":9}},"6":{"start":{"line":13,"column":80},"end":{"line":2,"column":99}},"7":{"start":{"line":4,"column":0},"end":{"line":4,"column":9}},"8":{"start":{"line":14,"column":8},"end":{"line":4,"column":36}},"9":{"start":{"line":14,"column":35},"end":{"line":4,"column":55}},"10":{"start":{"line":14,"column":54},"end":{"line":4,"column":71}},"11":{"start":{"line":14,"column":70},"end":{"line":4,"column":88}},"12":{"start":{"line":14,"column":87},"end":{"line":4,"column":105}},"13":{"start":{"line":14,"column":104},"end":{"line":4,"column":125}},"14":{"start":{"line":14,"column":124},"end":{"line":4,"column":142}},"15":{"start":{"line":14,"column":141},"end":{"line":4,"column":169}},"16":{"start":{"line":14,"column":168},"end":{"line":4,"column":197}},"17":{"start":{"line":14,"column":196},"end":{"line":4,"column":224}},"18":{"start":{"line":14,"column":223},"end":{"line":4,"column":243}},"19":{"start":{"line":14,"column":242},"end":{"line":4,"column":259}},"20":{"start":{"line":14,"column":258},"end":{"line":4,"column":276}},"21":{"start":{"line":14,"column":275},"end":{"line":4,"column":293}},"22":{"start":{"line":14,"column":292},"end":{"line":4,"column":313}},"23":{"start":{"line":14,"column":312},"end":{"line":4,"column":330}},"24":{"start":{"line":14,"column":329},"end":{"line":4,"column":357}},"25":{"start":{"line":14,"column":356},"end":{"line":4,"column":385}},"26":{"start":{"line":14,"column":384},"end":{"line":4,"column":417}},"27":{"start":{"line":14,"column":416},"end":{"line":4,"column":441}},"28":{"start":{"line":14,"column":440},"end":{"line":4,"column":462}},"29":{"start":{"line":14,"column":461},"end":{"line":4,"column":484}},"30":{"start":{"line":14,"column":483},"end":{"line":4,"column":506}},"31":{"start":{"line":14,"column":505},"end":{"line":4,"column":531}},"32":{"start":{"line":14,"column":530},"end":{"line":4,"column":553}},"33":{"start":{"line":14,"column":552},"end":{"line":4,"column":585}},"34":{"start":{"line":14,"column":584},"end":{"line":4,"column":640}},"35":{"start":{"line":7,"column":0},"end":{"line":7,"column":45}},"36":{"start":{"line":13,"column":106},"end":{"line":7,"column":123}},"37":{"start":{"line":16,"column":0},"end":{"line":16,"column":9}},"38":{"start":{"line":16,"column":9},"end":{"line":16,"column":28}},"39":{"start":{"line":17,"column":0},"end":{"line":17,"column":67}},"40":{"start":{"line":19,"column":0},"end":{"line":19,"column":9}},"41":{"start":{"line":19,"column":9},"end":{"line":19,"column":33}},"42":{"start":{"line":20,"column":0},"end":{"line":20,"column":77}},"43":{"start":{"line":22,"column":0},"end":{"line":22,"column":9}},"44":{"start":{"line":22,"column":9},"end":{"line":22,"column":28}},"45":{"start":{"line":23,"column":0},"end":{"line":23,"column":68}},"46":{"start":{"line":25,"column":0},"end":{"line":25,"column":9}},"47":{"start":{"line":25,"column":9},"end":{"line":25,"column":33}},"48":{"start":{"line":26,"column":0},"end":{"line":26,"column":78}},"49":{"start":{"line":28,"column":0},"end":{"line":28,"column":9}},"50":{"start":{"line":28,"column":9},"end":{"line":28,"column":37}},"51":{"start":{"line":29,"column":0},"end":{"line":29,"column":86}},"52":{"start":{"line":31,"column":0},"end":{"line":31,"column":9}},"53":{"start":{"line":31,"column":9},"end":{"line":31,"column":37}},"54":{"start":{"line":32,"column":0},"end":{"line":32,"column":61}},"55":{"start":{"line":34,"column":0},"end":{"line":34,"column":9}},"56":{"start":{"line":34,"column":9},"end":{"line":34,"column":31}},"57":{"start":{"line":35,"column":0},"end":{"line":35,"column":54}}},"fnMap":{"0":{"name":"(anonymous_5)","decl":{"start":{"line":13,"column":9},"end":{"line":13,"column":18}},"loc":{"start":{"line":13,"column":9},"end":{"line":1,"column":20}}},"1":{"name":"(anonymous_6)","decl":{"start":{"line":13,"column":20},"end":{"line":13,"column":30}},"loc":{"start":{"line":13,"column":20},"end":{"line":1,"column":32}}},"2":{"name":"(anonymous_7)","decl":{"start":{"line":13,"column":32},"end":{"line":13,"column":57}},"loc":{"start":{"line":13,"column":32},"end":{"line":1,"column":59}}},"3":{"name":"(anonymous_8)","decl":{"start":{"line":13,"column":59},"end":{"line":13,"column":78}},"loc":{"start":{"line":13,"column":59},"end":{"line":1,"column":108}}},"4":{"name":"(anonymous_9)","decl":{"start":{"line":13,"column":80},"end":{"line":13,"column":104}},"loc":{"start":{"line":13,"column":80},"end":{"line":2,"column":99}}},"5":{"name":"(anonymous_10)","decl":{"start":{"line":14,"column":8},"end":{"line":14,"column":33}},"loc":{"start":{"line":14,"column":8},"end":{"line":4,"column":36}}},"6":{"name":"(anonymous_11)","decl":{"start":{"line":14,"column":35},"end":{"line":14,"column":52}},"loc":{"start":{"line":14,"column":35},"end":{"line":4,"column":55}}},"7":{"name":"(anonymous_12)","decl":{"start":{"line":14,"column":54},"end":{"line":14,"column":68}},"loc":{"start":{"line":14,"column":54},"end":{"line":4,"column":71}}},"8":{"name":"(anonymous_13)","decl":{"start":{"line":14,"column":70},"end":{"line":14,"column":85}},"loc":{"start":{"line":14,"column":70},"end":{"line":4,"column":88}}},"9":{"name":"(anonymous_14)","decl":{"start":{"line":14,"column":87},"end":{"line":14,"column":102}},"loc":{"start":{"line":14,"column":87},"end":{"line":4,"column":105}}},"10":{"name":"(anonymous_15)","decl":{"start":{"line":14,"column":104},"end":{"line":14,"column":122}},"loc":{"start":{"line":14,"column":104},"end":{"line":4,"column":125}}},"11":{"name":"(anonymous_16)","decl":{"start":{"line":14,"column":124},"end":{"line":14,"column":139}},"loc":{"start":{"line":14,"column":124},"end":{"line":4,"column":142}}},"12":{"name":"(anonymous_17)","decl":{"start":{"line":14,"column":141},"end":{"line":14,"column":166}},"loc":{"start":{"line":14,"column":141},"end":{"line":4,"column":169}}},"13":{"name":"(anonymous_18)","decl":{"start":{"line":14,"column":168},"end":{"line":14,"column":194}},"loc":{"start":{"line":14,"column":168},"end":{"line":4,"column":197}}},"14":{"name":"(anonymous_19)","decl":{"start":{"line":14,"column":196},"end":{"line":14,"column":221}},"loc":{"start":{"line":14,"column":196},"end":{"line":4,"column":224}}},"15":{"name":"(anonymous_20)","decl":{"start":{"line":14,"column":223},"end":{"line":14,"column":240}},"loc":{"start":{"line":14,"column":223},"end":{"line":4,"column":243}}},"16":{"name":"(anonymous_21)","decl":{"start":{"line":14,"column":242},"end":{"line":14,"column":256}},"loc":{"start":{"line":14,"column":242},"end":{"line":4,"column":259}}},"17":{"name":"(anonymous_22)","decl":{"start":{"line":14,"column":258},"end":{"line":14,"column":273}},"loc":{"start":{"line":14,"column":258},"end":{"line":4,"column":276}}},"18":{"name":"(anonymous_23)","decl":{"start":{"line":14,"column":275},"end":{"line":14,"column":290}},"loc":{"start":{"line":14,"column":275},"end":{"line":4,"column":293}}},"19":{"name":"(anonymous_24)","decl":{"start":{"line":14,"column":292},"end":{"line":14,"column":310}},"loc":{"start":{"line":14,"column":292},"end":{"line":4,"column":313}}},"20":{"name":"(anonymous_25)","decl":{"start":{"line":14,"column":312},"end":{"line":14,"column":327}},"loc":{"start":{"line":14,"column":312},"end":{"line":4,"column":330}}},"21":{"name":"(anonymous_26)","decl":{"start":{"line":14,"column":329},"end":{"line":14,"column":354}},"loc":{"start":{"line":14,"column":329},"end":{"line":4,"column":357}}},"22":{"name":"(anonymous_27)","decl":{"start":{"line":14,"column":356},"end":{"line":14,"column":382}},"loc":{"start":{"line":14,"column":356},"end":{"line":4,"column":385}}},"23":{"name":"(anonymous_28)","decl":{"start":{"line":14,"column":384},"end":{"line":14,"column":414}},"loc":{"start":{"line":14,"column":384},"end":{"line":4,"column":417}}},"24":{"name":"(anonymous_29)","decl":{"start":{"line":14,"column":416},"end":{"line":14,"column":438}},"loc":{"start":{"line":14,"column":416},"end":{"line":4,"column":441}}},"25":{"name":"(anonymous_30)","decl":{"start":{"line":14,"column":440},"end":{"line":14,"column":459}},"loc":{"start":{"line":14,"column":440},"end":{"line":4,"column":462}}},"26":{"name":"(anonymous_31)","decl":{"start":{"line":14,"column":461},"end":{"line":14,"column":481}},"loc":{"start":{"line":14,"column":461},"end":{"line":4,"column":484}}},"27":{"name":"(anonymous_32)","decl":{"start":{"line":14,"column":483},"end":{"line":14,"column":503}},"loc":{"start":{"line":14,"column":483},"end":{"line":4,"column":506}}},"28":{"name":"(anonymous_33)","decl":{"start":{"line":14,"column":505},"end":{"line":14,"column":528}},"loc":{"start":{"line":14,"column":505},"end":{"line":4,"column":531}}},"29":{"name":"(anonymous_34)","decl":{"start":{"line":14,"column":530},"end":{"line":14,"column":550}},"loc":{"start":{"line":14,"column":530},"end":{"line":4,"column":553}}},"30":{"name":"(anonymous_35)","decl":{"start":{"line":14,"column":552},"end":{"line":14,"column":582}},"loc":{"start":{"line":14,"column":552},"end":{"line":4,"column":585}}},"31":{"name":"(anonymous_36)","decl":{"start":{"line":14,"column":584},"end":{"line":14,"column":615}},"loc":{"start":{"line":14,"column":584},"end":{"line":4,"column":640}}},"32":{"name":"(anonymous_37)","decl":{"start":{"line":13,"column":106},"end":{"line":13,"column":118}},"loc":{"start":{"line":13,"column":106},"end":{"line":7,"column":123}}},"33":{"name":"(anonymous_38)","decl":{"start":{"line":16,"column":9},"end":{"line":16,"column":16}},"loc":{"start":{"line":16,"column":9},"end":{"line":16,"column":28}}},"34":{"name":"(anonymous_39)","decl":{"start":{"line":19,"column":9},"end":{"line":19,"column":16}},"loc":{"start":{"line":19,"column":9},"end":{"line":19,"column":33}}},"35":{"name":"(anonymous_40)","decl":{"start":{"line":22,"column":9},"end":{"line":22,"column":16}},"loc":{"start":{"line":22,"column":9},"end":{"line":22,"column":28}}},"36":{"name":"(anonymous_41)","decl":{"start":{"line":25,"column":9},"end":{"line":25,"column":16}},"loc":{"start":{"line":25,"column":9},"end":{"line":25,"column":33}}},"37":{"name":"(anonymous_42)","decl":{"start":{"line":28,"column":9},"end":{"line":28,"column":16}},"loc":{"start":{"line":28,"column":9},"end":{"line":28,"column":37}}},"38":{"name":"(anonymous_43)","decl":{"start":{"line":31,"column":9},"end":{"line":31,"column":16}},"loc":{"start":{"line":31,"column":9},"end":{"line":31,"column":37}}},"39":{"name":"(anonymous_44)","decl":{"start":{"line":34,"column":9},"end":{"line":34,"column":16}},"loc":{"start":{"line":34,"column":9},"end":{"line":34,"column":31}}}},"branchMap":{},"s":{"0":5,"1":5,"2":5,"3":5,"4":5,"5":5,"6":5,"7":5,"8":5,"9":5,"10":5,"11":5,"12":5,"13":5,"14":5,"15":5,"16":5,"17":5,"18":5,"19":5,"20":5,"21":5,"22":5,"23":5,"24":5,"25":5,"26":5,"27":5,"28":5,"29":5,"30":5,"31":5,"32":5,"33":5,"34":5,"35":5,"36":5,"37":5,"38":5,"39":5,"40":5,"41":10,"42":5,"43":5,"44":5,"45":5,"46":5,"47":5,"48":5,"49":5,"50":5,"51":5,"52":5,"53":5,"54":5,"55":5,"56":5,"57":5},"f":{"0":0,"1":0,"2":0,"3":0,"4":0,"5":0,"6":0,"7":0,"8":0,"9":0,"10":0,"11":0,"12":0,"13":0,"14":0,"15":0,"16":0,"17":0,"18":0,"19":0,"20":0,"21":0,"22":0,"23":0,"24":0,"25":0,"26":0,"27":0,"28":0,"29":0,"30":0,"31":0,"32":0,"33":0,"34":5,"35":0,"36":0,"37":0,"38":0,"39":0},"b":{}}
,"F:\\Jinma\\Documents\\REACT\\MODULOS\\unlimited-react-components\\mega-dropzone-ui\\src\\components\\dropzone\\components\\Dropzone\\Dropzone.tsx": {"path":"F:\\Jinma\\Documents\\REACT\\MODULOS\\unlimited-react-components\\mega-dropzone-ui\\src\\components\\dropzone\\components\\Dropzone\\Dropzone.tsx","statementMap":{"0":{"start":{"line":1,"column":0},"end":{"line":1,"column":64}},"1":{"start":{"line":2,"column":0},"end":{"line":2,"column":59}},"2":{"start":{"line":3,"column":0},"end":{"line":3,"column":25}},"3":{"start":{"line":4,"column":0},"end":{"line":4,"column":59}},"4":{"start":{"line":5,"column":0},"end":{"line":5,"column":null}},"5":{"start":{"line":12,"column":0},"end":{"line":12,"column":70}},"6":{"start":{"line":13,"column":0},"end":{"line":13,"column":null}},"7":{"start":{"line":17,"column":0},"end":{"line":17,"column":62}},"8":{"start":{"line":18,"column":0},"end":{"line":18,"column":66}},"9":{"start":{"line":19,"column":0},"end":{"line":19,"column":69}},"10":{"start":{"line":21,"column":0},"end":{"line":21,"column":59}},"11":{"start":{"line":22,"column":0},"end":{"line":22,"column":null}},"12":{"start":{"line":27,"column":0},"end":{"line":27,"column":null}},"13":{"start":{"line":36,"column":42},"end":{"line":501,"column":1}},"14":{"start":{"line":73,"column":6},"end":{"line":73,"column":45}},"15":{"start":{"line":38,"column":10},"end":{"line":38,"column":null}},"16":{"start":{"line":39,"column":12},"end":{"line":39,"column":null}},"17":{"start":{"line":40,"column":11},"end":{"line":40,"column":null}},"18":{"start":{"line":41,"column":9},"end":{"line":41,"column":null}},"19":{"start":{"line":42,"column":9},"end":{"line":42,"column":null}},"20":{"start":{"line":43,"column":19},"end":{"line":43,"column":null}},"21":{"start":{"line":44,"column":11},"end":{"line":44,"column":null}},"22":{"start":{"line":45,"column":13},"end":{"line":45,"column":null}},"23":{"start":{"line":46,"column":15},"end":{"line":46,"column":null}},"24":{"start":{"line":47,"column":12},"end":{"line":47,"column":null}},"25":{"start":{"line":48,"column":10},"end":{"line":48,"column":null}},"26":{"start":{"line":49,"column":17},"end":{"line":49,"column":null}},"27":{"start":{"line":50,"column":13},"end":{"line":50,"column":null}},"28":{"start":{"line":51,"column":16},"end":{"line":51,"column":null}},"29":{"start":{"line":52,"column":8},"end":{"line":52,"column":null}},"30":{"start":{"line":53,"column":13},"end":{"line":53,"column":null}},"31":{"start":{"line":54,"column":13},"end":{"line":54,"column":null}},"32":{"start":{"line":55,"column":11},"end":{"line":55,"column":null}},"33":{"start":{"line":56,"column":16},"end":{"line":56,"column":null}},"34":{"start":{"line":57,"column":10},"end":{"line":57,"column":null}},"35":{"start":{"line":58,"column":10},"end":{"line":58,"column":null}},"36":{"start":{"line":59,"column":10},"end":{"line":59,"column":null}},"37":{"start":{"line":60,"column":7},"end":{"line":60,"column":null}},"38":{"start":{"line":61,"column":10},"end":{"line":61,"column":null}},"39":{"start":{"line":62,"column":9},"end":{"line":62,"column":null}},"40":{"start":{"line":63,"column":17},"end":{"line":63,"column":null}},"41":{"start":{"line":64,"column":18},"end":{"line":64,"column":null}},"42":{"start":{"line":66,"column":20},"end":{"line":66,"column":null}},"43":{"start":{"line":67,"column":12},"end":{"line":67,"column":null}},"44":{"start":{"line":68,"column":13},"end":{"line":68,"column":null}},"45":{"start":{"line":69,"column":9},"end":{"line":69,"column":null}},"46":{"start":{"line":70,"column":17},"end":{"line":70,"column":null}},"47":{"start":{"line":71,"column":16},"end":{"line":71,"column":null}},"48":{"start":{"line":72,"column":17},"end":{"line":72,"column":null}},"49":{"start":{"line":75,"column":27},"end":{"line":75,"column":55}},"50":{"start":{"line":77,"column":2},"end":{"line":94,"column":38}},"51":{"start":{"line":78,"column":4},"end":{"line":92,"column":null}},"52":{"start":{"line":79,"column":31},"end":{"line":79,"column":78}},"53":{"start":{"line":79,"column":48},"end":{"line":79,"column":78}},"54":{"start":{"line":81,"column":8},"end":{"line":81,"column":51}},"55":{"start":{"line":82,"column":44},"end":{"line":85,"column":8}},"56":{"start":{"line":86,"column":38},"end":{"line":89,"column":null}},"57":{"start":{"line":91,"column":6},"end":{"line":91,"column":25}},"58":{"start":{"line":97,"column":4},"end":{"line":97,"column":43}},"59":{"start":{"line":99,"column":4},"end":{"line":99,"column":48}},"60":{"start":{"line":102,"column":19},"end":{"line":102,"column":49}},"61":{"start":{"line":104,"column":38},"end":{"line":104,"column":62}},"62":{"start":{"line":104,"column":19},"end":{"line":104,"column":21}},"63":{"start":{"line":104,"column":34},"end":{"line":104,"column":38}},"64":{"start":{"line":106,"column":28},"end":{"line":106,"column":57}},"65":{"start":{"line":106,"column":14},"end":{"line":106,"column":16}},"66":{"start":{"line":106,"column":24},"end":{"line":106,"column":28}},"67":{"start":{"line":108,"column":4},"end":{"line":108,"column":52}},"68":{"start":{"line":107,"column":18},"end":{"line":107,"column":20}},"69":{"start":{"line":107,"column":32},"end":{"line":107,"column":null}},"70":{"start":{"line":109,"column":42},"end":{"line":109,"column":62}},"71":{"start":{"line":109,"column":21},"end":{"line":109,"column":23}},"72":{"start":{"line":109,"column":38},"end":{"line":109,"column":42}},"73":{"start":{"line":112,"column":50},"end":{"line":112,"column":74}},"74":{"start":{"line":112,"column":25},"end":{"line":112,"column":27}},"75":{"start":{"line":112,"column":46},"end":{"line":112,"column":50}},"76":{"start":{"line":114,"column":35},"end":{"line":118,"column":null}},"77":{"start":{"line":120,"column":33},"end":{"line":122,"column":36}},"78":{"start":{"line":125,"column":54},"end":{"line":125,"column":73}},"79":{"start":{"line":125,"column":27},"end":{"line":125,"column":29}},"80":{"start":{"line":125,"column":50},"end":{"line":125,"column":54}},"81":{"start":{"line":126,"column":2},"end":{"line":131,"column":14}},"82":{"start":{"line":127,"column":4},"end":{"line":130,"column":null}},"83":{"start":{"line":128,"column":6},"end":{"line":128,"column":22}},"84":{"start":{"line":129,"column":6},"end":{"line":129,"column":80}},"85":{"start":{"line":129,"column":63},"end":{"line":129,"column":71}},"86":{"start":{"line":132,"column":2},"end":{"line":138,"column":28}},"87":{"start":{"line":133,"column":4},"end":{"line":137,"column":null}},"88":{"start":{"line":134,"column":6},"end":{"line":134,"column":27}},"89":{"start":{"line":135,"column":11},"end":{"line":137,"column":null}},"90":{"start":{"line":136,"column":6},"end":{"line":136,"column":25}},"91":{"start":{"line":139,"column":2},"end":{"line":143,"column":25}},"92":{"start":{"line":140,"column":4},"end":{"line":142,"column":null}},"93":{"start":{"line":141,"column":6},"end":{"line":141,"column":40}},"94":{"start":{"line":145,"column":27},"end":{"line":157,"column":3}},"95":{"start":{"line":146,"column":40},"end":{"line":146,"column":42}},"96":{"start":{"line":147,"column":4},"end":{"line":147,"column":63}},"97":{"start":{"line":147,"column":54},"end":{"line":147,"column":62}},"98":{"start":{"line":148,"column":4},"end":{"line":154,"column":null}},"99":{"start":{"line":149,"column":6},"end":{"line":149,"column":30}},"100":{"start":{"line":151,"column":6},"end":{"line":153,"column":null}},"101":{"start":{"line":152,"column":8},"end":{"line":152,"column":29}},"102":{"start":{"line":156,"column":4},"end":{"line":156,"column":29}},"103":{"start":{"line":163,"column":21},"end":{"line":202,"column":3}},"104":{"start":{"line":166,"column":4},"end":{"line":201,"column":7}},"105":{"start":{"line":167,"column":6},"end":{"line":200,"column":15}},"106":{"start":{"line":168,"column":29},"end":{"line":168,"column":59}},"107":{"start":{"line":169,"column":8},"end":{"line":199,"column":null}},"108":{"start":{"line":170,"column":25},"end":{"line":170,"column":29}},"109":{"start":{"line":171,"column":26},"end":{"line":171,"column":71}},"110":{"start":{"line":172,"column":26},"end":{"line":172,"column":37}},"111":{"start":{"line":173,"column":10},"end":{"line":183,"column":13}},"112":{"start":{"line":185,"column":25},"end":{"line":185,"column":30}},"113":{"start":{"line":186,"column":26},"end":{"line":186,"column":69}},"114":{"start":{"line":187,"column":26},"end":{"line":187,"column":28}},"115":{"start":{"line":188,"column":10},"end":{"line":198,"column":13}},"116":{"start":{"line":207,"column":22},"end":{"line":291,"column":4}},"117":{"start":{"line":207,"column":51},"end":{"line":291,"column":4}},"118":{"start":{"line":208,"column":10},"end":{"line":208,"column":37}},"119":{"start":{"line":209,"column":10},"end":{"line":211,"column":13}},"120":{"start":{"line":210,"column":13},"end":{"line":210,"column":null}},"121":{"start":{"line":212,"column":8},"end":{"line":212,"column":34}},"122":{"start":{"line":213,"column":8},"end":{"line":213,"column":39}},"123":{"start":{"line":214,"column":10},"end":{"line":215,"column":58}},"124":{"start":{"line":217,"column":4},"end":{"line":217,"column":30}},"125":{"start":{"line":218,"column":8},"end":{"line":218,"column":21}},"126":{"start":{"line":219,"column":6},"end":{"line":224,"column":8}},"127":{"start":{"line":226,"column":10},"end":{"line":230,"column":9}},"128":{"start":{"line":227,"column":8},"end":{"line":229,"column":24}},"129":{"start":{"line":228,"column":10},"end":{"line":228,"column":64}},"130":{"start":{"line":229,"column":15},"end":{"line":229,"column":24}},"131":{"start":{"line":233,"column":6},"end":{"line":233,"column":35}},"132":{"start":{"line":235,"column":10},"end":{"line":235,"column":58}},"133":{"start":{"line":236,"column":10},"end":{"line":236,"column":50}},"134":{"start":{"line":237,"column":6},"end":{"line":241,"column":8}},"135":{"start":{"line":239,"column":17},"end":{"line":239,"column":null}},"136":{"start":{"line":243,"column":12},"end":{"line":243,"column":61}},"137":{"start":{"line":244,"column":12},"end":{"line":244,"column":23}},"138":{"start":{"line":245,"column":10},"end":{"line":247,"column":12}},"139":{"start":{"line":250,"column":12},"end":{"line":250,"column":25}},"140":{"start":{"line":251,"column":16},"end":{"line":251,"column":null}},"141":{"start":{"line":252,"column":16},"end":{"line":252,"column":null}},"142":{"start":{"line":249,"column":16},"end":{"line":249,"column":null}},"143":{"start":{"line":254,"column":10},"end":{"line":254,"column":47}},"144":{"start":{"line":256,"column":10},"end":{"line":258,"column":null}},"145":{"start":{"line":257,"column":12},"end":{"line":257,"column":28}},"146":{"start":{"line":259,"column":10},"end":{"line":265,"column":13}},"147":{"start":{"line":260,"column":12},"end":{"line":264,"column":null}},"148":{"start":{"line":261,"column":14},"end":{"line":261,"column":34}},"149":{"start":{"line":263,"column":14},"end":{"line":263,"column":23}},"150":{"start":{"line":266,"column":10},"end":{"line":266,"column":34}},"151":{"start":{"line":242,"column":15},"end":{"line":242,"column":22}},"152":{"start":{"line":242,"column":22},"end":{"line":242,"column":51}},"153":{"start":{"line":242,"column":49},"end":{"line":242,"column":51}},"154":{"start":{"line":242,"column":15},"end":{"line":242,"column":19}},"155":{"start":{"line":242,"column":51},"end":{"line":242,"column":null}},"156":{"start":{"line":271,"column":6},"end":{"line":271,"column":40}},"157":{"start":{"line":272,"column":12},"end":{"line":273,"column":58}},"158":{"start":{"line":274,"column":6},"end":{"line":276,"column":8}},"159":{"start":{"line":277,"column":6},"end":{"line":279,"column":15}},"160":{"start":{"line":278,"column":8},"end":{"line":278,"column":35}},"161":{"start":{"line":281,"column":6},"end":{"line":286,"column":8}},"162":{"start":{"line":287,"column":6},"end":{"line":289,"column":15}},"163":{"start":{"line":288,"column":8},"end":{"line":288,"column":35}},"164":{"start":{"line":292,"column":28},"end":{"line":303,"column":3}},"165":{"start":{"line":294,"column":4},"end":{"line":294,"column":21}},"166":{"start":{"line":295,"column":4},"end":{"line":295,"column":73}},"167":{"start":{"line":297,"column":4},"end":{"line":297,"column":21}},"168":{"start":{"line":299,"column":4},"end":{"line":302,"column":null}},"169":{"start":{"line":300,"column":6},"end":{"line":300,"column":76}},"170":{"start":{"line":308,"column":56},"end":{"line":335,"column":4}},"171":{"start":{"line":309,"column":40},"end":{"line":335,"column":4}},"172":{"start":{"line":311,"column":4},"end":{"line":311,"column":26}},"173":{"start":{"line":312,"column":4},"end":{"line":312,"column":25}},"174":{"start":{"line":313,"column":4},"end":{"line":316,"column":null}},"175":{"start":{"line":314,"column":6},"end":{"line":314,"column":27}},"176":{"start":{"line":315,"column":6},"end":{"line":315,"column":13}},"177":{"start":{"line":317,"column":8},"end":{"line":317,"column":52}},"178":{"start":{"line":318,"column":10},"end":{"line":318,"column":80}},"179":{"start":{"line":319,"column":10},"end":{"line":322,"column":6}},"180":{"start":{"line":323,"column":10},"end":{"line":327,"column":6}},"181":{"start":{"line":328,"column":4},"end":{"line":332,"column":null}},"182":{"start":{"line":329,"column":6},"end":{"line":329,"column":73}},"183":{"start":{"line":333,"column":4},"end":{"line":333,"column":25}},"184":{"start":{"line":334,"column":4},"end":{"line":334,"column":30}},"185":{"start":{"line":337,"column":74},"end":{"line":355,"column":3}},"186":{"start":{"line":340,"column":4},"end":{"line":342,"column":null}},"187":{"start":{"line":341,"column":6},"end":{"line":341,"column":13}},"188":{"start":{"line":343,"column":29},"end":{"line":343,"column":57}},"189":{"start":{"line":344,"column":36},"end":{"line":344,"column":79}},"190":{"start":{"line":345,"column":42},"end":{"line":348,"column":6}},"191":{"start":{"line":349,"column":36},"end":{"line":352,"column":null}},"192":{"start":{"line":354,"column":4},"end":{"line":354,"column":30}},"193":{"start":{"line":359,"column":28},"end":{"line":391,"column":3}},"194":{"start":{"line":364,"column":36},"end":{"line":364,"column":38}},"195":{"start":{"line":365,"column":28},"end":{"line":365,"column":43}},"196":{"start":{"line":366,"column":4},"end":{"line":389,"column":null}},"197":{"start":{"line":366,"column":17},"end":{"line":366,"column":18}},"198":{"start":{"line":366,"column":21},"end":{"line":366,"column":27}},"199":{"start":{"line":367,"column":41},"end":{"line":369,"column":67}},"200":{"start":{"line":371,"column":6},"end":{"line":387,"column":null}},"201":{"start":{"line":373,"column":22},"end":{"line":373,"column":35}},"202":{"start":{"line":374,"column":8},"end":{"line":374,"column":36}},"203":{"start":{"line":376,"column":8},"end":{"line":385,"column":null}},"204":{"start":{"line":378,"column":12},"end":{"line":378,"column":66}},"205":{"start":{"line":379,"column":10},"end":{"line":384,"column":60}},"206":{"start":{"line":386,"column":8},"end":{"line":386,"column":20}},"207":{"start":{"line":388,"column":6},"end":{"line":388,"column":33}},"208":{"start":{"line":390,"column":4},"end":{"line":390,"column":18}},"209":{"start":{"line":392,"column":28},"end":{"line":397,"column":3}},"210":{"start":{"line":393,"column":4},"end":{"line":396,"column":null}},"211":{"start":{"line":395,"column":6},"end":{"line":395,"column":25}},"212":{"start":{"line":398,"column":66},"end":{"line":405,"column":3}},"213":{"start":{"line":401,"column":4},"end":{"line":401,"column":26}},"214":{"start":{"line":402,"column":4},"end":{"line":402,"column":25}},"215":{"start":{"line":403,"column":4},"end":{"line":403,"column":41}},"216":{"start":{"line":404,"column":4},"end":{"line":404,"column":24}},"217":{"start":{"line":406,"column":66},"end":{"line":413,"column":3}},"218":{"start":{"line":409,"column":4},"end":{"line":409,"column":26}},"219":{"start":{"line":410,"column":4},"end":{"line":410,"column":25}},"220":{"start":{"line":411,"column":4},"end":{"line":411,"column":41}},"221":{"start":{"line":412,"column":4},"end":{"line":412,"column":25}},"222":{"start":{"line":417,"column":25},"end":{"line":417,"column":41}},"223":{"start":{"line":418,"column":4},"end":{"line":418,"column":28}},"224":{"start":{"line":419,"column":4},"end":{"line":422,"column":null}},"225":{"start":{"line":420,"column":6},"end":{"line":420,"column":73}},"226":{"start":{"line":423,"column":4},"end":{"line":423,"column":17}},"227":{"start":{"line":425,"column":22},"end":{"line":430,"column":3}},"228":{"start":{"line":426,"column":4},"end":{"line":426,"column":16}},"229":{"start":{"line":427,"column":4},"end":{"line":427,"column":17}},"230":{"start":{"line":428,"column":4},"end":{"line":428,"column":19}},"231":{"start":{"line":431,"column":27},"end":{"line":434,"column":3}},"232":{"start":{"line":432,"column":4},"end":{"line":432,"column":26}},"233":{"start":{"line":433,"column":4},"end":{"line":433,"column":28}},"234":{"start":{"line":436,"column":2},"end":{"line":500,"column":4}},"235":{"start":{"line":448,"column":50},"end":{"line":448,"column":58}},"236":{"start":{"line":503,"column":0},"end":{"line":503,"column":24}}},"fnMap":{"0":{"name":"(anonymous_23)","decl":{"start":{"line":36,"column":42},"end":{"line":36,"column":43}},"loc":{"start":{"line":36,"column":63},"end":{"line":501,"column":1}}},"1":{"name":"(anonymous_24)","decl":{"start":{"line":77,"column":12},"end":{"line":77,"column":null}},"loc":{"start":{"line":77,"column":12},"end":{"line":94,"column":3}}},"2":{"name":"(anonymous_25)","decl":{"start":{"line":79,"column":41},"end":{"line":79,"column":42}},"loc":{"start":{"line":79,"column":43},"end":{"line":79,"column":49}}},"3":{"name":"(anonymous_26)","decl":{"start":{"line":126,"column":12},"end":{"line":126,"column":null}},"loc":{"start":{"line":126,"column":12},"end":{"line":131,"column":3}}},"4":{"name":"(anonymous_27)","decl":{"start":{"line":129,"column":41},"end":{"line":129,"column":42}},"loc":{"start":{"line":129,"column":58},"end":{"line":129,"column":64}}},"5":{"name":"(anonymous_28)","decl":{"start":{"line":132,"column":12},"end":{"line":132,"column":null}},"loc":{"start":{"line":132,"column":12},"end":{"line":138,"column":3}}},"6":{"name":"(anonymous_29)","decl":{"start":{"line":139,"column":12},"end":{"line":139,"column":null}},"loc":{"start":{"line":139,"column":12},"end":{"line":143,"column":3}}},"7":{"name":"(anonymous_30)","decl":{"start":{"line":145,"column":27},"end":{"line":145,"column":null}},"loc":{"start":{"line":145,"column":27},"end":{"line":157,"column":3}}},"8":{"name":"(anonymous_31)","decl":{"start":{"line":147,"column":32},"end":{"line":147,"column":33}},"loc":{"start":{"line":147,"column":49},"end":{"line":147,"column":55}}},"9":{"name":"(anonymous_32)","decl":{"start":{"line":163,"column":21},"end":{"line":163,"column":null}},"loc":{"start":{"line":164,"column":23},"end":{"line":202,"column":3}}},"10":{"name":"(anonymous_33)","decl":{"start":{"line":166,"column":23},"end":{"line":166,"column":24}},"loc":{"start":{"line":166,"column":39},"end":{"line":201,"column":5}}},"11":{"name":"(anonymous_34)","decl":{"start":{"line":167,"column":17},"end":{"line":167,"column":null}},"loc":{"start":{"line":167,"column":17},"end":{"line":200,"column":7}}},"12":{"name":"(anonymous_35)","decl":{"start":{"line":207,"column":22},"end":{"line":207,"column":29}},"loc":{"start":{"line":207,"column":51},"end":{"line":291,"column":4}}},"13":{"name":"(anonymous_36)","decl":{"start":{"line":207,"column":51},"end":{"line":207,"column":null}},"loc":{"start":{"line":207,"column":51},"end":{"line":291,"column":4}}},"14":{"name":"(anonymous_38)","decl":{"start":{"line":210,"column":6},"end":{"line":210,"column":7}},"loc":{"start":{"line":210,"column":8},"end":{"line":210,"column":14}}},"15":{"name":"(anonymous_39)","decl":{"start":{"line":226,"column":56},"end":{"line":226,"column":57}},"loc":{"start":{"line":226,"column":73},"end":{"line":230,"column":7}}},"16":{"name":"(anonymous_40)","decl":{"start":{"line":239,"column":10},"end":{"line":239,"column":11}},"loc":{"start":{"line":239,"column":12},"end":{"line":239,"column":18}}},"17":{"name":"(anonymous_43)","decl":{"start":{"line":259,"column":40},"end":{"line":259,"column":41}},"loc":{"start":{"line":259,"column":42},"end":{"line":265,"column":11}}},"18":{"name":"(anonymous_44)","decl":{"start":{"line":277,"column":17},"end":{"line":277,"column":null}},"loc":{"start":{"line":277,"column":17},"end":{"line":279,"column":7}}},"19":{"name":"(anonymous_45)","decl":{"start":{"line":287,"column":17},"end":{"line":287,"column":null}},"loc":{"start":{"line":287,"column":17},"end":{"line":289,"column":7}}},"20":{"name":"(anonymous_46)","decl":{"start":{"line":292,"column":28},"end":{"line":292,"column":29}},"loc":{"start":{"line":292,"column":52},"end":{"line":303,"column":3}}},"21":{"name":"(anonymous_47)","decl":{"start":{"line":308,"column":56},"end":{"line":308,"column":null}},"loc":{"start":{"line":309,"column":40},"end":{"line":335,"column":4}}},"22":{"name":"(anonymous_48)","decl":{"start":{"line":309,"column":40},"end":{"line":309,"column":null}},"loc":{"start":{"line":309,"column":40},"end":{"line":335,"column":4}}},"23":{"name":"(anonymous_50)","decl":{"start":{"line":337,"column":74},"end":{"line":337,"column":null}},"loc":{"start":{"line":338,"column":44},"end":{"line":355,"column":3}}},"24":{"name":"(anonymous_51)","decl":{"start":{"line":359,"column":28},"end":{"line":359,"column":null}},"loc":{"start":{"line":362,"column":33},"end":{"line":391,"column":3}}},"25":{"name":"(anonymous_52)","decl":{"start":{"line":392,"column":28},"end":{"line":392,"column":null}},"loc":{"start":{"line":392,"column":28},"end":{"line":397,"column":3}}},"26":{"name":"(anonymous_53)","decl":{"start":{"line":398,"column":66},"end":{"line":398,"column":null}},"loc":{"start":{"line":399,"column":40},"end":{"line":405,"column":3}}},"27":{"name":"(anonymous_54)","decl":{"start":{"line":406,"column":66},"end":{"line":406,"column":null}},"loc":{"start":{"line":407,"column":40},"end":{"line":413,"column":3}}},"28":{"name":"handleClick","decl":{"start":{"line":414,"column":11},"end":{"line":414,"column":22}},"loc":{"start":{"line":415,"column":38},"end":{"line":424,"column":3}}},"29":{"name":"(anonymous_56)","decl":{"start":{"line":425,"column":22},"end":{"line":425,"column":null}},"loc":{"start":{"line":425,"column":22},"end":{"line":430,"column":3}}},"30":{"name":"(anonymous_57)","decl":{"start":{"line":431,"column":27},"end":{"line":431,"column":28}},"loc":{"start":{"line":431,"column":52},"end":{"line":434,"column":3}}},"31":{"name":"(anonymous_58)","decl":{"start":{"line":441,"column":41},"end":{"line":441,"column":48}},"loc":{"start":{"line":441,"column":41},"end":{"line":441,"column":49}}},"32":{"name":"(anonymous_59)","decl":{"start":{"line":448,"column":43},"end":{"line":448,"column":44}},"loc":{"start":{"line":448,"column":45},"end":{"line":448,"column":51}}}},"branchMap":{"0":{"loc":{"start":{"line":78,"column":4},"end":{"line":92,"column":null}},"type":"if","locations":[{"start":{"line":78,"column":4},"end":{"line":92,"column":null}}]},"1":{"loc":{"start":{"line":81,"column":9},"end":{"line":81,"column":29}},"type":"binary-expr","locations":[{"start":{"line":81,"column":9},"end":{"line":81,"column":17}},{"start":{"line":81,"column":21},"end":{"line":81,"column":29}}]},"2":{"loc":{"start":{"line":91,"column":6},"end":{"line":91,"column":24}},"type":"cond-expr","locations":[{"start":{"line":91,"column":14},"end":{"line":91,"column":17}},{"start":{"line":91,"column":6},"end":{"line":91,"column":24}}]},"3":{"loc":{"start":{"line":91,"column":6},"end":{"line":91,"column":17}},"type":"binary-expr","locations":[{"start":{"line":91,"column":6},"end":{"line":91,"column":17}},{"start":{"line":91,"column":6},"end":{"line":91,"column":17}}]},"4":{"loc":{"start":{"line":117,"column":4},"end":{"line":117,"column":41}},"type":"cond-expr","locations":[{"start":{"line":117,"column":20},"end":{"line":117,"column":29}},{"start":{"line":117,"column":32},"end":{"line":117,"column":41}}]},"5":{"loc":{"start":{"line":121,"column":4},"end":{"line":121,"column":29}},"type":"cond-expr","locations":[{"start":{"line":121,"column":17},"end":{"line":121,"column":24}},{"start":{"line":121,"column":27},"end":{"line":121,"column":29}}]},"6":{"loc":{"start":{"line":122,"column":5},"end":{"line":122,"column":34}},"type":"cond-expr","locations":[{"start":{"line":122,"column":17},"end":{"line":122,"column":29}},{"start":{"line":122,"column":32},"end":{"line":122,"column":34}}]},"7":{"loc":{"start":{"line":127,"column":4},"end":{"line":130,"column":null}},"type":"if","locations":[{"start":{"line":127,"column":4},"end":{"line":130,"column":null}}]},"8":{"loc":{"start":{"line":133,"column":4},"end":{"line":137,"column":null}},"type":"if","locations":[{"start":{"line":133,"column":4},"end":{"line":137,"column":null}},{"start":{"line":135,"column":11},"end":{"line":137,"column":null}}]},"9":{"loc":{"start":{"line":135,"column":11},"end":{"line":137,"column":null}},"type":"if","locations":[{"start":{"line":135,"column":11},"end":{"line":137,"column":null}}]},"10":{"loc":{"start":{"line":140,"column":4},"end":{"line":142,"column":null}},"type":"if","locations":[{"start":{"line":140,"column":4},"end":{"line":142,"column":null}}]},"11":{"loc":{"start":{"line":149,"column":6},"end":{"line":149,"column":29}},"type":"cond-expr","locations":[{"start":{"line":149,"column":13},"end":{"line":149,"column":16}},{"start":{"line":149,"column":6},"end":{"line":149,"column":29}}]},"12":{"loc":{"start":{"line":149,"column":6},"end":{"line":149,"column":16}},"type":"binary-expr","locations":[{"start":{"line":149,"column":6},"end":{"line":149,"column":16}},{"start":{"line":149,"column":6},"end":{"line":149,"column":16}}]},"13":{"loc":{"start":{"line":151,"column":6},"end":{"line":153,"column":null}},"type":"if","locations":[{"start":{"line":151,"column":6},"end":{"line":153,"column":null}}]},"14":{"loc":{"start":{"line":156,"column":4},"end":{"line":156,"column":28}},"type":"cond-expr","locations":[{"start":{"line":156,"column":12},"end":{"line":156,"column":15}},{"start":{"line":156,"column":4},"end":{"line":156,"column":28}}]},"15":{"loc":{"start":{"line":156,"column":4},"end":{"line":156,"column":15}},"type":"binary-expr","locations":[{"start":{"line":156,"column":4},"end":{"line":156,"column":15}},{"start":{"line":156,"column":4},"end":{"line":156,"column":15}}]},"16":{"loc":{"start":{"line":169,"column":8},"end":{"line":199,"column":null}},"type":"if","locations":[{"start":{"line":169,"column":8},"end":{"line":199,"column":null}},{"start":{"line":184,"column":15},"end":{"line":199,"column":null}}]},"17":{"loc":{"start":{"line":210,"column":13},"end":{"line":210,"column":52}},"type":"binary-expr","locations":[{"start":{"line":210,"column":13},"end":{"line":210,"column":20}},{"start":{"line":210,"column":24},"end":{"line":210,"column":52}}]},"18":{"loc":{"start":{"line":218,"column":8},"end":{"line":218,"column":21}},"type":"if","locations":[{"start":{"line":218,"column":8},"end":{"line":218,"column":21}}]},"19":{"loc":{"start":{"line":218,"column":8},"end":{"line":218,"column":32}},"type":"binary-expr","locations":[{"start":{"line":218,"column":8},"end":{"line":218,"column":25}},{"start":{"line":218,"column":29},"end":{"line":218,"column":32}}]},"20":{"loc":{"start":{"line":227,"column":8},"end":{"line":229,"column":24}},"type":"if","locations":[{"start":{"line":227,"column":8},"end":{"line":229,"column":24}},{"start":{"line":229,"column":15},"end":{"line":229,"column":24}}]},"21":{"loc":{"start":{"line":227,"column":12},"end":{"line":227,"column":62}},"type":"binary-expr","locations":[{"start":{"line":227,"column":12},"end":{"line":227,"column":51}},{"start":{"line":227,"column":55},"end":{"line":227,"column":62}}]},"22":{"loc":{"start":{"line":233,"column":6},"end":{"line":233,"column":34}},"type":"cond-expr","locations":[{"start":{"line":233,"column":14},"end":{"line":233,"column":17}},{"start":{"line":233,"column":6},"end":{"line":233,"column":34}}]},"23":{"loc":{"start":{"line":233,"column":6},"end":{"line":233,"column":17}},"type":"binary-expr","locations":[{"start":{"line":233,"column":6},"end":{"line":233,"column":17}},{"start":{"line":233,"column":6},"end":{"line":233,"column":17}}]},"24":{"loc":{"start":{"line":237,"column":6},"end":{"line":240,"column":null}},"type":"cond-expr","locations":[{"start":{"line":237,"column":19},"end":{"line":237,"column":null}},{"start":{"line":237,"column":6},"end":{"line":240,"column":null}}]},"25":{"loc":{"start":{"line":237,"column":6},"end":{"line":237,"column":null}},"type":"binary-expr","locations":[{"start":{"line":237,"column":6},"end":{"line":237,"column":null}},{"start":{"line":237,"column":6},"end":{"line":237,"column":null}}]},"26":{"loc":{"start":{"line":252,"column":16},"end":{"line":252,"column":null}},"type":"switch","locations":[{"start":{"line":252,"column":16},"end":{"line":252,"column":null}}]},"27":{"loc":{"start":{"line":244,"column":12},"end":{"line":244,"column":23}},"type":"if","locations":[{"start":{"line":244,"column":12},"end":{"line":244,"column":23}}]},"28":{"loc":{"start":{"line":250,"column":12},"end":{"line":250,"column":25}},"type":"if","locations":[{"start":{"line":250,"column":12},"end":{"line":250,"column":25}}]},"29":{"loc":{"start":{"line":256,"column":10},"end":{"line":258,"column":null}},"type":"if","locations":[{"start":{"line":256,"column":10},"end":{"line":258,"column":null}}]},"30":{"loc":{"start":{"line":260,"column":12},"end":{"line":264,"column":null}},"type":"if","locations":[{"start":{"line":260,"column":12},"end":{"line":264,"column":null}},{"start":{"line":262,"column":19},"end":{"line":264,"column":null}}]},"31":{"loc":{"start":{"line":266,"column":10},"end":{"line":266,"column":33}},"type":"cond-expr","locations":[{"start":{"line":266,"column":18},"end":{"line":266,"column":21}},{"start":{"line":266,"column":10},"end":{"line":266,"column":33}}]},"32":{"loc":{"start":{"line":266,"column":10},"end":{"line":266,"column":21}},"type":"binary-expr","locations":[{"start":{"line":266,"column":10},"end":{"line":266,"column":21}},{"start":{"line":266,"column":10},"end":{"line":266,"column":21}}]},"33":{"loc":{"start":{"line":242,"column":22},"end":{"line":242,"column":51}},"type":"if","locations":[{"start":{"line":242,"column":22},"end":{"line":242,"column":51}}]},"34":{"loc":{"start":{"line":271,"column":6},"end":{"line":271,"column":39}},"type":"cond-expr","locations":[{"start":{"line":271,"column":20},"end":{"line":271,"column":23}},{"start":{"line":271,"column":6},"end":{"line":271,"column":39}}]},"35":{"loc":{"start":{"line":271,"column":6},"end":{"line":271,"column":23}},"type":"binary-expr","locations":[{"start":{"line":271,"column":6},"end":{"line":271,"column":23}},{"start":{"line":271,"column":6},"end":{"line":271,"column":23}}]},"36":{"loc":{"start":{"line":294,"column":4},"end":{"line":294,"column":20}},"type":"cond-expr","locations":[{"start":{"line":294,"column":10},"end":{"line":294,"column":13}},{"start":{"line":294,"column":4},"end":{"line":294,"column":20}}]},"37":{"loc":{"start":{"line":294,"column":4},"end":{"line":294,"column":13}},"type":"binary-expr","locations":[{"start":{"line":294,"column":4},"end":{"line":294,"column":13}},{"start":{"line":294,"column":4},"end":{"line":294,"column":13}}]},"38":{"loc":{"start":{"line":295,"column":4},"end":{"line":295,"column":72}},"type":"cond-expr","locations":[{"start":{"line":295,"column":12},"end":{"line":295,"column":15}},{"start":{"line":295,"column":4},"end":{"line":295,"column":72}}]},"39":{"loc":{"start":{"line":295,"column":4},"end":{"line":295,"column":15}},"type":"binary-expr","locations":[{"start":{"line":295,"column":4},"end":{"line":295,"column":15}},{"start":{"line":295,"column":4},"end":{"line":295,"column":15}}]},"40":{"loc":{"start":{"line":295,"column":15},"end":{"line":295,"column":71}},"type":"cond-expr","locations":[{"start":{"line":295,"column":41},"end":{"line":295,"column":47}},{"start":{"line":295,"column":49},"end":{"line":295,"column":71}}]},"41":{"loc":{"start":{"line":299,"column":4},"end":{"line":302,"column":null}},"type":"if","locations":[{"start":{"line":299,"column":4},"end":{"line":302,"column":null}}]},"42":{"loc":{"start":{"line":300,"column":18},"end":{"line":300,"column":74}},"type":"cond-expr","locations":[{"start":{"line":300,"column":44},"end":{"line":300,"column":50}},{"start":{"line":300,"column":52},"end":{"line":300,"column":74}}]},"43":{"loc":{"start":{"line":313,"column":4},"end":{"line":316,"column":null}},"type":"if","locations":[{"start":{"line":313,"column":4},"end":{"line":316,"column":null}}]},"44":{"loc":{"start":{"line":318,"column":37},"end":{"line":318,"column":57}},"type":"binary-expr","locations":[{"start":{"line":318,"column":37},"end":{"line":318,"column":45}},{"start":{"line":318,"column":49},"end":{"line":318,"column":57}}]},"45":{"loc":{"start":{"line":328,"column":4},"end":{"line":332,"column":null}},"type":"if","locations":[{"start":{"line":328,"column":4},"end":{"line":332,"column":null}}]},"46":{"loc":{"start":{"line":340,"column":4},"end":{"line":342,"column":null}},"type":"if","locations":[{"start":{"line":340,"column":4},"end":{"line":342,"column":null}}]},"47":{"loc":{"start":{"line":344,"column":37},"end":{"line":344,"column":57}},"type":"binary-expr","locations":[{"start":{"line":344,"column":37},"end":{"line":344,"column":45}},{"start":{"line":344,"column":49},"end":{"line":344,"column":57}}]},"48":{"loc":{"start":{"line":367,"column":41},"end":{"line":369,"column":67}},"type":"cond-expr","locations":[{"start":{"line":368,"column":10},"end":{"line":368,"column":42}},{"start":{"line":369,"column":10},"end":{"line":369,"column":67}}]},"49":{"loc":{"start":{"line":371,"column":6},"end":{"line":387,"column":null}},"type":"if","locations":[{"start":{"line":371,"column":6},"end":{"line":387,"column":null}}]},"50":{"loc":{"start":{"line":376,"column":8},"end":{"line":385,"column":null}},"type":"if","locations":[{"start":{"line":376,"column":8},"end":{"line":385,"column":null}}]},"51":{"loc":{"start":{"line":379,"column":33},"end":{"line":384,"column":59}},"type":"cond-expr","locations":[{"start":{"line":380,"column":13},"end":{"line":384,"column":13}},{"start":{"line":384,"column":14},"end":{"line":384,"column":59}}]},"52":{"loc":{"start":{"line":382,"column":38},"end":{"line":382,"column":58}},"type":"binary-expr","locations":[{"start":{"line":382,"column":38},"end":{"line":382,"column":46}},{"start":{"line":382,"column":50},"end":{"line":382,"column":58}}]},"53":{"loc":{"start":{"line":384,"column":37},"end":{"line":384,"column":57}},"type":"binary-expr","locations":[{"start":{"line":384,"column":37},"end":{"line":384,"column":45}},{"start":{"line":384,"column":49},"end":{"line":384,"column":57}}]},"54":{"loc":{"start":{"line":393,"column":4},"end":{"line":396,"column":null}},"type":"if","locations":[{"start":{"line":393,"column":4},"end":{"line":396,"column":null}}]},"55":{"loc":{"start":{"line":418,"column":4},"end":{"line":418,"column":27}},"type":"cond-expr","locations":[{"start":{"line":418,"column":18},"end":{"line":418,"column":20}},{"start":{"line":418,"column":4},"end":{"line":418,"column":27}}]},"56":{"loc":{"start":{"line":418,"column":4},"end":{"line":418,"column":20}},"type":"binary-expr","locations":[{"start":{"line":418,"column":4},"end":{"line":418,"column":20}},{"start":{"line":418,"column":4},"end":{"line":418,"column":20}}]},"57":{"loc":{"start":{"line":419,"column":4},"end":{"line":422,"column":null}},"type":"if","locations":[{"start":{"line":419,"column":4},"end":{"line":422,"column":null}}]},"58":{"loc":{"start":{"line":423,"column":4},"end":{"line":423,"column":16}},"type":"cond-expr","locations":[{"start":{"line":423,"column":11},"end":{"line":423,"column":14}},{"start":{"line":423,"column":4},"end":{"line":423,"column":16}}]},"59":{"loc":{"start":{"line":423,"column":4},"end":{"line":423,"column":14}},"type":"binary-expr","locations":[{"start":{"line":423,"column":4},"end":{"line":423,"column":14}},{"start":{"line":423,"column":4},"end":{"line":423,"column":14}}]},"60":{"loc":{"start":{"line":426,"column":4},"end":{"line":426,"column":15}},"type":"cond-expr","locations":[{"start":{"line":426,"column":11},"end":{"line":426,"column":15}},{"start":{"line":426,"column":4},"end":{"line":426,"column":15}}]},"61":{"loc":{"start":{"line":426,"column":4},"end":{"line":426,"column":15}},"type":"binary-expr","locations":[{"start":{"line":426,"column":4},"end":{"line":426,"column":15}},{"start":{"line":426,"column":4},"end":{"line":426,"column":15}}]},"62":{"loc":{"start":{"line":428,"column":4},"end":{"line":428,"column":18}},"type":"cond-expr","locations":[{"start":{"line":428,"column":12},"end":{"line":428,"column":15}},{"start":{"line":428,"column":4},"end":{"line":428,"column":18}}]},"63":{"loc":{"start":{"line":428,"column":4},"end":{"line":428,"column":15}},"type":"binary-expr","locations":[{"start":{"line":428,"column":4},"end":{"line":428,"column":15}},{"start":{"line":428,"column":4},"end":{"line":428,"column":15}}]},"64":{"loc":{"start":{"line":433,"column":4},"end":{"line":433,"column":27}},"type":"cond-expr","locations":[{"start":{"line":433,"column":16},"end":{"line":433,"column":19}},{"start":{"line":433,"column":4},"end":{"line":433,"column":27}}]},"65":{"loc":{"start":{"line":433,"column":4},"end":{"line":433,"column":19}},"type":"binary-expr","locations":[{"start":{"line":433,"column":4},"end":{"line":433,"column":19}},{"start":{"line":433,"column":4},"end":{"line":433,"column":19}}]},"66":{"loc":{"start":{"line":441,"column":15},"end":{"line":441,"column":49}},"type":"cond-expr","locations":[{"start":{"line":441,"column":27},"end":{"line":441,"column":38}},{"start":{"line":441,"column":41},"end":{"line":441,"column":49}}]},"67":{"loc":{"start":{"line":445,"column":7},"end":{"line":460,"column":null}},"type":"binary-expr","locations":[{"start":{"line":445,"column":7},"end":{"line":445,"column":13}},{"start":{"line":446,"column":8},"end":{"line":459,"column":null}}]},"68":{"loc":{"start":{"line":449,"column":19},"end":{"line":449,"column":62}},"type":"cond-expr","locations":[{"start":{"line":449,"column":39},"end":{"line":449,"column":50}},{"start":{"line":449,"column":53},"end":{"line":449,"column":62}}]},"69":{"loc":{"start":{"line":454,"column":24},"end":{"line":454,"column":60}},"type":"cond-expr","locations":[{"start":{"line":454,"column":48},"end":{"line":454,"column":52}},{"start":{"line":454,"column":55},"end":{"line":454,"column":60}}]},"70":{"loc":{"start":{"line":454,"column":24},"end":{"line":454,"column":45}},"type":"binary-expr","locations":[{"start":{"line":454,"column":24},"end":{"line":454,"column":28}},{"start":{"line":454,"column":32},"end":{"line":454,"column":45}}]},"71":{"loc":{"start":{"line":456,"column":25},"end":{"line":456,"column":70}},"type":"cond-expr","locations":[{"start":{"line":456,"column":41},"end":{"line":456,"column":58}},{"start":{"line":456,"column":61},"end":{"line":456,"column":70}}]},"72":{"loc":{"start":{"line":457,"column":19},"end":{"line":457,"column":78}},"type":"cond-expr","locations":[{"start":{"line":457,"column":50},"end":{"line":457,"column":66}},{"start":{"line":457,"column":69},"end":{"line":457,"column":78}}]},"73":{"loc":{"start":{"line":457,"column":19},"end":{"line":457,"column":47}},"type":"binary-expr","locations":[{"start":{"line":457,"column":19},"end":{"line":457,"column":26}},{"start":{"line":457,"column":30},"end":{"line":457,"column":47}}]},"74":{"loc":{"start":{"line":462,"column":7},"end":{"line":476,"column":null}},"type":"cond-expr","locations":[{"start":{"line":463,"column":8},"end":{"line":471,"column":null}},{"start":{"line":474,"column":8},"end":{"line":475,"column":null}}]},"75":{"loc":{"start":{"line":462,"column":7},"end":{"line":462,"column":53}},"type":"binary-expr","locations":[{"start":{"line":462,"column":7},"end":{"line":462,"column":15}},{"start":{"line":462,"column":19},"end":{"line":462,"column":24}},{"start":{"line":462,"column":28},"end":{"line":462,"column":33}},{"start":{"line":462,"column":37},"end":{"line":462,"column":53}}]},"76":{"loc":{"start":{"line":467,"column":23},"end":{"line":467,"column":60}},"type":"cond-expr","locations":[{"start":{"line":467,"column":39},"end":{"line":467,"column":48}},{"start":{"line":467,"column":51},"end":{"line":467,"column":60}}]},"77":{"loc":{"start":{"line":475,"column":11},"end":{"line":475,"column":62}},"type":"binary-expr","locations":[{"start":{"line":475,"column":11},"end":{"line":475,"column":16}},{"start":{"line":475,"column":21},"end":{"line":475,"column":62}}]},"78":{"loc":{"start":{"line":479,"column":7},"end":{"line":484,"column":null}},"type":"binary-expr","locations":[{"start":{"line":479,"column":7},"end":{"line":479,"column":13}},{"start":{"line":480,"column":8},"end":{"line":483,"column":null}}]},"79":{"loc":{"start":{"line":482,"column":19},"end":{"line":482,"column":62}},"type":"cond-expr","locations":[{"start":{"line":482,"column":38},"end":{"line":482,"column":50}},{"start":{"line":482,"column":53},"end":{"line":482,"column":62}}]},"80":{"loc":{"start":{"line":489,"column":39},"end":{"line":489,"column":64}},"type":"cond-expr","locations":[{"start":{"line":489,"column":52},"end":{"line":489,"column":59}},{"start":{"line":489,"column":62},"end":{"line":489,"column":64}}]},"81":{"loc":{"start":{"line":497,"column":18},"end":{"line":497,"column":48}},"type":"cond-expr","locations":[{"start":{"line":497,"column":29},"end":{"line":497,"column":41}},{"start":{"line":497,"column":44},"end":{"line":497,"column":48}}]}},"s":{"0":5,"1":5,"2":5,"3":5,"4":5,"5":5,"6":5,"7":5,"8":5,"9":5,"10":5,"11":5,"12":5,"13":5,"14":0,"15":0,"16":0,"17":0,"18":0,"19":0,"20":0,"21":0,"22":0,"23":0,"24":0,"25":0,"26":0,"27":0,"28":0,"29":0,"30":0,"31":0,"32":0,"33":0,"34":0,"35":0,"36":0,"37":0,"38":0,"39":0,"40":0,"41":0,"42":0,"43":0,"44":0,"45":0,"46":0,"47":0,"48":0,"49":0,"50":0,"51":0,"52":0,"53":0,"54":0,"55":0,"56":0,"57":0,"58":0,"59":0,"60":0,"61":0,"62":0,"63":0,"64":0,"65":0,"66":0,"67":0,"68":0,"69":0,"70":0,"71":0,"72":0,"73":0,"74":0,"75":0,"76":0,"77":0,"78":0,"79":0,"80":0,"81":0,"82":0,"83":0,"84":0,"85":0,"86":0,"87":0,"88":0,"89":0,"90":0,"91":0,"92":0,"93":0,"94":0,"95":0,"96":0,"97":0,"98":0,"99":0,"100":0,"101":0,"102":0,"103":0,"104":0,"105":0,"106":0,"107":0,"108":0,"109":0,"110":0,"111":0,"112":0,"113":0,"114":0,"115":0,"116":0,"117":0,"118":0,"119":0,"120":0,"121":0,"122":0,"123":0,"124":0,"125":0,"126":0,"127":0,"128":0,"129":0,"130":0,"131":0,"132":0,"133":0,"134":0,"135":0,"136":0,"137":0,"138":0,"139":0,"140":0,"141":0,"142":0,"143":0,"144":0,"145":0,"146":0,"147":0,"148":0,"149":0,"150":0,"151":0,"152":0,"153":0,"154":0,"155":0,"156":0,"157":0,"158":0,"159":0,"160":0,"161":0,"162":0,"163":0,"164":0,"165":0,"166":0,"167":0,"168":0,"169":0,"170":0,"171":0,"172":0,"173":0,"174":0,"175":0,"176":0,"177":0,"178":0,"179":0,"180":0,"181":0,"182":0,"183":0,"184":0,"185":0,"186":0,"187":0,"188":0,"189":0,"190":0,"191":0,"192":0,"193":0,"194":0,"195":0,"196":0,"197":0,"198":0,"199":0,"200":0,"201":0,"202":0,"203":0,"204":0,"205":0,"206":0,"207":0,"208":0,"209":0,"210":0,"211":0,"212":0,"213":0,"214":0,"215":0,"216":0,"217":0,"218":0,"219":0,"220":0,"221":0,"222":0,"223":0,"224":0,"225":0,"226":0,"227":0,"228":0,"229":0,"230":0,"231":0,"232":0,"233":0,"234":0,"235":0,"236":5},"f":{"0":0,"1":0,"2":0,"3":0,"4":0,"5":0,"6":0,"7":0,"8":0,"9":0,"10":0,"11":0,"12":0,"13":0,"14":0,"15":0,"16":0,"17":0,"18":0,"19":0,"20":0,"21":0,"22":0,"23":0,"24":0,"25":0,"26":0,"27":0,"28":0,"29":0,"30":0,"31":0,"32":0},"b":{"0":[0],"1":[0,0],"2":[0,0],"3":[0,0],"4":[0,0],"5":[0,0],"6":[0,0],"7":[0],"8":[0,0],"9":[0],"10":[0],"11":[0,0],"12":[0,0],"13":[0],"14":[0,0],"15":[0,0],"16":[0,0],"17":[0,0],"18":[0],"19":[0,0],"20":[0,0],"21":[0,0],"22":[0,0],"23":[0,0],"24":[0,0],"25":[0,0],"26":[0],"27":[0],"28":[0],"29":[0],"30":[0,0],"31":[0,0],"32":[0,0],"33":[0],"34":[0,0],"35":[0,0],"36":[0,0],"37":[0,0],"38":[0,0],"39":[0,0],"40":[0,0],"41":[0],"42":[0,0],"43":[0],"44":[0,0],"45":[0],"46":[0],"47":[0,0],"48":[0,0],"49":[0],"50":[0],"51":[0,0],"52":[0,0],"53":[0,0],"54":[0],"55":[0,0],"56":[0,0],"57":[0],"58":[0,0],"59":[0,0],"60":[0,0],"61":[0,0],"62":[0,0],"63":[0,0],"64":[0,0],"65":[0,0],"66":[0,0],"67":[0,0],"68":[0,0],"69":[0,0],"70":[0,0],"71":[0,0],"72":[0,0],"73":[0,0],"74":[0,0],"75":[0,0,0,0],"76":[0,0],"77":[0,0],"78":[0,0],"79":[0,0],"80":[0,0],"81":[0,0]}}
,"F:\\Jinma\\Documents\\REACT\\MODULOS\\unlimited-react-components\\mega-dropzone-ui\\src\\components\\dropzone\\components\\Dropzone\\DropzoneProps.ts": {"path":"F:\\Jinma\\Documents\\REACT\\MODULOS\\unlimited-react-components\\mega-dropzone-ui\\src\\components\\dropzone\\components\\Dropzone\\DropzoneProps.ts","statementMap":{"0":{"start":{"line":207,"column":13},"end":{"line":235,"column":2}}},"fnMap":{},"branchMap":{},"s":{"0":5},"f":{},"b":{}}
,"F:\\Jinma\\Documents\\REACT\\MODULOS\\unlimited-react-components\\mega-dropzone-ui\\src\\components\\dropzone\\components\\DropzoneFooter.tsx\\DropzoneFooter.tsx": {"path":"F:\\Jinma\\Documents\\REACT\\MODULOS\\unlimited-react-components\\mega-dropzone-ui\\src\\components\\dropzone\\components\\DropzoneFooter.tsx\\DropzoneFooter.tsx","statementMap":{"0":{"start":{"line":1,"column":0},"end":{"line":1,"column":34}},"1":{"start":{"line":2,"column":0},"end":{"line":2,"column":69}},"2":{"start":{"line":9,"column":48},"end":{"line":37,"column":1}},"3":{"start":{"line":12,"column":44},"end":{"line":12,"column":50}},"4":{"start":{"line":14,"column":47},"end":{"line":16,"column":25}},"5":{"start":{"line":18,"column":4},"end":{"line":18,"column":57}},"6":{"start":{"line":19,"column":2},"end":{"line":36,"column":4}},"7":{"start":{"line":38,"column":0},"end":{"line":38,"column":30}}},"fnMap":{"0":{"name":"(anonymous_1)","decl":{"start":{"line":9,"column":48},"end":{"line":9,"column":null}},"loc":{"start":{"line":10,"column":28},"end":{"line":37,"column":1}}}},"branchMap":{"0":{"loc":{"start":{"line":30,"column":7},"end":{"line":34,"column":38}},"type":"cond-expr","locations":[{"start":{"line":31,"column":10},"end":{"line":31,"column":17}},{"start":{"line":32,"column":10},"end":{"line":34,"column":38}}]},"1":{"loc":{"start":{"line":32,"column":10},"end":{"line":34,"column":38}},"type":"cond-expr","locations":[{"start":{"line":33,"column":10},"end":{"line":33,"column":43}},{"start":{"line":34,"column":10},"end":{"line":34,"column":38}}]}},"s":{"0":5,"1":5,"2":5,"3":0,"4":0,"5":0,"6":0,"7":5},"f":{"0":0},"b":{"0":[0,0],"1":[0,0]}}
,"F:\\Jinma\\Documents\\REACT\\MODULOS\\unlimited-react-components\\mega-dropzone-ui\\src\\components\\dropzone\\components\\DropzoneHeader\\DropzoneHeader.tsx": {"path":"F:\\Jinma\\Documents\\REACT\\MODULOS\\unlimited-react-components\\mega-dropzone-ui\\src\\components\\dropzone\\components\\DropzoneHeader\\DropzoneHeader.tsx","statementMap":{"0":{"start":{"line":1,"column":0},"end":{"line":1,"column":44}},"1":{"start":{"line":2,"column":0},"end":{"line":2,"column":69}},"2":{"start":{"line":9,"column":0},"end":{"line":9,"column":60}},"3":{"start":{"line":10,"column":0},"end":{"line":10,"column":null}},"4":{"start":{"line":17,"column":0},"end":{"line":17,"column":50}},"5":{"start":{"line":38,"column":48},"end":{"line":164,"column":1}},"6":{"start":{"line":54,"column":6},"end":{"line":54,"column":12}},"7":{"start":{"line":56,"column":47},"end":{"line":58,"column":25}},"8":{"start":{"line":60,"column":22},"end":{"line":62,"column":3}},"9":{"start":{"line":61,"column":4},"end":{"line":61,"column":16}},"10":{"start":{"line":63,"column":31},"end":{"line":65,"column":3}},"11":{"start":{"line":64,"column":4},"end":{"line":64,"column":22}},"12":{"start":{"line":66,"column":21},"end":{"line":149,"column":3}},"13":{"start":{"line":67,"column":36},"end":{"line":67,"column":38}},"14":{"start":{"line":68,"column":4},"end":{"line":83,"column":null}},"15":{"start":{"line":69,"column":6},"end":{"line":80,"column":null}},"16":{"start":{"line":70,"column":8},"end":{"line":70,"column":70}},"17":{"start":{"line":72,"column":8},"end":{"line":79,"column":10}},"18":{"start":{"line":82,"column":6},"end":{"line":82,"column":52}},"19":{"start":{"line":86,"column":6},"end":{"line":86,"column":61}},"20":{"start":{"line":87,"column":4},"end":{"line":96,"column":null}},"21":{"start":{"line":88,"column":6},"end":{"line":94,"column":8}},"22":{"start":{"line":95,"column":6},"end":{"line":95,"column":52}},"23":{"start":{"line":98,"column":6},"end":{"line":98,"column":64}},"24":{"start":{"line":100,"column":4},"end":{"line":108,"column":null}},"25":{"start":{"line":101,"column":6},"end":{"line":106,"column":8}},"26":{"start":{"line":107,"column":6},"end":{"line":107,"column":52}},"27":{"start":{"line":110,"column":4},"end":{"line":114,"column":null}},"28":{"start":{"line":111,"column":6},"end":{"line":113,"column":8}},"29":{"start":{"line":116,"column":4},"end":{"line":136,"column":null}},"30":{"start":{"line":117,"column":6},"end":{"line":135,"column":8}},"31":{"start":{"line":122,"column":16},"end":{"line":122,"column":39}},"32":{"start":{"line":129,"column":16},"end":{"line":129,"column":39}},"33":{"start":{"line":138,"column":4},"end":{"line":147,"column":null}},"34":{"start":{"line":139,"column":6},"end":{"line":146,"column":8}},"35":{"start":{"line":143,"column":25},"end":{"line":143,"column":null}},"36":{"start":{"line":148,"column":4},"end":{"line":148,"column":18}},"37":{"start":{"line":150,"column":2},"end":{"line":163,"column":4}},"38":{"start":{"line":154,"column":8},"end":{"line":154,"column":28}},"39":{"start":{"line":157,"column":47},"end":{"line":161,"column":8}},"40":{"start":{"line":165,"column":0},"end":{"line":165,"column":30}}},"fnMap":{"0":{"name":"(anonymous_7)","decl":{"start":{"line":38,"column":48},"end":{"line":38,"column":null}},"loc":{"start":{"line":39,"column":28},"end":{"line":164,"column":1}}},"1":{"name":"(anonymous_8)","decl":{"start":{"line":60,"column":22},"end":{"line":60,"column":null}},"loc":{"start":{"line":60,"column":22},"end":{"line":62,"column":3}}},"2":{"name":"(anonymous_9)","decl":{"start":{"line":63,"column":31},"end":{"line":63,"column":null}},"loc":{"start":{"line":63,"column":31},"end":{"line":65,"column":3}}},"3":{"name":"(anonymous_10)","decl":{"start":{"line":66,"column":21},"end":{"line":66,"column":null}},"loc":{"start":{"line":66,"column":21},"end":{"line":149,"column":3}}},"4":{"name":"(anonymous_11)","decl":{"start":{"line":121,"column":23},"end":{"line":121,"column":null}},"loc":{"start":{"line":121,"column":23},"end":{"line":123,"column":15}}},"5":{"name":"(anonymous_12)","decl":{"start":{"line":128,"column":23},"end":{"line":128,"column":null}},"loc":{"start":{"line":128,"column":23},"end":{"line":130,"column":15}}},"6":{"name":"(anonymous_13)","decl":{"start":{"line":143,"column":19},"end":{"line":143,"column":25}},"loc":{"start":{"line":143,"column":19},"end":{"line":143,"column":32}}},"7":{"name":"(anonymous_14)","decl":{"start":{"line":153,"column":15},"end":{"line":153,"column":16}},"loc":{"start":{"line":153,"column":17},"end":{"line":155,"column":7}}},"8":{"name":"(anonymous_15)","decl":{"start":{"line":157,"column":24},"end":{"line":157,"column":25}},"loc":{"start":{"line":157,"column":42},"end":{"line":157,"column":null}}}},"branchMap":{"0":{"loc":{"start":{"line":61,"column":4},"end":{"line":61,"column":15}},"type":"cond-expr","locations":[{"start":{"line":61,"column":11},"end":{"line":61,"column":15}},{"start":{"line":61,"column":4},"end":{"line":61,"column":15}}]},"1":{"loc":{"start":{"line":61,"column":4},"end":{"line":61,"column":15}},"type":"binary-expr","locations":[{"start":{"line":61,"column":4},"end":{"line":61,"column":15}},{"start":{"line":61,"column":4},"end":{"line":61,"column":15}}]},"2":{"loc":{"start":{"line":64,"column":4},"end":{"line":64,"column":21}},"type":"cond-expr","locations":[{"start":{"line":64,"column":17},"end":{"line":64,"column":21}},{"start":{"line":64,"column":4},"end":{"line":64,"column":21}}]},"3":{"loc":{"start":{"line":64,"column":4},"end":{"line":64,"column":21}},"type":"binary-expr","locations":[{"start":{"line":64,"column":4},"end":{"line":64,"column":21}},{"start":{"line":64,"column":4},"end":{"line":64,"column":21}}]},"4":{"loc":{"start":{"line":68,"column":4},"end":{"line":83,"column":null}},"type":"if","locations":[{"start":{"line":68,"column":4},"end":{"line":83,"column":null}}]},"5":{"loc":{"start":{"line":68,"column":8},"end":{"line":68,"column":57}},"type":"binary-expr","locations":[{"start":{"line":68,"column":8},"end":{"line":68,"column":21}},{"start":{"line":68,"column":25},"end":{"line":68,"column":35}},{"start":{"line":68,"column":39},"end":{"line":68,"column":57}}]},"6":{"loc":{"start":{"line":69,"column":6},"end":{"line":80,"column":null}},"type":"if","locations":[{"start":{"line":69,"column":6},"end":{"line":80,"column":null}},{"start":{"line":71,"column":13},"end":{"line":80,"column":null}}]},"7":{"loc":{"start":{"line":87,"column":4},"end":{"line":96,"column":null}},"type":"if","locations":[{"start":{"line":87,"column":4},"end":{"line":96,"column":null}}]},"8":{"loc":{"start":{"line":100,"column":4},"end":{"line":108,"column":null}},"type":"if","locations":[{"start":{"line":100,"column":4},"end":{"line":108,"column":null}}]},"9":{"loc":{"start":{"line":110,"column":4},"end":{"line":114,"column":null}},"type":"if","locations":[{"start":{"line":110,"column":4},"end":{"line":114,"column":null}}]},"10":{"loc":{"start":{"line":116,"column":4},"end":{"line":136,"column":null}},"type":"if","locations":[{"start":{"line":116,"column":4},"end":{"line":136,"column":null}}]},"11":{"loc":{"start":{"line":116,"column":8},"end":{"line":116,"column":37}},"type":"binary-expr","locations":[{"start":{"line":116,"column":8},"end":{"line":116,"column":20}},{"start":{"line":116,"column":24},"end":{"line":116,"column":37}}]},"12":{"loc":{"start":{"line":119,"column":11},"end":{"line":132,"column":null}},"type":"cond-expr","locations":[{"start":{"line":120,"column":12},"end":{"line":124,"column":null}},{"start":{"line":127,"column":12},"end":{"line":131,"column":null}}]},"13":{"loc":{"start":{"line":122,"column":16},"end":{"line":122,"column":38}},"type":"cond-expr","locations":[{"start":{"line":122,"column":28},"end":{"line":122,"column":31}},{"start":{"line":122,"column":16},"end":{"line":122,"column":38}}]},"14":{"loc":{"start":{"line":122,"column":16},"end":{"line":122,"column":31}},"type":"binary-expr","locations":[{"start":{"line":122,"column":16},"end":{"line":122,"column":31}},{"start":{"line":122,"column":16},"end":{"line":122,"column":31}}]},"15":{"loc":{"start":{"line":129,"column":16},"end":{"line":129,"column":38}},"type":"cond-expr","locations":[{"start":{"line":129,"column":28},"end":{"line":129,"column":31}},{"start":{"line":129,"column":16},"end":{"line":129,"column":38}}]},"16":{"loc":{"start":{"line":129,"column":16},"end":{"line":129,"column":31}},"type":"binary-expr","locations":[{"start":{"line":129,"column":16},"end":{"line":129,"column":31}},{"start":{"line":129,"column":16},"end":{"line":129,"column":31}}]},"17":{"loc":{"start":{"line":138,"column":4},"end":{"line":147,"column":null}},"type":"if","locations":[{"start":{"line":138,"column":4},"end":{"line":147,"column":null}}]},"18":{"loc":{"start":{"line":143,"column":25},"end":{"line":143,"column":36}},"type":"cond-expr","locations":[{"start":{"line":143,"column":32},"end":{"line":143,"column":36}},{"start":{"line":143,"column":25},"end":{"line":143,"column":36}}]},"19":{"loc":{"start":{"line":143,"column":25},"end":{"line":143,"column":36}},"type":"binary-expr","locations":[{"start":{"line":143,"column":25},"end":{"line":143,"column":36}},{"start":{"line":143,"column":25},"end":{"line":143,"column":36}}]}},"s":{"0":5,"1":5,"2":5,"3":5,"4":5,"5":5,"6":0,"7":0,"8":0,"9":0,"10":0,"11":0,"12":0,"13":0,"14":0,"15":0,"16":0,"17":0,"18":0,"19":0,"20":0,"21":0,"22":0,"23":0,"24":0,"25":0,"26":0,"27":0,"28":0,"29":0,"30":0,"31":0,"32":0,"33":0,"34":0,"35":0,"36":0,"37":0,"38":0,"39":0,"40":5},"f":{"0":0,"1":0,"2":0,"3":0,"4":0,"5":0,"6":0,"7":0,"8":0},"b":{"0":[0,0],"1":[0,0],"2":[0,0],"3":[0,0],"4":[0],"5":[0,0,0],"6":[0,0],"7":[0],"8":[0],"9":[0],"10":[0],"11":[0,0],"12":[0,0],"13":[0,0],"14":[0,0],"15":[0,0],"16":[0,0],"17":[0],"18":[0,0],"19":[0,0]}}
,"F:\\Jinma\\Documents\\REACT\\MODULOS\\unlimited-react-components\\mega-dropzone-ui\\src\\components\\dropzone\\components\\DropzoneLabel\\DropzoneLabel.tsx": {"path":"F:\\Jinma\\Documents\\REACT\\MODULOS\\unlimited-react-components\\mega-dropzone-ui\\src\\components\\dropzone\\components\\DropzoneLabel\\DropzoneLabel.tsx","statementMap":{"0":{"start":{"line":1,"column":0},"end":{"line":1,"column":34}},"1":{"start":{"line":6,"column":46},"end":{"line":9,"column":1}},"2":{"start":{"line":7,"column":23},"end":{"line":7,"column":29}},"3":{"start":{"line":8,"column":2},"end":{"line":8,"column":55}},"4":{"start":{"line":10,"column":0},"end":{"line":10,"column":29}}},"fnMap":{"0":{"name":"(anonymous_1)","decl":{"start":{"line":6,"column":46},"end":{"line":6,"column":47}},"loc":{"start":{"line":6,"column":72},"end":{"line":9,"column":1}}}},"branchMap":{},"s":{"0":5,"1":5,"2":5,"3":5,"4":5},"f":{"0":5},"b":{}}
,"F:\\Jinma\\Documents\\REACT\\MODULOS\\unlimited-react-components\\mega-dropzone-ui\\src\\components\\dropzone\\components\\hooks\\useDropzoneStyles.ts": {"path":"F:\\Jinma\\Documents\\REACT\\MODULOS\\unlimited-react-components\\mega-dropzone-ui\\src\\components\\dropzone\\components\\hooks\\useDropzoneStyles.ts","statementMap":{"0":{"start":{"line":1,"column":0},"end":{"line":1,"column":63}},"1":{"start":{"line":2,"column":0},"end":{"line":2,"column":96}},"2":{"start":{"line":3,"column":0},"end":{"line":3,"column":44}},"3":{"start":{"line":14,"column":26},"end":{"line":94,"column":1}},"4":{"start":{"line":20,"column":36},"end":{"line":20,"column":56}},"5":{"start":{"line":20,"column":19},"end":{"line":20,"column":21}},"6":{"start":{"line":20,"column":32},"end":{"line":20,"column":36}},"7":{"start":{"line":21,"column":46},"end":{"line":21,"column":70}},"8":{"start":{"line":21,"column":24},"end":{"line":21,"column":26}},"9":{"start":{"line":21,"column":42},"end":{"line":21,"column":46}},"10":{"start":{"line":22,"column":52},"end":{"line":22,"column":72}},"11":{"start":{"line":22,"column":27},"end":{"line":22,"column":29}},"12":{"start":{"line":22,"column":48},"end":{"line":22,"column":52}},"13":{"start":{"line":24,"column":4},"end":{"line":91,"column":54}},"14":{"start":{"line":32,"column":33},"end":{"line":83,"column":9}},"15":{"start":{"line":37,"column":43},"end":{"line":67,"column":14}},"16":{"start":{"line":68,"column":34},"end":{"line":68,"column":36}},"17":{"start":{"line":69,"column":12},"end":{"line":80,"column":null}},"18":{"start":{"line":70,"column":16},"end":{"line":70,"column":65}},"19":{"start":{"line":72,"column":16},"end":{"line":72,"column":58}},"20":{"start":{"line":73,"column":16},"end":{"line":73,"column":37}},"21":{"start":{"line":74,"column":16},"end":{"line":76,"column":null}},"22":{"start":{"line":75,"column":20},"end":{"line":75,"column":43}},"23":{"start":{"line":79,"column":16},"end":{"line":79,"column":80}},"24":{"start":{"line":86,"column":8},"end":{"line":86,"column":69}},"25":{"start":{"line":93,"column":4},"end":{"line":93,"column":28}},"26":{"start":{"line":95,"column":0},"end":{"line":95,"column":33}}},"fnMap":{"0":{"name":"(anonymous_0)","decl":{"start":{"line":14,"column":26},"end":{"line":14,"column":null}},"loc":{"start":{"line":18,"column":33},"end":{"line":94,"column":1}}},"1":{"name":"(anonymous_1)","decl":{"start":{"line":24,"column":14},"end":{"line":24,"column":null}},"loc":{"start":{"line":24,"column":14},"end":{"line":91,"column":5}}},"2":{"name":"(anonymous_2)","decl":{"start":{"line":32,"column":33},"end":{"line":32,"column":null}},"loc":{"start":{"line":35,"column":41},"end":{"line":83,"column":9}}}},"branchMap":{"0":{"loc":{"start":{"line":69,"column":12},"end":{"line":80,"column":null}},"type":"if","locations":[{"start":{"line":69,"column":12},"end":{"line":80,"column":null}},{"start":{"line":77,"column":19},"end":{"line":80,"column":null}}]},"1":{"loc":{"start":{"line":74,"column":16},"end":{"line":76,"column":null}},"type":"if","locations":[{"start":{"line":74,"column":16},"end":{"line":76,"column":null}}]},"2":{"loc":{"start":{"line":79,"column":51},"end":{"line":79,"column":78}},"type":"binary-expr","locations":[{"start":{"line":79,"column":51},"end":{"line":79,"column":72}},{"start":{"line":79,"column":76},"end":{"line":79,"column":78}}]}},"s":{"0":5,"1":5,"2":5,"3":5,"4":0,"5":0,"6":0,"7":0,"8":0,"9":0,"10":0,"11":0,"12":0,"13":0,"14":0,"15":0,"16":0,"17":0,"18":0,"19":0,"20":0,"21":0,"22":0,"23":0,"24":0,"25":0,"26":5},"f":{"0":0,"1":0,"2":0},"b":{"0":[0,0],"1":[0],"2":[0,0]}}
,"F:\\Jinma\\Documents\\REACT\\MODULOS\\unlimited-react-components\\mega-dropzone-ui\\src\\components\\dropzone\\components\\utils\\dropzone-ui.upload.utils.ts": {"path":"F:\\Jinma\\Documents\\REACT\\MODULOS\\unlimited-react-components\\mega-dropzone-ui\\src\\components\\dropzone\\components\\utils\\dropzone-ui.upload.utils.ts","statementMap":{"0":{"start":{"line":1,"column":0},"end":{"line":1,"column":26}},"1":{"start":{"line":3,"column":0},"end":{"line":3,"column":65}},"2":{"start":{"line":5,"column":34},"end":{"line":105,"column":2}},"3":{"start":{"line":9,"column":15},"end":{"line":105,"column":2}},"4":{"start":{"line":11,"column":4},"end":{"line":104,"column":7}},"5":{"start":{"line":11,"column":45},"end":{"line":104,"column":6}},"6":{"start":{"line":14,"column":18},"end":{"line":14,"column":74}},"7":{"start":{"line":15,"column":18},"end":{"line":15,"column":49}},"8":{"start":{"line":16,"column":18},"end":{"line":16,"column":44}},"9":{"start":{"line":17,"column":12},"end":{"line":17,"column":50}},"10":{"start":{"line":18,"column":18},"end":{"line":24,"column":18}},"11":{"start":{"line":25,"column":16},"end":{"line":25,"column":25}},"12":{"start":{"line":26,"column":20},"end":{"line":26,"column":null}},"13":{"start":{"line":27,"column":21},"end":{"line":27,"column":27}},"14":{"start":{"line":28,"column":21},"end":{"line":28,"column":28}},"15":{"start":{"line":29,"column":21},"end":{"line":29,"column":26}},"16":{"start":{"line":27,"column":40},"end":{"line":27,"column":86}},"17":{"start":{"line":27,"column":29},"end":{"line":27,"column":86}},"18":{"start":{"line":27,"column":87},"end":{"line":27,"column":93}},"19":{"start":{"line":28,"column":41},"end":{"line":28,"column":88}},"20":{"start":{"line":28,"column":30},"end":{"line":28,"column":88}},"21":{"start":{"line":28,"column":89},"end":{"line":28,"column":95}},"22":{"start":{"line":29,"column":39},"end":{"line":29,"column":84}},"23":{"start":{"line":29,"column":28},"end":{"line":29,"column":84}},"24":{"start":{"line":29,"column":85},"end":{"line":29,"column":91}},"25":{"start":{"line":31,"column":31},"end":{"line":31,"column":77}},"26":{"start":{"line":31,"column":20},"end":{"line":31,"column":77}},"27":{"start":{"line":34,"column":12},"end":{"line":50,"column":null}},"28":{"start":{"line":36,"column":16},"end":{"line":49,"column":18}},"29":{"start":{"line":51,"column":18},"end":{"line":51,"column":88}},"30":{"start":{"line":53,"column":12},"end":{"line":86,"column":null}},"31":{"start":{"line":55,"column":16},"end":{"line":69,"column":18}},"32":{"start":{"line":72,"column":16},"end":{"line":85,"column":18}},"33":{"start":{"line":89,"column":12},"end":{"line":102,"column":14}},"34":{"start":{"line":5,"column":13},"end":{"line":5,"column":34}}},"fnMap":{"0":{"name":"(anonymous_16)","decl":{"start":{"line":5,"column":34},"end":{"line":5,"column":null}},"loc":{"start":{"line":9,"column":15},"end":{"line":105,"column":2}}},"1":{"name":"(anonymous_17)","decl":{"start":{"line":9,"column":15},"end":{"line":9,"column":null}},"loc":{"start":{"line":9,"column":15},"end":{"line":105,"column":2}}},"2":{"name":"(anonymous_19)","decl":{"start":{"line":11,"column":23},"end":{"line":11,"column":30}},"loc":{"start":{"line":11,"column":45},"end":{"line":104,"column":6}}},"3":{"name":"(anonymous_20)","decl":{"start":{"line":11,"column":45},"end":{"line":11,"column":null}},"loc":{"start":{"line":11,"column":45},"end":{"line":104,"column":6}}}},"branchMap":{"0":{"loc":{"start":{"line":27,"column":40},"end":{"line":27,"column":86}},"type":"switch","locations":[{"start":{"line":27,"column":40},"end":{"line":27,"column":86}},{"start":{"line":28,"column":41},"end":{"line":28,"column":88}},{"start":{"line":29,"column":39},"end":{"line":29,"column":84}},{"start":{"line":31,"column":31},"end":{"line":31,"column":77}}]},"1":{"loc":{"start":{"line":14,"column":57},"end":{"line":14,"column":73}},"type":"binary-expr","locations":[{"start":{"line":14,"column":57},"end":{"line":14,"column":63}},{"start":{"line":14,"column":67},"end":{"line":14,"column":73}}]},"2":{"loc":{"start":{"line":19,"column":16},"end":{"line":24,"column":18}},"type":"binary-expr","locations":[{"start":{"line":19,"column":16},"end":{"line":19,"column":22}},{"start":{"line":20,"column":16},"end":{"line":24,"column":18}}]},"3":{"loc":{"start":{"line":27,"column":21},"end":{"line":27,"column":27}},"type":"switch","locations":[{"start":{"line":27,"column":21},"end":{"line":27,"column":27}},{"start":{"line":28,"column":21},"end":{"line":28,"column":28}},{"start":{"line":29,"column":21},"end":{"line":29,"column":26}}]},"4":{"loc":{"start":{"line":34,"column":12},"end":{"line":50,"column":null}},"type":"if","locations":[{"start":{"line":34,"column":12},"end":{"line":50,"column":null}}]},"5":{"loc":{"start":{"line":34,"column":16},"end":{"line":34,"column":43}},"type":"binary-expr","locations":[{"start":{"line":34,"column":16},"end":{"line":34,"column":25}},{"start":{"line":34,"column":29},"end":{"line":34,"column":43}}]},"6":{"loc":{"start":{"line":53,"column":12},"end":{"line":86,"column":null}},"type":"if","locations":[{"start":{"line":53,"column":12},"end":{"line":86,"column":null}},{"start":{"line":70,"column":19},"end":{"line":86,"column":null}}]}},"s":{"0":5,"1":5,"2":5,"3":0,"4":0,"5":0,"6":0,"7":0,"8":0,"9":0,"10":0,"11":0,"12":0,"13":0,"14":0,"15":0,"16":0,"17":0,"18":0,"19":0,"20":0,"21":0,"22":0,"23":0,"24":0,"25":0,"26":0,"27":0,"28":0,"29":0,"30":0,"31":0,"32":0,"33":0,"34":5},"f":{"0":0,"1":0,"2":0,"3":0},"b":{"0":[0,0,0,0],"1":[0,0],"2":[0,0],"3":[0,0,0],"4":[0],"5":[0,0],"6":[0,0]}}
[...]
art":{"line":357,"column":73},"end":{"line":357,"column":94}},"type":"cond-expr","locations":[{"start":{"line":357,"column":80},"end":{"line":357,"column":84}},{"start":{"line":357,"column":87},"end":{"line":357,"column":94}}]},"42":{"loc":{"start":{"line":365,"column":73},"end":{"line":365,"column":94}},"type":"cond-expr","locations":[{"start":{"line":365,"column":80},"end":{"line":365,"column":84}},{"start":{"line":365,"column":87},"end":{"line":365,"column":94}}]},"43":{"loc":{"start":{"line":373,"column":73},"end":{"line":373,"column":94}},"type":"cond-expr","locations":[{"start":{"line":373,"column":80},"end":{"line":373,"column":84}},{"start":{"line":373,"column":87},"end":{"line":373,"column":94}}]},"44":{"loc":{"start":{"line":381,"column":74},"end":{"line":381,"column":95}},"type":"cond-expr","locations":[{"start":{"line":381,"column":81},"end":{"line":381,"column":85}},{"start":{"line":381,"column":88},"end":{"line":381,"column":95}}]},"45":{"loc":{"start":{"line":389,"column":73},"end":{"line":389,"column":94}},"type":"cond-expr","locations":[{"start":{"line":389,"column":80},"end":{"line":389,"column":84}},{"start":{"line":389,"column":87},"end":{"line":389,"column":94}}]},"46":{"loc":{"start":{"line":397,"column":73},"end":{"line":397,"column":94}},"type":"cond-expr","locations":[{"start":{"line":397,"column":80},"end":{"line":397,"column":84}},{"start":{"line":397,"column":87},"end":{"line":397,"column":94}}]},"47":{"loc":{"start":{"line":405,"column":73},"end":{"line":405,"column":94}},"type":"cond-expr","locations":[{"start":{"line":405,"column":80},"end":{"line":405,"column":84}},{"start":{"line":405,"column":87},"end":{"line":405,"column":94}}]},"48":{"loc":{"start":{"line":413,"column":73},"end":{"line":413,"column":94}},"type":"cond-expr","locations":[{"start":{"line":413,"column":80},"end":{"line":413,"column":84}},{"start":{"line":413,"column":87},"end":{"line":413,"column":94}}]},"49":{"loc":{"start":{"line":421,"column":73},"end":{"line":421,"column":94}},"type":"cond-expr","locations":[{"start":{"line":421,"column":80},"end":{"line":421,"column":84}},{"start":{"line":421,"column":87},"end":{"line":421,"column":94}}]},"50":{"loc":{"start":{"line":429,"column":74},"end":{"line":429,"column":95}},"type":"cond-expr","locations":[{"start":{"line":429,"column":81},"end":{"line":429,"column":85}},{"start":{"line":429,"column":88},"end":{"line":429,"column":95}}]},"51":{"loc":{"start":{"line":437,"column":73},"end":{"line":437,"column":94}},"type":"cond-expr","locations":[{"start":{"line":437,"column":80},"end":{"line":437,"column":84}},{"start":{"line":437,"column":87},"end":{"line":437,"column":94}}]},"52":{"loc":{"start":{"line":445,"column":73},"end":{"line":445,"column":94}},"type":"cond-expr","locations":[{"start":{"line":445,"column":80},"end":{"line":445,"column":84}},{"start":{"line":445,"column":87},"end":{"line":445,"column":94}}]},"53":{"loc":{"start":{"line":453,"column":72},"end":{"line":453,"column":93}},"type":"cond-expr","locations":[{"start":{"line":453,"column":79},"end":{"line":453,"column":83}},{"start":{"line":453,"column":86},"end":{"line":453,"column":93}}]},"54":{"loc":{"start":{"line":461,"column":73},"end":{"line":461,"column":94}},"type":"cond-expr","locations":[{"start":{"line":461,"column":80},"end":{"line":461,"column":84}},{"start":{"line":461,"column":87},"end":{"line":461,"column":94}}]},"55":{"loc":{"start":{"line":469,"column":73},"end":{"line":469,"column":94}},"type":"cond-expr","locations":[{"start":{"line":469,"column":80},"end":{"line":469,"column":84}},{"start":{"line":469,"column":87},"end":{"line":469,"column":94}}]},"56":{"loc":{"start":{"line":477,"column":73},"end":{"line":477,"column":94}},"type":"cond-expr","locations":[{"start":{"line":477,"column":80},"end":{"line":477,"column":84}},{"start":{"line":477,"column":87},"end":{"line":477,"column":94}}]},"57":{"loc":{"start":{"line":485,"column":73},"end":{"line":485,"column":94}},"type":"cond-expr","locations":[{"start":{"line":485,"column":80},"end":{"line":485,"column":84}},{"start":{"line":485,"column":87},"end":{"line":485,"column":94}}]},"58":{"loc":{"start":{"line":493,"column":74},"end":{"line":493,"column":95}},"type":"cond-expr","locations":[{"start":{"line":493,"column":81},"end":{"line":493,"column":85}},{"start":{"line":493,"column":88},"end":{"line":493,"column":95}}]},"59":{"loc":{"start":{"line":501,"column":78},"end":{"line":501,"column":99}},"type":"cond-expr","locations":[{"start":{"line":501,"column":85},"end":{"line":501,"column":89}},{"start":{"line":501,"column":92},"end":{"line":501,"column":99}}]},"60":{"loc":{"start":{"line":509,"column":73},"end":{"line":509,"column":94}},"type":"cond-expr","locations":[{"start":{"line":509,"column":80},"end":{"line":509,"column":84}},{"start":{"line":509,"column":87},"end":{"line":509,"column":94}}]},"61":{"loc":{"start":{"line":517,"column":73},"end":{"line":517,"column":94}},"type":"cond-expr","locations":[{"start":{"line":517,"column":80},"end":{"line":517,"column":84}},{"start":{"line":517,"column":87},"end":{"line":517,"column":94}}]},"62":{"loc":{"start":{"line":525,"column":78},"end":{"line":525,"column":99}},"type":"cond-expr","locations":[{"start":{"line":525,"column":85},"end":{"line":525,"column":89}},{"start":{"line":525,"column":92},"end":{"line":525,"column":99}}]},"63":{"loc":{"start":{"line":533,"column":77},"end":{"line":533,"column":98}},"type":"cond-expr","locations":[{"start":{"line":533,"column":84},"end":{"line":533,"column":88}},{"start":{"line":533,"column":91},"end":{"line":533,"column":98}}]},"64":{"loc":{"start":{"line":541,"column":78},"end":{"line":541,"column":99}},"type":"cond-expr","locations":[{"start":{"line":541,"column":85},"end":{"line":541,"column":89}},{"start":{"line":541,"column":92},"end":{"line":541,"column":99}}]},"65":{"loc":{"start":{"line":549,"column":79},"end":{"line":549,"column":100}},"type":"cond-expr","locations":[{"start":{"line":549,"column":86},"end":{"line":549,"column":90}},{"start":{"line":549,"column":93},"end":{"line":549,"column":100}}]},"66":{"loc":{"start":{"line":557,"column":79},"end":{"line":557,"column":100}},"type":"cond-expr","locations":[{"start":{"line":557,"column":86},"end":{"line":557,"column":90}},{"start":{"line":557,"column":93},"end":{"line":557,"column":100}}]},"67":{"loc":{"start":{"line":565,"column":79},"end":{"line":565,"column":100}},"type":"cond-expr","locations":[{"start":{"line":565,"column":86},"end":{"line":565,"column":90}},{"start":{"line":565,"column":93},"end":{"line":565,"column":100}}]},"68":{"loc":{"start":{"line":573,"column":74},"end":{"line":573,"column":95}},"type":"cond-expr","locations":[{"start":{"line":573,"column":81},"end":{"line":573,"column":85}},{"start":{"line":573,"column":88},"end":{"line":573,"column":95}}]},"69":{"loc":{"start":{"line":581,"column":75},"end":{"line":581,"column":96}},"type":"cond-expr","locations":[{"start":{"line":581,"column":82},"end":{"line":581,"column":86}},{"start":{"line":581,"column":89},"end":{"line":581,"column":96}}]},"70":{"loc":{"start":{"line":589,"column":75},"end":{"line":589,"column":96}},"type":"cond-expr","locations":[{"start":{"line":589,"column":82},"end":{"line":589,"column":86}},{"start":{"line":589,"column":89},"end":{"line":589,"column":96}}]},"71":{"loc":{"start":{"line":597,"column":73},"end":{"line":597,"column":94}},"type":"cond-expr","locations":[{"start":{"line":597,"column":80},"end":{"line":597,"column":84}},{"start":{"line":597,"column":87},"end":{"line":597,"column":94}}]},"72":{"loc":{"start":{"line":605,"column":74},"end":{"line":605,"column":95}},"type":"cond-expr","locations":[{"start":{"line":605,"column":81},"end":{"line":605,"column":85}},{"start":{"line":605,"column":88},"end":{"line":605,"column":95}}]},"73":{"loc":{"start":{"line":613,"column":72},"end":{"line":613,"column":93}},"type":"cond-expr","locations":[{"start":{"line":613,"column":79},"end":{"line":613,"column":83}},{"start":{"line":613,"column":86},"end":{"line":613,"column":93}}]},"74":{"loc":{"start":{"line":621,"column":83},"end":{"line":621,"column":104}},"type":"cond-expr","locations":[{"start":{"line":621,"column":90},"end":{"line":621,"column":94}},{"start":{"line":621,"column":97},"end":{"line":621,"column":104}}]},"75":{"loc":{"start":{"line":629,"column":73},"end":{"line":629,"column":94}},"type":"cond-expr","locations":[{"start":{"line":629,"column":80},"end":{"line":629,"column":84}},{"start":{"line":629,"column":87},"end":{"line":629,"column":94}}]},"76":{"loc":{"start":{"line":637,"column":72},"end":{"line":637,"column":93}},"type":"cond-expr","locations":[{"start":{"line":637,"column":79},"end":{"line":637,"column":83}},{"start":{"line":637,"column":86},"end":{"line":637,"column":93}}]},"77":{"loc":{"start":{"line":645,"column":78},"end":{"line":645,"column":99}},"type":"cond-expr","locations":[{"start":{"line":645,"column":85},"end":{"line":645,"column":89}},{"start":{"line":645,"column":92},"end":{"line":645,"column":99}}]},"78":{"loc":{"start":{"line":653,"column":79},"end":{"line":653,"column":100}},"type":"cond-expr","locations":[{"start":{"line":653,"column":86},"end":{"line":653,"column":90}},{"start":{"line":653,"column":93},"end":{"line":653,"column":100}}]},"79":{"loc":{"start":{"line":661,"column":78},"end":{"line":661,"column":99}},"type":"cond-expr","locations":[{"start":{"line":661,"column":85},"end":{"line":661,"column":89}},{"start":{"line":661,"column":92},"end":{"line":661,"column":99}}]},"80":{"loc":{"start":{"line":669,"column":79},"end":{"line":669,"column":100}},"type":"cond-expr","locations":[{"start":{"line":669,"column":86},"end":{"line":669,"column":90}},{"start":{"line":669,"column":93},"end":{"line":669,"column":100}}]},"81":{"loc":{"start":{"line":677,"column":77},"end":{"line":677,"column":98}},"type":"cond-expr","locations":[{"start":{"line":677,"column":84},"end":{"line":677,"column":88}},{"start":{"line":677,"column":91},"end":{"line":677,"column":98}}]},"82":{"loc":{"start":{"line":685,"column":74},"end":{"line":685,"column":95}},"type":"cond-expr","locations":[{"start":{"line":685,"column":81},"end":{"line":685,"column":85}},{"start":{"line":685,"column":88},"end":{"line":685,"column":95}}]},"83":{"loc":{"start":{"line":693,"column":74},"end":{"line":693,"column":95}},"type":"cond-expr","locations":[{"start":{"line":693,"column":81},"end":{"line":693,"column":85}},{"start":{"line":693,"column":88},"end":{"line":693,"column":95}}]},"84":{"loc":{"start":{"line":701,"column":78},"end":{"line":701,"column":99}},"type":"cond-expr","locations":[{"start":{"line":701,"column":85},"end":{"line":701,"column":89}},{"start":{"line":701,"column":92},"end":{"line":701,"column":99}}]},"85":{"loc":{"start":{"line":709,"column":72},"end":{"line":709,"column":93}},"type":"cond-expr","locations":[{"start":{"line":709,"column":79},"end":{"line":709,"column":83}},{"start":{"line":709,"column":86},"end":{"line":709,"column":93}}]}},"s":{"0":5,"1":5,"2":0,"3":0,"4":0,"5":0,"6":5,"7":0,"8":5,"9":0,"10":5,"11":0,"12":5,"13":0,"14":5,"15":0,"16":5,"17":0,"18":5,"19":0,"20":5,"21":0,"22":5,"23":0,"24":5,"25":0,"26":5,"27":0,"28":5,"29":0,"30":5,"31":0,"32":5,"33":0,"34":5,"35":0,"36":5,"37":0,"38":5,"39":0,"40":5,"41":0,"42":5,"43":0,"44":5,"45":0,"46":5,"47":0,"48":5,"49":0,"50":5,"51":0,"52":5,"53":0,"54":5,"55":0,"56":5,"57":0,"58":5,"59":0,"60":5,"61":0,"62":5,"63":0,"64":5,"65":0,"66":5,"67":0,"68":5,"69":0,"70":5,"71":0,"72":5,"73":0,"74":5,"75":0,"76":5,"77":0,"78":5,"79":0,"80":5,"81":0,"82":5,"83":0,"84":5,"85":0,"86":5,"87":0,"88":5,"89":0,"90":5,"91":0,"92":5,"93":0,"94":5,"95":0,"96":5,"97":0,"98":5,"99":0,"100":5,"101":0,"102":5,"103":0,"104":5,"105":0,"106":5,"107":0,"108":5,"109":0,"110":5,"111":0,"112":5,"113":0,"114":5,"115":0,"116":5,"117":0,"118":5,"119":0,"120":5,"121":0,"122":5,"123":0,"124":5,"125":0,"126":5,"127":0,"128":5,"129":0,"130":5,"131":0,"132":5,"133":0,"134":5,"135":0,"136":5,"137":0,"138":5,"139":0,"140":5,"141":0,"142":5,"143":0,"144":5,"145":0,"146":5,"147":0,"148":5,"149":0,"150":5,"151":0,"152":5,"153":0,"154":5,"155":0,"156":5,"157":0,"158":5,"159":0,"160":5,"161":0,"162":5,"163":0,"164":5,"165":0,"166":5,"167":0,"168":5,"169":0,"170":5,"171":0,"172":5,"173":0,"174":5,"175":0,"176":5,"177":0,"178":5,"179":0,"180":0,"181":0,"182":0,"183":0,"184":0,"185":0,"186":0,"187":0,"188":0,"189":0,"190":0,"191":0,"192":0,"193":0,"194":0,"195":0,"196":0,"197":0,"198":0,"199":0,"200":0,"201":0,"202":0,"203":0,"204":0,"205":0,"206":0,"207":0,"208":0,"209":0,"210":0,"211":0,"212":0,"213":0,"214":0,"215":0,"216":0,"217":0,"218":0,"219":0,"220":0,"221":0,"222":0,"223":0,"224":0,"225":0,"226":0,"227":0,"228":0,"229":0,"230":0,"231":0,"232":0,"233":0,"234":0,"235":0,"236":0,"237":0,"238":0,"239":0,"240":0,"241":0,"242":0,"243":0,"244":0,"245":0,"246":0,"247":0,"248":0,"249":0,"250":0,"251":0,"252":0,"253":0,"254":0,"255":0,"256":0,"257":0,"258":0,"259":0,"260":0,"261":0,"262":5,"263":5},"f":{"0":5,"1":0,"2":0,"3":0,"4":0,"5":0,"6":0,"7":0,"8":0,"9":0,"10":0,"11":0,"12":0,"13":0,"14":0,"15":0,"16":0,"17":0,"18":0,"19":0,"20":0,"21":0,"22":0,"23":0,"24":0,"25":0,"26":0,"27":0,"28":0,"29":0,"30":0,"31":0,"32":0,"33":0,"34":0,"35":0,"36":0,"37":0,"38":0,"39":0,"40":0,"41":0,"42":0,"43":0,"44":0,"45":0,"46":0,"47":0,"48":0,"49":0,"50":0,"51":0,"52":0,"53":0,"54":0,"55":0,"56":0,"57":0,"58":0,"59":0,"60":0,"61":0,"62":0,"63":0,"64":0,"65":0,"66":0,"67":0,"68":0,"69":0,"70":0,"71":0,"72":0,"73":0,"74":0,"75":0,"76":0,"77":0,"78":0,"79":0,"80":0,"81":0,"82":0,"83":0,"84":0,"85":0,"86":0,"87":0,"88":0,"89":0},"b":{"0":[0,0],"1":[0,0],"2":[0,0],"3":[0,0],"4":[0,0],"5":[0,0],"6":[0,0],"7":[0,0],"8":[0,0],"9":[0,0],"10":[0,0],"11":[0,0],"12":[0,0],"13":[0,0],"14":[0,0],"15":[0,0],"16":[0,0],"17":[0,0],"18":[0,0],"19":[0,0],"20":[0,0],"21":[0,0],"22":[0,0],"23":[0,0],"24":[0,0],"25":[0,0],"26":[0,0],"27":[0,0],"28":[0,0],"29":[0,0],"30":[0,0],"31":[0,0],"32":[0,0],"33":[0,0],"34":[0,0],"35":[0,0],"36":[0,0],"37":[0,0],"38":[0,0],"39":[0,0],"40":[0,0],"41":[0,0],"42":[0,0],"43":[0,0],"44":[0,0],"45":[0,0],"46":[0,0],"47":[0,0],"48":[0,0],"49":[0,0],"50":[0,0],"51":[0,0],"52":[0,0],"53":[0,0],"54":[0,0],"55":[0,0],"56":[0,0],"57":[0,0],"58":[0,0],"59":[0,0],"60":[0,0],"61":[0,0],"62":[0,0],"63":[0,0],"64":[0,0],"65":[0,0],"66":[0,0],"67":[0,0],"68":[0,0],"69":[0,0],"70":[0,0],"71":[0,0],"72":[0,0],"73":[0,0],"74":[0,0],"75":[0,0],"76":[0,0],"77":[0,0],"78":[0,0],"79":[0,0],"80":[0,0],"81":[0,0],"82":[0,0],"83":[0,0],"84":[0,0],"85":[0,0]}}
,"F:\\Jinma\\Documents\\REACT\\MODULOS\\unlimited-react-components\\mega-dropzone-ui\\src\\utils\\files.utils.ts": {"path":"F:\\Jinma\\Documents\\REACT\\MODULOS\\unlimited-react-components\\mega-dropzone-ui\\src\\utils\\files.utils.ts","statementMap":{"0":{"start":{"line":1,"column":0},"end":{"line":1,"column":48}},"1":{"start":{"line":10,"column":25},"end":{"line":16,"column":1}},"2":{"start":{"line":11,"column":4},"end":{"line":11,"column":null}},"3":{"start":{"line":12,"column":4},"end":{"line":12,"column":null}},"4":{"start":{"line":13,"column":4},"end":{"line":13,"column":null}},"5":{"start":{"line":15,"column":4},"end":{"line":15,"column":54}},"6":{"start":{"line":10,"column":13},"end":{"line":10,"column":25}},"7":{"start":{"line":25,"column":26},"end":{"line":31,"column":1}},"8":{"start":{"line":26,"column":4},"end":{"line":26,"column":null}},"9":{"start":{"line":27,"column":4},"end":{"line":27,"column":null}},"10":{"start":{"line":28,"column":4},"end":{"line":28,"column":null}},"11":{"start":{"line":30,"column":4},"end":{"line":30,"column":54}},"12":{"start":{"line":25,"column":13},"end":{"line":25,"column":26}},"13":{"start":{"line":38,"column":41},"end":{"line":40,"column":1}},"14":{"start":{"line":39,"column":4},"end":{"line":39,"column":58}},"15":{"start":{"line":38,"column":13},"end":{"line":38,"column":41}},"16":{"start":{"line":49,"column":35},"end":{"line":55,"column":1}},"17":{"start":{"line":50,"column":4},"end":{"line":50,"column":null}},"18":{"start":{"line":51,"column":4},"end":{"line":51,"column":null}},"19":{"start":{"line":52,"column":4},"end":{"line":52,"column":null}},"20":{"start":{"line":54,"column":4},"end":{"line":54,"column":54}},"21":{"start":{"line":49,"column":13},"end":{"line":49,"column":35}}},"fnMap":{"0":{"name":"(anonymous_0)","decl":{"start":{"line":10,"column":25},"end":{"line":10,"column":null}},"loc":{"start":{"line":13,"column":28},"end":{"line":16,"column":1}}},"1":{"name":"(anonymous_1)","decl":{"start":{"line":25,"column":26},"end":{"line":25,"column":null}},"loc":{"start":{"line":28,"column":84},"end":{"line":31,"column":1}}},"2":{"name":"(anonymous_2)","decl":{"start":{"line":38,"column":41},"end":{"line":38,"column":42}},"loc":{"start":{"line":38,"column":55},"end":{"line":40,"column":1}}},"3":{"name":"(anonymous_3)","decl":{"start":{"line":49,"column":35},"end":{"line":49,"column":null}},"loc":{"start":{"line":52,"column":22},"end":{"line":55,"column":1}}}},"branchMap":{"0":{"loc":{"start":{"line":11,"column":4},"end":{"line":11,"column":null}},"type":"if","locations":[{"start":{"line":11,"column":4},"end":{"line":11,"column":null}}]},"1":{"loc":{"start":{"line":12,"column":4},"end":{"line":12,"column":null}},"type":"if","locations":[{"start":{"line":12,"column":4},"end":{"line":12,"column":null}}]},"2":{"loc":{"start":{"line":13,"column":4},"end":{"line":13,"column":null}},"type":"if","locations":[{"start":{"line":13,"column":4},"end":{"line":13,"column":null}}]},"3":{"loc":{"start":{"line":26,"column":4},"end":{"line":26,"column":null}},"type":"if","locations":[{"start":{"line":26,"column":4},"end":{"line":26,"column":null}}]},"4":{"loc":{"start":{"line":27,"column":4},"end":{"line":27,"column":null}},"type":"if","locations":[{"start":{"line":27,"column":4},"end":{"line":27,"column":null}}]},"5":{"loc":{"start":{"line":28,"column":4},"end":{"line":28,"column":null}},"type":"if","locations":[{"start":{"line":28,"column":4},"end":{"line":28,"column":null}}]},"6":{"loc":{"start":{"line":50,"column":4},"end":{"line":50,"column":null}},"type":"if","locations":[{"start":{"line":50,"column":4},"end":{"line":50,"column":null}}]},"7":{"loc":{"start":{"line":51,"column":4},"end":{"line":51,"column":null}},"type":"if","locations":[{"start":{"line":51,"column":4},"end":{"line":51,"column":null}}]},"8":{"loc":{"start":{"line":52,"column":4},"end":{"line":52,"column":null}},"type":"if","locations":[{"start":{"line":52,"column":4},"end":{"line":52,"column":null}}]}},"s":{"0":5,"1":5,"2":0,"3":0,"4":0,"5":0,"6":5,"7":5,"8":0,"9":0,"10":0,"11":0,"12":5,"13":5,"14":0,"15":5,"16":5,"17":0,"18":0,"19":0,"20":0,"21":5},"f":{"0":0,"1":0,"2":0,"3":0},"b":{"0":[0],"1":[0],"2":[0],"3":[0],"4":[0],"5":[0],"6":[0],"7":[0],"8":[0]}}
,"F:\\Jinma\\Documents\\REACT\\MODULOS\\unlimited-react-components\\mega-dropzone-ui\\src\\utils\\loader.tsx": {"path":"F:\\Jinma\\Documents\\REACT\\MODULOS\\unlimited-react-components\\mega-dropzone-ui\\src\\utils\\loader.tsx","statementMap":{"0":{"start":{"line":1,"column":0},"end":{"line":1,"column":67}},"1":{"start":{"line":2,"column":0},"end":{"line":2,"column":34}},"2":{"start":{"line":6,"column":32},"end":{"line":119,"column":1}},"3":{"start":{"line":7,"column":26},"end":{"line":7,"column":32}},"4":{"start":{"line":7,"column":14},"end":{"line":7,"column":26}},"5":{"start":{"line":8,"column":2},"end":{"line":118,"column":4}},"6":{"start":{"line":120,"column":0},"end":{"line":120,"column":22}}},"fnMap":{"0":{"name":"(anonymous_1)","decl":{"start":{"line":6,"column":32},"end":{"line":6,"column":33}},"loc":{"start":{"line":6,"column":51},"end":{"line":119,"column":1}}}},"branchMap":{"0":{"loc":{"start":{"line":7,"column":14},"end":{"line":7,"column":26}},"type":"cond-expr","locations":[{"start":{"line":7,"column":15},"end":{"line":7,"column":24}},{"start":{"line":7,"column":24},"end":{"line":7,"column":26}}]}},"s":{"0":5,"1":5,"2":5,"3":0,"4":0,"5":0,"6":5},"f":{"0":0},"b":{"0":[0,0]}}
}
