TN:
SF:src\index.ts
FN:13,(anonymous_5)
FN:13,(anonymous_6)
FN:13,(anonymous_7)
FN:13,(anonymous_8)
FN:13,(anonymous_9)
FN:14,(anonymous_10)
FN:14,(anonymous_11)
FN:14,(anonymous_12)
FN:14,(anonymous_13)
FN:14,(anonymous_14)
FN:14,(anonymous_15)
FN:14,(anonymous_16)
FN:14,(anonymous_17)
FN:14,(anonymous_18)
FN:14,(anonymous_19)
FN:14,(anonymous_20)
FN:14,(anonymous_21)
FN:14,(anonymous_22)
FN:14,(anonymous_23)
FN:14,(anonymous_24)
FN:14,(anonymous_25)
FN:14,(anonymous_26)
FN:14,(anonymous_27)
FN:14,(anonymous_28)
FN:14,(anonymous_29)
FN:14,(anonymous_30)
FN:14,(anonymous_31)
FN:14,(anonymous_32)
FN:14,(anonymous_33)
FN:14,(anonymous_34)
FN:14,(anonymous_35)
FN:14,(anonymous_36)
FN:13,(anonymous_37)
FN:16,(anonymous_38)
FN:19,(anonymous_39)
FN:22,(anonymous_40)
FN:25,(anonymous_41)
FN:28,(anonymous_42)
FN:31,(anonymous_43)
FN:34,(anonymous_44)
FNF:40
FNH:1
FNDA:0,(anonymous_5)
FNDA:0,(anonymous_6)
FNDA:0,(anonymous_7)
FNDA:0,(anonymous_8)
FNDA:0,(anonymous_9)
FNDA:0,(anonymous_10)
FNDA:0,(anonymous_11)
FNDA:0,(anonymous_12)
FNDA:0,(anonymous_13)
FNDA:0,(anonymous_14)
FNDA:0,(anonymous_15)
FNDA:0,(anonymous_16)
FNDA:0,(anonymous_17)
FNDA:0,(anonymous_18)
FNDA:0,(anonymous_19)
FNDA:0,(anonymous_20)
FNDA:0,(anonymous_21)
FNDA:0,(anonymous_22)
FNDA:0,(anonymous_23)
FNDA:0,(anonymous_24)
FNDA:0,(anonymous_25)
FNDA:0,(anonymous_26)
FNDA:0,(anonymous_27)
FNDA:0,(anonymous_28)
FNDA:0,(anonymous_29)
FNDA:0,(anonymous_30)
FNDA:0,(anonymous_31)
FNDA:0,(anonymous_32)
FNDA:0,(anonymous_33)
FNDA:0,(anonymous_34)
FNDA:0,(anonymous_35)
FNDA:0,(anonymous_36)
FNDA:0,(anonymous_37)
FNDA:0,(anonymous_38)
FNDA:5,(anonymous_39)
FNDA:0,(anonymous_40)
FNDA:0,(anonymous_41)
FNDA:0,(anonymous_42)
FNDA:0,(anonymous_43)
FNDA:0,(anonymous_44)
DA:1,5
DA:2,5
DA:4,5
DA:7,5
DA:13,5
DA:14,5
DA:16,5
DA:17,5
DA:19,10
DA:20,5
DA:22,5
DA:23,5
DA:25,5
DA:26,5
DA:28,5
DA:29,5
DA:31,5
DA:32,5
DA:34,5
DA:35,5
LF:20
LH:20
BRF:0
BRH:0
end_of_record
TN:
SF:src\components\dropzone\components\Dropzone\Dropzone.tsx
FN:36,(anonymous_23)
FN:77,(anonymous_24)
FN:79,(anonymous_25)
FN:126,(anonymous_26)
FN:129,(anonymous_27)
FN:132,(anonymous_28)
FN:139,(anonymous_29)
FN:145,(anonymous_30)
FN:147,(anonymous_31)
FN:163,(anonymous_32)
FN:166,(anonymous_33)
FN:167,(anonymous_34)
FN:207,(anonymous_35)
FN:207,(anonymous_36)
FN:210,(anonymous_38)
FN:226,(anonymous_39)
FN:239,(anonymous_40)
FN:259,(anonymous_43)
FN:277,(anonymous_44)
FN:287,(anonymous_45)
FN:292,(anonymous_46)
FN:308,(anonymous_47)
FN:309,(anonymous_48)
FN:337,(anonymous_50)
FN:359,(anonymous_51)
FN:392,(anonymous_52)
FN:398,(anonymous_53)
FN:406,(anonymous_54)
FN:414,handleClick
FN:425,(anonymous_56)
FN:431,(anonymous_57)
FN:441,(anonymous_58)
FN:448,(anonymous_59)
FNF:33
FNH:0
FNDA:0,(anonymous_23)
FNDA:0,(anonymous_24)
FNDA:0,(anonymous_25)
FNDA:0,(anonymous_26)
FNDA:0,(anonymous_27)
FNDA:0,(anonymous_28)
FNDA:0,(anonymous_29)
FNDA:0,(anonymous_30)
FNDA:0,(anonymous_31)
FNDA:0,(anonymous_32)
FNDA:0,(anonymous_33)
FNDA:0,(anonymous_34)
FNDA:0,(anonymous_35)
FNDA:0,(anonymous_36)
FNDA:0,(anonymous_38)
FNDA:0,(anonymous_39)
FNDA:0,(anonymous_40)
FNDA:0,(anonymous_43)
FNDA:0,(anonymous_44)
FNDA:0,(anonymous_45)
FNDA:0,(anonymous_46)
FNDA:0,(anonymous_47)
FNDA:0,(anonymous_48)
FNDA:0,(anonymous_50)
FNDA:0,(anonymous_51)
FNDA:0,(anonymous_52)
FNDA:0,(anonymous_53)
FNDA:0,(anonymous_54)
FNDA:0,handleClick
FNDA:0,(anonymous_56)
FNDA:0,(anonymous_57)
FNDA:0,(anonymous_58)
FNDA:0,(anonymous_59)
DA:1,5
DA:2,5
DA:3,5
DA:4,5
DA:5,5
DA:12,5
DA:13,5
DA:17,5
DA:18,5
DA:19,5
DA:21,5
DA:22,5
DA:27,5
DA:36,5
DA:38,0
DA:39,0
DA:40,0
DA:41,0
DA:42,0
DA:43,0
DA:44,0
DA:45,0
DA:46,0
DA:47,0
DA:48,0
DA:49,0
DA:50,0
DA:51,0
DA:52,0
DA:53,0
DA:54,0
DA:55,0
DA:56,0
DA:57,0
DA:58,0
DA:59,0
DA:60,0
DA:61,0
DA:62,0
DA:63,0
DA:64,0
DA:66,0
DA:67,0
DA:68,0
DA:69,0
DA:70,0
DA:71,0
DA:72,0
DA:73,0
DA:75,0
DA:77,0
DA:78,0
DA:79,0
DA:81,0
DA:82,0
DA:86,0
DA:91,0
DA:97,0
DA:99,0
DA:102,0
DA:104,0
DA:106,0
DA:107,0
DA:108,0
DA:109,0
DA:112,0
DA:114,0
DA:120,0
DA:125,0
DA:126,0
DA:127,0
DA:128,0
DA:129,0
DA:132,0
DA:133,0
DA:134,0
DA:135,0
DA:136,0
DA:139,0
DA:140,0
DA:141,0
DA:145,0
DA:146,0
DA:147,0
DA:148,0
DA:149,0
DA:151,0
DA:152,0
DA:156,0
DA:163,0
DA:166,0
DA:167,0
DA:168,0
DA:169,0
DA:170,0
DA:171,0
DA:172,0
DA:173,0
DA:185,0
DA:186,0
DA:187,0
DA:188,0
DA:207,0
DA:208,0
DA:209,0
DA:210,0
DA:212,0
DA:213,0
DA:214,0
DA:217,0
DA:218,0
DA:219,0
DA:226,0
DA:227,0
DA:228,0
DA:229,0
DA:233,0
DA:235,0
DA:236,0
DA:237,0
DA:239,0
DA:242,0
DA:243,0
DA:244,0
DA:245,0
DA:249,0
DA:250,0
DA:251,0
DA:252,0
DA:254,0
DA:256,0
DA:257,0
DA:259,0
DA:260,0
DA:261,0
DA:263,0
DA:266,0
DA:271,0
DA:272,0
DA:274,0
DA:277,0
DA:278,0
DA:281,0
DA:287,0
DA:288,0
DA:292,0
DA:294,0
DA:295,0
DA:297,0
DA:299,0
DA:300,0
DA:308,0
DA:309,0
DA:311,0
DA:312,0
DA:313,0
DA:314,0
DA:315,0
DA:317,0
DA:318,0
DA:319,0
DA:323,0
DA:328,0
DA:329,0
DA:333,0
DA:334,0
DA:337,0
DA:340,0
DA:341,0
DA:343,0
DA:344,0
DA:345,0
DA:349,0
DA:354,0
DA:359,0
DA:364,0
DA:365,0
DA:366,0
DA:367,0
DA:371,0
DA:373,0
DA:374,0
DA:376,0
DA:378,0
DA:379,0
DA:386,0
DA:388,0
DA:390,0
DA:392,0
DA:393,0
DA:395,0
DA:398,0
DA:401,0
DA:402,0
DA:403,0
DA:404,0
DA:406,0
DA:409,0
DA:410,0
DA:411,0
DA:412,0
DA:417,0
DA:418,0
DA:419,0
DA:420,0
DA:423,0
DA:425,0
DA:426,0
DA:427,0
DA:428,0
DA:431,0
DA:432,0
DA:433,0
DA:436,0
DA:448,0
DA:503,5
LF:216
LH:15
BRDA:78,0,0,0
BRDA:81,1,0,0
BRDA:81,1,1,0
BRDA:91,2,0,0
BRDA:91,2,1,0
BRDA:91,3,0,0
BRDA:91,3,1,0
BRDA:117,4,0,0
BRDA:117,4,1,0
BRDA:121,5,0,0
BRDA:121,5,1,0
BRDA:122,6,0,0
BRDA:122,6,1,0
BRDA:127,7,0,0
BRDA:133,8,0,0
BRDA:133,8,1,0
BRDA:135,9,0,0
BRDA:140,10,0,0
BRDA:149,11,0,0
BRDA:149,11,1,0
BRDA:149,12,0,0
BRDA:149,12,1,0
BRDA:151,13,0,0
BRDA:156,14,0,0
BRDA:156,14,1,0
BRDA:156,15,0,0
BRDA:156,15,1,0
BRDA:169,16,0,0
BRDA:169,16,1,0
BRDA:210,17,0,0
BRDA:210,17,1,0
BRDA:218,18,0,0
BRDA:218,19,0,0
BRDA:218,19,1,0
BRDA:227,20,0,0
BRDA:227,20,1,0
BRDA:227,21,0,0
BRDA:227,21,1,0
BRDA:233,22,0,0
BRDA:233,22,1,0
BRDA:233,23,0,0
BRDA:233,23,1,0
BRDA:237,24,0,0
BRDA:237,24,1,0
BRDA:237,25,0,0
BRDA:237,25,1,0
BRDA:252,26,0,0
BRDA:244,27,0,0
BRDA:250,28,0,0
BRDA:256,29,0,0
BRDA:260,30,0,0
BRDA:260,30,1,0
BRDA:266,31,0,0
BRDA:266,31,1,0
BRDA:266,32,0,0
BRDA:266,32,1,0
BRDA:242,33,0,0
BRDA:271,34,0,0
BRDA:271,34,1,0
BRDA:271,35,0,0
BRDA:271,35,1,0
BRDA:294,36,0,0
BRDA:294,36,1,0
BRDA:294,37,0,0
BRDA:294,37,1,0
BRDA:295,38,0,0
BRDA:295,38,1,0
BRDA:295,39,0,0
BRDA:295,39,1,0
BRDA:295,40,0,0
BRDA:295,40,1,0
BRDA:299,41,0,0
BRDA:300,42,0,0
BRDA:300,42,1,0
BRDA:313,43,0,0
BRDA:318,44,0,0
BRDA:318,44,1,0
BRDA:328,45,0,0
BRDA:340,46,0,0
BRDA:344,47,0,0
BRDA:344,47,1,0
BRDA:367,48,0,0
BRDA:367,48,1,0
BRDA:371,49,0,0
BRDA:376,50,0,0
BRDA:379,51,0,0
BRDA:379,51,1,0
BRDA:382,52,0,0
BRDA:382,52,1,0
BRDA:384,53,0,0
BRDA:384,53,1,0
BRDA:393,54,0,0
BRDA:418,55,0,0
BRDA:418,55,1,0
BRDA:418,56,0,0
BRDA:418,56,1,0
BRDA:419,57,0,0
BRDA:423,58,0,0
BRDA:423,58,1,0
BRDA:423,59,0,0
BRDA:423,59,1,0
BRDA:426,60,0,0
BRDA:426,60,1,0
BRDA:426,61,0,0
BRDA:426,61,1,0
BRDA:428,62,0,0
BRDA:428,62,1,0
BRDA:428,63,0,0
BRDA:428,63,1,0
BRDA:433,64,0,0
BRDA:433,64,1,0
BRDA:433,65,0,0
BRDA:433,65,1,0
BRDA:441,66,0,0
BRDA:441,66,1,0
BRDA:445,67,0,0
BRDA:445,67,1,0
BRDA:449,68,0,0
BRDA:449,68,1,0
BRDA:454,69,0,0
BRDA:454,69,1,0
BRDA:454,70,0,0
BRDA:454,70,1,0
BRDA:456,71,0,0
BRDA:456,71,1,0
BRDA:457,72,0,0
BRDA:457,72,1,0
BRDA:457,73,0,0
BRDA:457,73,1,0
BRDA:462,74,0,0
BRDA:462,74,1,0
BRDA:462,75,0,0
BRDA:462,75,1,0
BRDA:462,75,2,0
BRDA:462,75,3,0
BRDA:467,76,0,0
BRDA:467,76,1,0
BRDA:475,77,0,0
BRDA:475,77,1,0
BRDA:479,78,0,0
BRDA:479,78,1,0
BRDA:482,79,0,0
BRDA:482,79,1,0
BRDA:489,80,0,0
BRDA:489,80,1,0
BRDA:497,81,0,0
BRDA:497,81,1,0
BRF:147
BRH:0
end_of_record
TN:
SF:src\components\dropzone\components\Dropzone\DropzoneProps.ts
FNF:0
FNH:0
DA:207,5
LF:1
LH:1
BRF:0
BRH:0
end_of_record
TN:
SF:src\components\dropzone\components\DropzoneFooter.tsx\DropzoneFooter.tsx
FN:9,(anonymous_1)
FNF:1
FNH:0
FNDA:0,(anonymous_1)
DA:1,5
DA:2,5
DA:9,5
DA:12,0
DA:14,0
DA:18,0
DA:19,0
DA:38,5
LF:8
LH:4
BRDA:30,0,0,0
BRDA:30,0,1,0
BRDA:32,1,0,0
BRDA:32,1,1,0
BRF:4
BRH:0
end_of_record
TN:
SF:src\components\dropzone\components\DropzoneHeader\DropzoneHeader.tsx
FN:38,(anonymous_7)
FN:60,(anonymous_8)
FN:63,(anonymous_9)
FN:66,(anonymous_10)
FN:121,(anonymous_11)
FN:128,(anonymous_12)
FN:143,(anonymous_13)
FN:153,(anonymous_14)
FN:157,(anonymous_15)
FNF:9
FNH:0
FNDA:0,(anonymous_7)
FNDA:0,(anonymous_8)
FNDA:0,(anonymous_9)
FNDA:0,(anonymous_10)
FNDA:0,(anonymous_11)
FNDA:0,(anonymous_12)
FNDA:0,(anonymous_13)
FNDA:0,(anonymous_14)
FNDA:0,(anonymous_15)
DA:1,5
DA:2,5
DA:9,5
DA:10,5
DA:17,5
DA:38,5
DA:54,0
DA:56,0
DA:60,0
DA:61,0
DA:63,0
DA:64,0
DA:66,0
DA:67,0
DA:68,0
DA:69,0
DA:70,0
DA:72,0
DA:82,0
DA:86,0
DA:87,0
DA:88,0
DA:95,0
DA:98,0
DA:100,0
DA:101,0
DA:107,0
DA:110,0
DA:111,0
DA:116,0
DA:117,0
DA:122,0
DA:129,0
DA:138,0
DA:139,0
DA:143,0
DA:148,0
DA:150,0
DA:154,0
DA:157,0
DA:165,5
LF:41
LH:7
BRDA:61,0,0,0
BRDA:61,0,1,0
BRDA:61,1,0,0
BRDA:61,1,1,0
BRDA:64,2,0,0
BRDA:64,2,1,0
BRDA:64,3,0,0
BRDA:64,3,1,0
BRDA:68,4,0,0
BRDA:68,5,0,0
BRDA:68,5,1,0
BRDA:68,5,2,0
BRDA:69,6,0,0
BRDA:69,6,1,0
BRDA:87,7,0,0
BRDA:100,8,0,0
BRDA:110,9,0,0
BRDA:116,10,0,0
BRDA:116,11,0,0
BRDA:116,11,1,0
BRDA:119,12,0,0
BRDA:119,12,1,0
BRDA:122,13,0,0
BRDA:122,13,1,0
BRDA:122,14,0,0
BRDA:122,14,1,0
BRDA:129,15,0,0
BRDA:129,15,1,0
BRDA:129,16,0,0
BRDA:129,16,1,0
BRDA:138,17,0,0
BRDA:143,18,0,0
BRDA:143,18,1,0
BRDA:143,19,0,0
BRDA:143,19,1,0
BRF:35
BRH:0
end_of_record
TN:
SF:src\components\dropzone\components\DropzoneLabel\DropzoneLabel.tsx
FN:6,(anonymous_1)
FNF:1
FNH:1
FNDA:5,(anonymous_1)
DA:1,5
DA:6,5
DA:7,5
DA:8,5
DA:10,5
LF:5
LH:5
BRF:0
BRH:0
end_of_record
TN:
SF:src\components\dropzone\components\hooks\useDropzoneStyles.ts
FN:14,(anonymous_0)
FN:24,(anonymous_1)
FN:32,(anonymous_2)
FNF:3
FNH:0
FNDA:0,(anonymous_0)
FNDA:0,(anonymous_1)
FNDA:0,(anonymous_2)
DA:1,5
DA:2,5
DA:3,5
DA:14,5
DA:20,0
DA:21,0
DA:22,0
DA:24,0
DA:32,0
DA:37,0
DA:68,0
DA:69,0
DA:70,0
DA:72,0
DA:73,0
DA:74,0
DA:75,0
DA:79,0
DA:86,0
DA:93,0
DA:95,5
LF:21
LH:5
BRDA:69,0,0,0
BRDA:69,0,1,0
BRDA:74,1,0,0
BRDA:79,2,0,0
BRDA:79,2,1,0
BRF:5
BRH:0
end_of_record
TN:
SF:src\components\dropzone\components\utils\dropzone-ui.upload.utils.ts
FN:5,(anonymous_16)
FN:9,(anonymous_17)
FN:11,(anonymous_19)
FN:11,(anonymous_20)
FNF:4
FNH:0
FNDA:0,(anonymous_16)
FNDA:0,(anonymous_17)
FNDA:0,(anonymous_19)
FNDA:0,(anonymous_20)
DA:1,5
DA:3,5
DA:5,5
DA:9,0
DA:11,0
DA:14,0
DA:15,0
DA:16,0
DA:17,0
DA:18,0
DA:25,0
DA:26,0
DA:27,0
DA:28,0
DA:29,0
DA:31,0
DA:34,0
DA:36,0
DA:51,0
DA:53,0
DA:55,0
DA:72,0
DA:89,0
LF:23
LH:3
BRDA:27,0,0,0
BRDA:27,0,1,0
BRDA:27,0,2,0
BRDA:27,0,3,0
BRDA:14,1,0,0
BRDA:14,1,1,0
BRDA:19,2,0,0
BRDA:19,2,1,0
BRDA:27,3,0,0
BRDA:27,3,1,0
BRDA:27,3,2,0
BRDA:34,4,0,0
BRDA:34,5,0,0
BRDA:34,5,1,0
BRDA:53,6,0,0
BRDA:53,6,1,0
BRF:16
BRH:0
end_of_record
TN:
SF:src\components\dropzone\components\utils\dropzone-ui.utils.ts
FN:3,createRipple
FN:34,createRippleFromElement
FN:64,(anonymous_2)
FNF:3
FNH:0
FNDA:0,createRipple
FNDA:0,createRippleFromElement
FNDA:0,(anonymous_2)
DA:1,5
DA:3,5
DA:6,0
DA:8,0
DA:9,0
DA:13,0
DA:15,0
DA:16,0
DA:18,0
DA:19,0
DA:21,0
DA:26,0
DA:27,0
DA:28,0
DA:30,0
DA:34,5
DA:35,0
DA:36,0
DA:38,0
DA:39,0
DA:40,0
DA:41,0
DA:42,0
DA:46,0
DA:48,0
DA:49,0
DA:51,0
DA:52,0
DA:54,0
DA:59,0
DA:60,0
DA:61,0
DA:63,0
DA:64,0
DA:65,0
DA:66,0
LF:36
LH:3
BRDA:27,0,0,0
BRDA:35,1,0,0
BRDA:60,2,0,0
BRF:3
BRH:0
end_of_record
TN:
SF:src\components\dropzone\components\utils\validation.utils.ts
FN:4,(anonymous_0)
FN:26,(anonymous_1)
FN:30,(anonymous_2)
FN:40,(anonymous_3)
FN:83,(anonymous_4)
FN:127,(anonymous_5)
FN:146,(anonymous_6)
FN:152,(anonymous_8)
FN:163,getRandomInt
FN:175,(anonymous_10)
FN:197,(anonymous_11)
FNF:11
FNH:2
FNDA:5,(anonymous_0)
FNDA:0,(anonymous_1)
FNDA:0,(anonymous_2)
FNDA:0,(anonymous_3)
FNDA:0,(anonymous_4)
FNDA:0,(anonymous_5)
FNDA:5,(anonymous_6)
FNDA:0,(anonymous_8)
FNDA:0,getRandomInt
FNDA:0,(anonymous_10)
FNDA:0,(anonymous_11)
DA:2,5
DA:4,5
DA:5,5
DA:6,5
DA:7,5
DA:26,5
DA:27,0
DA:28,0
DA:30,0
DA:31,0
DA:40,5
DA:41,0
DA:42,0
DA:44,0
DA:45,0
DA:47,0
DA:49,0
DA:50,0
DA:51,0
DA:56,0
DA:57,0
DA:58,0
DA:60,0
DA:61,0
DA:63,0
DA:65,0
DA:66,0
DA:67,0
DA:68,0
DA:74,0
DA:83,5
DA:89,0
DA:90,0
DA:92,0
DA:95,0
DA:96,0
DA:97,0
DA:102,0
DA:103,0
DA:107,0
DA:114,0
DA:127,5
DA:131,0
DA:132,0
DA:133,0
DA:140,0
DA:146,5
DA:147,5
DA:152,5
DA:153,0
DA:154,0
DA:156,5
DA:164,0
DA:175,5
DA:176,0
DA:177,0
DA:178,0
DA:179,0
DA:180,0
DA:182,0
DA:197,5
DA:199,0
DA:204,0
DA:205,0
DA:207,0
DA:208,0
DA:210,0
DA:211,0
DA:212,0
DA:213,0
DA:214,0
DA:217,0
DA:220,0
DA:221,0
DA:222,0
DA:223,0
DA:226,0
DA:234,0
DA:239,5
LF:79
LH:16
BRDA:4,0,0,5
BRDA:4,0,1,5
BRDA:27,1,0,0
BRDA:27,2,0,0
BRDA:27,2,1,0
BRDA:47,3,0,0
BRDA:49,4,0,0
BRDA:50,5,0,0
BRDA:56,6,0,0
BRDA:56,7,0,0
BRDA:56,7,1,0
BRDA:56,7,2,0
BRDA:56,7,3,0
BRDA:63,8,0,0
BRDA:65,9,0,0
BRDA:65,9,1,0
BRDA:67,10,0,0
BRDA:95,11,0,0
BRDA:95,12,0,0
BRDA:95,12,1,0
BRDA:102,13,0,0
BRDA:102,14,0,0
BRDA:102,14,1,0
BRDA:177,15,0,0
BRDA:177,15,1,0
BRDA:177,15,2,0
BRDA:177,15,3,0
BRDA:199,16,0,0
BRDA:205,17,0,0
BRDA:205,17,1,0
BRDA:207,18,0,0
BRDA:207,18,1,0
BRDA:208,19,0,0
BRDA:208,19,1,0
BRDA:210,20,0,0
BRDA:211,21,0,0
BRDA:211,21,1,0
BRDA:211,21,2,0
BRF:38
BRH:2
end_of_record
TN:
SF:src\components\file-item\index.ts
FN:2,(anonymous_5)
FN:2,(anonymous_6)
FN:2,(anonymous_7)
FN:2,(anonymous_8)
FN:2,(anonymous_9)
FN:3,(anonymous_10)
FN:3,(anonymous_11)
FN:3,(anonymous_12)
FN:3,(anonymous_13)
FN:4,(anonymous_14)
FN:4,(anonymous_15)
FN:4,(anonymous_16)
FN:5,(anonymous_17)
FN:5,(anonymous_18)
FN:6,(anonymous_19)
FN:6,(anonymous_20)
FN:7,(anonymous_21)
FN:7,(anonymous_22)
FN:7,(anonymous_23)
FN:8,(anonymous_24)
FN:8,(anonymous_25)
FN:9,(anonymous_26)
FN:9,(anonymous_27)
FN:9,(anonymous_28)
FN:9,(anonymous_29)
FN:9,(anonymous_30)
FN:9,(anonymous_31)
FN:10,(anonymous_32)
FN:10,(anonymous_33)
FN:10,(anonymous_34)
FN:10,(anonymous_35)
FN:10,(anonymous_36)
FN:11,(anonymous_37)
FN:11,(anonymous_38)
FN:11,(anonymous_39)
FN:11,(anonymous_40)
FN:11,(anonymous_41)
FN:11,(anonymous_42)
FN:12,(anonymous_43)
FN:12,(anonymous_44)
FN:12,(anonymous_45)
FN:12,(anonymous_46)
FN:12,(anonymous_47)
FN:12,(anonymous_48)
FN:13,(anonymous_49)
FN:13,(anonymous_50)
FN:13,(anonymous_51)
FN:14,(anonymous_52)
FN:14,(anonymous_53)
FN:14,(anonymous_54)
FN:15,(anonymous_55)
FN:15,(anonymous_56)
FN:15,(anonymous_57)
FN:15,(anonymous_58)
FN:15,(anonymous_59)
FN:16,(anonymous_60)
FN:16,(anonymous_61)
FN:17,(anonymous_62)
FN:17,(anonymous_63)
FN:17,(anonymous_64)
FN:17,(anonymous_65)
FN:17,(anonymous_66)
FN:17,(anonymous_67)
FN:17,(anonymous_68)
FN:18,(anonymous_69)
FN:18,(anonymous_70)
FN:18,(anonymous_71)
FN:19,(anonymous_72)
FN:21,(anonymous_73)
FNF:69
FNH:0
FNDA:0,(anonymous_5)
FNDA:0,(anonymous_6)
FNDA:0,(anonymous_7)
FNDA:0,(anonymous_8)
FNDA:0,(anonymous_9)
FNDA:0,(anonymous_10)
FNDA:0,(anonymous_11)
FNDA:0,(anonymous_12)
FNDA:0,(anonymous_13)
FNDA:0,(anonymous_14)
FNDA:0,(anonymous_15)
FNDA:0,(anonymous_16)
FNDA:0,(anonymous_17)
FNDA:0,(anonymous_18)
FNDA:0,(anonymous_19)
FNDA:0,(anonymous_20)
FNDA:0,(anonymous_21)
FNDA:0,(anonymous_22)
FNDA:0,(anonymous_23)
FNDA:0,(anonymous_24)
FNDA:0,(anonymous_25)
FNDA:0,(anonymous_26)
FNDA:0,(anonymous_27)
FNDA:0,(anonymous_28)
FNDA:0,(anonymous_29)
FNDA:0,(anonymous_30)
FNDA:0,(anonymous_31)
FNDA:0,(anonymous_32)
FNDA:0,(anonymous_33)
FNDA:0,(anonymous_34)
FNDA:0,(anonymous_35)
FNDA:0,(anonymous_36)
FNDA:0,(anonymous_37)
FNDA:0,(anonymous_38)
FNDA:0,(anonymous_39)
FNDA:0,(anonymous_40)
FNDA:0,(anonymous_41)
FNDA:0,(anonymous_42)
FNDA:0,(anonymous_43)
FNDA:0,(anonymous_44)
FNDA:0,(anonymous_45)
FNDA:0,(anonymous_46)
FNDA:0,(anonymous_47)
FNDA:0,(anonymous_48)
FNDA:0,(anonymous_49)
FNDA:0,(anonymous_50)
FNDA:0,(anonymous_51)
FNDA:0,(anonymous_52)
FNDA:0,(anonymous_53)
FNDA:0,(anonymous_54)
FNDA:0,(anonymous_55)
FNDA:0,(anonymous_56)
FNDA:0,(anonymous_57)
FNDA:0,(anonymous_58)
FNDA:0,(anonymous_59)
FNDA:0,(anonymous_60)
FNDA:0,(anonymous_61)
FNDA:0,(anonymous_62)
FNDA:0,(anonymous_63)
FNDA:0,(anonymous_64)
FNDA:0,(anonymous_65)
FNDA:0,(anonymous_66)
FNDA:0,(anonymous_67)
FNDA:0,(anonymous_68)
FNDA:0,(anonymous_69)
FNDA:0,(anonymous_70)
FNDA:0,(anonymous_71)
FNDA:0,(anonymous_72)
FNDA:0,(anonymous_73)
DA:1,5
DA:2,5
DA:3,5
DA:4,5
DA:5,5
DA:6,5
DA:7,5
DA:8,5
DA:9,5
DA:10,5
DA:11,5
DA:12,5
DA:13,5
DA:14,5
DA:15,5
DA:16,5
DA:17,5
DA:18,5
DA:19,5
DA:21,5
DA:22,5
LF:21
LH:21
BRF:0
BRH:0
end_of_record
TN:
SF:src\components\file-item\components\FileItem\FileItem.tsx
FN:20,(anonymous_20)
FN:43,(anonymous_21)
FN:48,(anonymous_22)
FN:65,(anonymous_23)
FN:68,(anonymous_24)
FN:74,(anonymous_25)
FN:78,(anonymous_26)
FN:107,(anonymous_28)
FN:112,(anonymous_29)
FN:115,(anonymous_30)
FN:120,(anonymous_31)
FN:130,handleClick
FNF:12
FNH:0
FNDA:0,(anonymous_20)
FNDA:0,(anonymous_21)
FNDA:0,(anonymous_22)
FNDA:0,(anonymous_23)
FNDA:0,(anonymous_24)
FNDA:0,(anonymous_25)
FNDA:0,(anonymous_26)
FNDA:0,(anonymous_28)
FNDA:0,(anonymous_29)
FNDA:0,(anonymous_30)
FNDA:0,(anonymous_31)
FNDA:0,handleClick
DA:1,5
DA:3,5
DA:4,5
DA:5,5
DA:6,5
DA:7,5
DA:15,5
DA:16,5
DA:17,5
DA:18,5
DA:20,5
DA:22,0
DA:23,0
DA:24,0
DA:25,0
DA:26,0
DA:27,0
DA:28,0
DA:29,0
DA:30,0
DA:31,0
DA:32,0
DA:33,0
DA:34,0
DA:35,0
DA:36,0
DA:37,0
DA:38,0
DA:39,0
DA:40,0
DA:42,0
DA:43,0
DA:45,0
DA:48,0
DA:50,0
DA:58,0
DA:60,0
DA:61,0
DA:62,0
DA:64,0
DA:65,0
DA:66,0
DA:68,0
DA:69,0
DA:70,0
DA:74,0
DA:78,0
DA:81,0
DA:82,0
DA:84,0
DA:86,0
DA:87,0
DA:88,0
DA:89,0
DA:91,0
DA:92,0
DA:93,0
DA:94,0
DA:95,0
DA:96,0
DA:98,0
DA:100,0
DA:107,0
DA:108,0
DA:109,0
DA:112,0
DA:113,0
DA:115,0
DA:116,0
DA:118,0
DA:120,0
DA:121,0
DA:122,0
DA:123,0
DA:124,0
DA:126,0
DA:134,0
DA:136,0
DA:137,0
DA:204,0
DA:206,5
LF:81
LH:12
BRDA:58,0,0,0
BRDA:58,0,1,0
BRDA:66,1,0,0
BRDA:66,1,1,0
BRDA:66,2,0,0
BRDA:66,2,1,0
BRDA:81,3,0,0
BRDA:86,4,0,0
BRDA:91,5,0,0
BRDA:91,5,1,0
BRDA:93,6,0,0
BRDA:93,7,0,0
BRDA:93,7,1,0
BRDA:93,7,2,0
BRDA:95,8,0,0
BRDA:108,9,0,0
BRDA:121,10,0,0
BRDA:121,11,0,0
BRDA:121,11,1,0
BRDA:122,12,0,0
BRDA:124,13,0,0
BRDA:124,13,1,0
BRDA:124,14,0,0
BRDA:124,14,1,0
BRDA:124,15,0,0
BRDA:124,15,1,0
BRDA:126,16,0,0
BRDA:126,16,1,0
BRDA:126,17,0,0
BRDA:126,17,1,0
BRDA:136,18,0,0
BRDA:136,18,1,0
BRDA:136,19,0,0
BRDA:136,19,1,0
BRDA:140,20,0,0
BRDA:140,20,1,0
BRDA:149,21,0,0
BRDA:149,21,1,0
BRDA:160,22,0,0
BRDA:160,22,1,0
BRDA:161,23,0,0
BRDA:161,23,1,0
BRDA:161,24,0,0
BRDA:161,24,1,0
BRDA:163,25,0,0
BRDA:163,25,1,0
BRDA:164,26,0,0
BRDA:164,26,1,0
BRDA:171,27,0,0
BRDA:171,27,1,0
BRDA:179,28,0,0
BRDA:179,28,1,0
BRDA:188,29,0,0
BRDA:188,29,1,0
BRDA:192,30,0,0
BRDA:192,30,1,0
BRF:56
BRH:0
end_of_record
TN:
SF:src\components\file-item\components\FileItem\FileItemProps.ts
FNF:0
FNH:0
DA:129,5
LF:1
LH:1
BRF:0
BRH:0
end_of_record
TN:
SF:src\components\file-item\components\FileItemContainer\FileItemContainer.tsx
FN:6,(anonymous_1)
FNF:1
FNH:0
FNDA:0,(anonymous_1)
DA:1,5
DA:3,5
DA:6,5
DA:9,0
DA:10,0
DA:16,0
DA:26,5
LF:7
LH:4
BRDA:10,0,0,0
BRDA:10,0,1,0
BRDA:10,1,0,0
BRDA:10,1,1,0
BRF:4
BRH:0
end_of_record
TN:
SF:src\components\file-item\components\FileItemFullInfoLayer\FileItemFullInfoLayer.tsx
FN:11,(anonymous_1)
FN:30,(anonymous_2)
FN:68,(anonymous_3)
FNF:3
FNH:0
FNDA:0,(anonymous_1)
FNDA:0,(anonymous_2)
FNDA:0,(anonymous_3)
DA:1,5
DA:2,5
DA:7,5
DA:9,5
DA:11,5
DA:26,0
DA:27,0
DA:30,0
DA:31,0
DA:33,0
DA:68,0
DA:100,5
LF:12
LH:6
BRDA:31,0,0,0
BRDA:31,0,1,0
BRDA:31,1,0,0
BRDA:31,1,1,0
BRDA:34,2,0,0
BRDA:34,2,1,0
BRDA:49,3,0,0
BRDA:49,3,1,0
BRDA:49,4,0,0
BRDA:49,4,1,0
BRDA:66,5,0,0
BRDA:66,5,1,0
BRDA:66,5,2,0
BRDA:66,5,3,0
BRDA:66,5,4,0
BRDA:73,6,0,0
BRDA:73,6,1,0
BRDA:73,6,2,0
BRF:18
BRH:0
end_of_record
TN:
SF:src\components\file-item\components\FileItemImage\FileItemImage.tsx
FN:17,(anonymous_6)
FNF:1
FNH:0
FNDA:0,(anonymous_6)
DA:1,5
DA:17,5
DA:18,0
DA:19,0
DA:32,5
LF:5
LH:3
BRDA:21,0,0,0
BRDA:21,0,1,0
BRDA:27,1,0,0
BRDA:27,1,1,0
BRF:4
BRH:0
end_of_record
TN:
SF:src\components\file-item\components\FileItemMainLayer\FileItemMainLayer.tsx
FN:37,(anonymous_7)
FN:54,(anonymous_8)
FN:57,(anonymous_9)
FN:60,(anonymous_10)
FN:64,(anonymous_11)
FN:66,(anonymous_12)
FNF:6
FNH:0
FNDA:0,(anonymous_7)
FNDA:0,(anonymous_8)
FNDA:0,(anonymous_9)
FNDA:0,(anonymous_10)
FNDA:0,(anonymous_11)
FNDA:0,(anonymous_12)
DA:1,5
DA:3,5
DA:4,5
DA:37,5
DA:53,0
DA:54,0
DA:55,0
DA:57,0
DA:58,0
DA:60,0
DA:61,0
DA:63,0
DA:64,0
DA:65,0
DA:66,0
DA:67,0
DA:71,0
DA:208,5
LF:18
LH:5
BRDA:55,0,0,0
BRDA:55,0,1,0
BRDA:55,1,0,0
BRDA:55,1,1,0
BRDA:58,2,0,0
BRDA:58,2,1,0
BRDA:58,3,0,0
BRDA:58,3,1,0
BRDA:61,4,0,0
BRDA:61,4,1,0
BRDA:61,5,0,0
BRDA:61,5,1,0
BRDA:65,6,0,0
BRDA:73,7,0,0
BRDA:73,7,1,0
BRDA:77,8,0,0
BRDA:77,8,1,0
BRDA:77,9,0,0
BRDA:77,9,1,0
BRDA:79,10,0,0
BRDA:79,10,1,0
BRDA:86,11,0,0
BRDA:86,11,1,0
BRDA:91,12,0,0
BRDA:91,12,1,0
BRDA:91,12,2,0
BRDA:93,13,0,0
BRDA:93,13,1,0
BRDA:103,14,0,0
BRDA:103,14,1,0
BRDA:103,15,0,0
BRDA:103,15,1,0
BRDA:103,15,2,0
BRDA:104,16,0,0
BRDA:104,16,1,0
BRDA:114,17,0,0
BRDA:114,17,1,0
BRDA:123,18,0,0
BRDA:123,18,1,0
BRDA:125,19,0,0
BRDA:125,19,1,0
BRDA:129,20,0,0
BRDA:129,20,1,0
BRDA:129,20,2,0
BRDA:129,20,3,0
BRDA:137,21,0,0
BRDA:137,21,1,0
BRDA:137,21,2,0
BRDA:151,22,0,0
BRDA:151,22,1,0
BRDA:151,23,0,0
BRDA:151,23,1,0
BRDA:153,24,0,0
BRDA:153,24,1,0
BRDA:165,25,0,0
BRDA:165,25,1,0
BRDA:165,25,2,0
BRDA:167,26,0,0
BRDA:167,26,1,0
BRDA:177,27,0,0
BRDA:177,27,1,0
BRDA:177,28,0,0
BRDA:177,28,1,0
BRDA:177,28,2,0
BRDA:178,29,0,0
BRDA:178,29,1,0
BRDA:188,30,0,0
BRDA:188,30,1,0
BRDA:197,31,0,0
BRDA:197,31,1,0
BRF:70
BRH:0
end_of_record
TN:
SF:src\components\file-item\components\FileItemStatus\FileItemStatus.tsx
FN:13,(anonymous_7)
FNF:1
FNH:0
FNDA:0,(anonymous_7)
DA:1,5
DA:2,5
DA:4,5
DA:5,5
DA:13,5
DA:21,0
DA:22,0
DA:25,0
DA:83,5
LF:9
LH:6
BRDA:27,0,0,0
BRDA:27,0,1,0
BRDA:28,1,0,0
BRDA:28,1,1,0
BRDA:36,2,0,0
BRDA:36,2,1,0
BRDA:57,3,0,0
BRDA:57,3,1,0
BRF:8
BRH:0
end_of_record
TN:
SF:src\components\file-item\utils\index.ts
FN:14,(anonymous_0)
FN:14,(anonymous_1)
FN:14,(anonymous_2)
FN:14,(anonymous_3)
FN:14,(anonymous_4)
FN:14,(anonymous_5)
FN:16,(anonymous_6)
FN:17,(anonymous_7)
FN:18,(anonymous_8)
FN:19,(anonymous_9)
FN:20,(anonymous_10)
FN:21,(anonymous_11)
FN:22,(anonymous_12)
FN:23,(anonymous_13)
FN:24,(anonymous_14)
FN:25,(anonymous_15)
FN:29,(anonymous_16)
FN:29,(anonymous_17)
FN:29,(anonymous_18)
FNF:19
FNH:0
FNDA:0,(anonymous_0)
FNDA:0,(anonymous_1)
FNDA:0,(anonymous_2)
FNDA:0,(anonymous_3)
FNDA:0,(anonymous_4)
FNDA:0,(anonymous_5)
FNDA:0,(anonymous_6)
FNDA:0,(anonymous_7)
FNDA:0,(anonymous_8)
FNDA:0,(anonymous_9)
FNDA:0,(anonymous_10)
FNDA:0,(anonymous_11)
FNDA:0,(anonymous_12)
FNDA:0,(anonymous_13)
FNDA:0,(anonymous_14)
FNDA:0,(anonymous_15)
FNDA:0,(anonymous_16)
FNDA:0,(anonymous_17)
FNDA:0,(anonymous_18)
DA:1,5
DA:2,5
DA:13,5
DA:14,5
DA:16,5
DA:17,5
DA:18,5
DA:19,5
DA:20,5
DA:21,5
DA:22,5
DA:23,5
DA:24,5
DA:25,5
DA:29,5
LF:15
LH:15
BRF:0
BRH:0
end_of_record
TN:
SF:src\components\file-item\utils\mime.files.ts
FN:30,(anonymous_0)
FN:47,(anonymous_1)
FN:61,(anonymous_2)
FN:78,(anonymous_3)
FN:89,(anonymous_4)
FN:111,(anonymous_5)
FN:167,(anonymous_6)
FN:197,(anonymous_7)
FN:235,(anonymous_8)
FN:264,(anonymous_9)
FNF:10
FNH:0
FNDA:0,(anonymous_0)
FNDA:0,(anonymous_1)
FNDA:0,(anonymous_2)
FNDA:0,(anonymous_3)
FNDA:0,(anonymous_4)
FNDA:0,(anonymous_5)
FNDA:0,(anonymous_6)
FNDA:0,(anonymous_7)
FNDA:0,(anonymous_8)
FNDA:0,(anonymous_9)
DA:1,5
DA:3,5
DA:24,5
DA:30,5
DA:31,0
DA:32,0
DA:33,0
DA:34,0
DA:35,0
DA:37,0
DA:38,0
DA:39,0
DA:43,0
DA:44,0
DA:47,5
DA:48,0
DA:49,0
DA:50,0
DA:51,0
DA:52,0
DA:53,0
DA:54,0
DA:55,0
DA:56,0
DA:57,0
DA:61,5
DA:62,0
DA:63,0
DA:64,0
DA:66,0
DA:67,0
DA:68,0
DA:69,0
DA:72,0
DA:73,0
DA:74,0
DA:78,5
DA:79,0
DA:80,0
DA:81,0
DA:82,0
DA:83,0
DA:84,0
DA:89,5
DA:90,0
DA:91,0
DA:92,0
DA:93,0
DA:94,0
DA:96,0
DA:97,0
DA:99,0
DA:103,0
DA:111,5
DA:112,0
DA:113,0
DA:114,0
DA:115,0
DA:116,0
DA:117,0
DA:118,0
DA:119,0
DA:120,0
DA:121,0
DA:122,0
DA:123,0
DA:124,0
DA:125,0
DA:126,0
DA:127,0
DA:128,0
DA:129,0
DA:130,0
DA:131,0
DA:132,0
DA:133,0
DA:134,0
DA:136,0
DA:137,0
DA:138,0
DA:139,0
DA:140,0
DA:141,0
DA:142,0
DA:143,0
DA:144,0
DA:145,0
DA:146,0
DA:147,0
DA:148,0
DA:149,0
DA:150,0
DA:151,0
DA:152,0
DA:153,0
DA:154,0
DA:155,0
DA:156,0
DA:157,0
DA:158,0
DA:167,5
DA:169,0
DA:170,0
DA:172,0
DA:173,0
DA:179,0
DA:180,0
DA:181,0
DA:182,0
DA:183,0
DA:184,0
DA:185,0
DA:187,0
DA:197,5
DA:198,0
DA:200,0
DA:201,0
DA:202,0
DA:203,0
DA:204,0
DA:205,0
DA:206,0
DA:207,0
DA:208,0
DA:209,0
DA:210,0
DA:211,0
DA:212,0
DA:213,0
DA:214,0
DA:215,0
DA:216,0
DA:217,0
DA:218,0
DA:219,0
DA:220,0
DA:221,0
DA:222,0
DA:223,0
DA:224,0
DA:227,0
DA:235,5
DA:236,0
DA:237,0
DA:238,0
DA:239,0
DA:240,0
DA:241,0
DA:242,0
DA:243,0
DA:244,0
DA:245,0
DA:246,0
DA:247,0
DA:248,0
DA:249,0
DA:250,0
DA:251,0
DA:252,0
DA:253,0
DA:256,0
DA:264,5
DA:266,0
DA:268,0
DA:269,0
DA:270,0
DA:272,0
DA:275,0
DA:277,0
DA:278,0
DA:282,0
DA:283,0
DA:286,0
DA:301,5
LF:174
LH:14
BRDA:31,0,0,0
BRDA:31,0,1,0
BRDA:31,0,2,0
BRDA:31,0,3,0
BRDA:31,0,4,0
BRDA:31,0,5,0
BRDA:31,0,6,0
BRDA:31,0,7,0
BRDA:31,0,8,0
BRDA:48,1,0,0
BRDA:48,1,1,0
BRDA:48,1,2,0
BRDA:48,1,3,0
BRDA:48,1,4,0
BRDA:48,1,5,0
BRDA:48,1,6,0
BRDA:48,1,7,0
BRDA:48,1,8,0
BRDA:62,2,0,0
BRDA:62,2,1,0
BRDA:62,2,2,0
BRDA:62,2,3,0
BRDA:62,2,4,0
BRDA:62,2,5,0
BRDA:62,2,6,0
BRDA:62,2,7,0
BRDA:62,2,8,0
BRDA:79,3,0,0
BRDA:79,3,1,0
BRDA:79,3,2,0
BRDA:79,3,3,0
BRDA:79,3,4,0
BRDA:90,4,0,0
BRDA:90,4,1,0
BRDA:90,4,2,0
BRDA:90,4,3,0
BRDA:90,4,4,0
BRDA:90,4,5,0
BRDA:90,4,6,0
BRDA:90,4,7,0
BRDA:112,5,0,0
BRDA:112,5,1,0
BRDA:112,5,2,0
BRDA:112,5,3,0
BRDA:112,5,4,0
BRDA:112,5,5,0
BRDA:112,5,6,0
BRDA:112,5,7,0
BRDA:112,5,8,0
BRDA:112,5,9,0
BRDA:112,5,10,0
BRDA:112,5,11,0
BRDA:112,5,12,0
BRDA:112,5,13,0
BRDA:112,5,14,0
BRDA:112,5,15,0
BRDA:112,5,16,0
BRDA:112,5,17,0
BRDA:112,5,18,0
BRDA:112,5,19,0
BRDA:112,5,20,0
BRDA:112,5,21,0
BRDA:112,5,22,0
BRDA:112,5,23,0
BRDA:112,5,24,0
BRDA:112,5,25,0
BRDA:112,5,26,0
BRDA:112,5,27,0
BRDA:112,5,28,0
BRDA:112,5,29,0
BRDA:112,5,30,0
BRDA:112,5,31,0
BRDA:112,5,32,0
BRDA:112,5,33,0
BRDA:112,5,34,0
BRDA:112,5,35,0
BRDA:112,5,36,0
BRDA:112,5,37,0
BRDA:112,5,38,0
BRDA:112,5,39,0
BRDA:112,5,40,0
BRDA:112,5,41,0
BRDA:112,5,42,0
BRDA:112,5,43,0
BRDA:112,5,44,0
BRDA:169,6,0,0
BRDA:169,7,0,0
BRDA:169,7,1,0
BRDA:179,8,0,0
BRDA:179,8,1,0
BRDA:179,8,2,0
BRDA:179,8,3,0
BRDA:179,8,4,0
BRDA:179,8,5,0
BRDA:179,8,6,0
BRDA:200,9,0,0
BRDA:200,10,0,0
BRDA:200,10,1,0
BRDA:201,11,0,0
BRDA:201,11,1,0
BRDA:201,12,0,0
BRDA:201,12,1,0
BRDA:203,13,0,0
BRDA:203,13,1,0
BRDA:205,14,0,0
BRDA:205,14,1,0
BRDA:207,15,0,0
BRDA:207,15,1,0
BRDA:209,16,0,0
BRDA:209,16,1,0
BRDA:211,17,0,0
BRDA:211,17,1,0
BRDA:213,18,0,0
BRDA:213,18,1,0
BRDA:215,19,0,0
BRDA:215,19,1,0
BRDA:217,20,0,0
BRDA:217,20,1,0
BRDA:219,21,0,0
BRDA:219,21,1,0
BRDA:221,22,0,0
BRDA:221,22,1,0
BRDA:223,23,0,0
BRDA:223,24,0,0
BRDA:223,24,1,0
BRDA:237,25,0,0
BRDA:237,26,0,0
BRDA:237,26,1,0
BRDA:238,27,0,0
BRDA:238,27,1,0
BRDA:240,28,0,0
BRDA:240,28,1,0
BRDA:242,29,0,0
BRDA:242,29,1,0
BRDA:244,30,0,0
BRDA:244,30,1,0
BRDA:246,31,0,0
BRDA:246,31,1,0
BRDA:246,32,0,0
BRDA:246,32,1,0
BRDA:248,33,0,0
BRDA:248,33,1,0
BRDA:250,34,0,0
BRDA:250,34,1,0
BRDA:252,35,0,0
BRDA:268,36,0,0
BRDA:268,36,1,0
BRDA:277,37,0,0
BRDA:282,38,0,0
BRF:149
BRH:0
end_of_record
TN:
SF:src\components\file-item\utils\reader.files.ts
FN:8,(anonymous_0)
FN:10,(anonymous_1)
FN:25,resizeImage
FN:30,(anonymous_3)
FN:34,(anonymous_4)
FN:82,(anonymous_5)
FN:83,(anonymous_6)
FN:86,(anonymous_7)
FNF:8
FNH:0
FNDA:0,(anonymous_0)
FNDA:0,(anonymous_1)
FNDA:0,resizeImage
FNDA:0,(anonymous_3)
FNDA:0,(anonymous_4)
FNDA:0,(anonymous_5)
FNDA:0,(anonymous_6)
FNDA:0,(anonymous_7)
DA:8,5
DA:9,0
DA:10,0
DA:12,0
DA:14,0
DA:15,0
DA:25,5
DA:27,0
DA:28,0
DA:30,0
DA:31,0
DA:32,0
DA:33,0
DA:34,0
DA:35,0
DA:36,0
DA:37,0
DA:38,0
DA:39,0
DA:41,0
DA:42,0
DA:44,0
DA:45,0
DA:46,0
DA:47,0
DA:50,0
DA:51,0
DA:52,0
DA:55,0
DA:56,0
DA:57,0
DA:58,0
DA:59,0
DA:60,0
DA:63,0
DA:64,0
DA:69,0
DA:70,0
DA:82,5
DA:83,0
DA:84,0
DA:85,0
DA:86,0
DA:87,0
DA:89,0
DA:91,0
LF:46
LH:3
BRDA:14,0,0,0
BRDA:27,1,0,0
BRDA:28,2,0,0
BRDA:41,3,0,0
BRDA:41,3,1,0
BRDA:41,4,0,0
BRDA:41,4,1,0
BRDA:44,5,0,0
BRDA:44,5,1,0
BRDA:45,6,0,0
BRDA:50,7,0,0
BRDA:58,8,0,0
BRDA:58,8,1,0
BRF:13
BRH:0
end_of_record
TN:
SF:src\components\file-item\utils\utils.files.ts
FN:5,(anonymous_0)
FN:16,(anonymous_1)
FN:29,(anonymous_2)
FN:41,(anonymous_3)
FN:67,(anonymous_4)
FN:84,(anonymous_5)
FN:87,(anonymous_6)
FN:99,(anonymous_7)
FNF:8
FNH:0
FNDA:0,(anonymous_0)
FNDA:0,(anonymous_1)
FNDA:0,(anonymous_2)
FNDA:0,(anonymous_3)
FNDA:0,(anonymous_4)
FNDA:0,(anonymous_5)
FNDA:0,(anonymous_6)
FNDA:0,(anonymous_7)
DA:5,5
DA:6,0
DA:16,5
DA:17,0
DA:29,5
DA:30,0
DA:31,0
DA:32,0
DA:33,0
DA:35,0
DA:41,5
DA:42,0
DA:43,0
DA:44,0
DA:46,0
DA:47,0
DA:50,0
DA:51,0
DA:52,0
DA:53,0
DA:54,0
DA:55,0
DA:57,0
DA:60,0
DA:67,5
DA:68,0
DA:69,0
DA:70,0
DA:71,0
DA:73,0
DA:84,5
DA:85,0
DA:86,0
DA:88,0
DA:91,0
DA:93,5
DA:99,5
DA:100,0
DA:101,0
DA:102,0
DA:104,0
LF:41
LH:8
BRDA:8,0,0,0
BRDA:8,0,1,0
BRDA:19,1,0,0
BRDA:19,1,1,0
BRDA:30,2,0,0
BRDA:30,2,1,0
BRDA:43,3,0,0
BRDA:46,4,0,0
BRDA:46,4,1,0
BRDA:50,5,0,0
BRDA:50,5,1,0
BRDA:52,6,0,0
BRDA:52,6,1,0
BRDA:54,7,0,0
BRDA:54,7,1,0
BRDA:70,8,0,0
BRDA:70,8,1,0
BRDA:99,9,0,0
BRDA:101,10,0,0
BRF:19
BRH:0
end_of_record
TN:
SF:src\components\file-item\utils\IconFiles\index.ts
FNF:0
FNH:0
DA:82,5
DA:83,5
DA:84,5
DA:85,5
DA:86,5
DA:87,5
DA:88,5
DA:89,5
DA:90,5
DA:91,5
DA:92,5
DA:93,5
DA:94,5
DA:95,5
DA:97,5
DA:98,5
DA:99,5
DA:100,5
DA:101,5
DA:102,5
DA:103,5
DA:104,5
DA:105,5
DA:106,5
DA:107,5
DA:108,5
DA:109,5
DA:110,5
DA:111,5
DA:112,5
DA:113,5
DA:114,5
DA:115,5
DA:116,5
DA:117,5
DA:118,5
DA:119,5
DA:120,5
DA:121,5
DA:122,5
DA:123,5
DA:124,5
DA:125,5
DA:126,5
DA:127,5
DA:128,5
DA:129,5
DA:130,5
DA:131,5
DA:132,5
DA:133,5
DA:134,5
DA:135,5
DA:136,5
DA:137,5
DA:138,5
DA:139,5
DA:140,5
DA:141,5
DA:142,5
DA:143,5
DA:144,5
DA:145,5
DA:146,5
DA:147,5
DA:148,5
DA:150,5
DA:151,5
DA:152,5
DA:153,5
DA:154,5
DA:155,5
DA:156,5
DA:157,5
DA:158,5
DA:159,5
DA:160,5
DA:161,5
DA:162,5
DA:163,5
DA:164,5
DA:165,5
DA:166,5
DA:167,5
DA:168,5
DA:169,5
LF:86
LH:86
BRF:0
BRH:0
end_of_record
TN:
SF:src\components\icons\index.ts
FN:1,(anonymous_5)
FN:4,(anonymous_6)
FN:7,(anonymous_7)
FN:10,(anonymous_8)
FN:13,(anonymous_9)
FN:16,(anonymous_10)
FN:19,(anonymous_11)
FN:22,(anonymous_12)
FN:25,(anonymous_13)
FN:28,(anonymous_14)
FN:32,(anonymous_15)
FN:36,(anonymous_16)
FNF:12
FNH:0
FNDA:0,(anonymous_5)
FNDA:0,(anonymous_6)
FNDA:0,(anonymous_7)
FNDA:0,(anonymous_8)
FNDA:0,(anonymous_9)
FNDA:0,(anonymous_10)
FNDA:0,(anonymous_11)
FNDA:0,(anonymous_12)
FNDA:0,(anonymous_13)
FNDA:0,(anonymous_14)
FNDA:0,(anonymous_15)
FNDA:0,(anonymous_16)
DA:1,5
DA:2,5
DA:4,5
DA:5,5
DA:7,5
DA:8,5
DA:10,5
DA:11,5
DA:13,5
DA:14,5
DA:16,5
DA:17,5
DA:19,5
DA:20,5
DA:22,5
DA:23,5
DA:25,5
DA:26,5
DA:28,5
DA:29,5
DA:32,5
DA:33,5
DA:36,5
DA:37,5
LF:24
LH:24
BRF:0
BRH:0
end_of_record
TN:
SF:src\components\icons\Cancel\Cancel.tsx
FN:5,(anonymous_3)
FN:12,(anonymous_4)
FNF:2
FNH:0
FNDA:0,(anonymous_3)
FNDA:0,(anonymous_4)
DA:1,5
DA:2,5
DA:5,5
DA:6,0
DA:7,0
DA:8,0
DA:9,0
DA:12,0
DA:30,5
LF:9
LH:4
BRDA:8,0,0,0
BRDA:8,0,1,0
BRDA:11,1,0,0
BRDA:11,1,1,0
BRDA:12,2,0,0
BRDA:12,2,1,0
BRDA:12,3,0,0
BRDA:12,3,1,0
BRDA:17,4,0,0
BRDA:17,4,1,0
BRDA:18,5,0,0
BRDA:18,5,1,0
BRDA:23,6,0,0
BRDA:23,6,1,0
BRF:14
BRH:0
end_of_record
TN:
SF:src\components\icons\CheckCircle\CheckCircle.tsx
FN:5,(anonymous_3)
FN:14,(anonymous_4)
FNF:2
FNH:0
FNDA:0,(anonymous_3)
FNDA:0,(anonymous_4)
DA:1,5
DA:3,5
DA:5,5
DA:6,0
DA:7,0
DA:8,0
DA:10,0
DA:14,0
DA:26,5
LF:9
LH:4
BRDA:8,0,0,0
BRDA:8,0,1,0
BRDA:12,1,0,0
BRDA:12,1,1,0
BRDA:13,2,0,0
BRDA:13,2,1,0
BRDA:14,3,0,0
BRDA:14,3,1,0
BRDA:14,4,0,0
BRDA:14,4,1,0
BRDA:19,5,0,0
BRDA:19,5,1,0
BRDA:21,6,0,0
BRDA:21,6,1,0
BRF:14
BRH:0
end_of_record
TN:
SF:src\components\icons\Clean\Clean.tsx
FN:5,(anonymous_3)
FN:20,(anonymous_4)
FNF:2
FNH:0
FNDA:0,(anonymous_3)
FNDA:0,(anonymous_4)
DA:1,5
DA:2,5
DA:5,5
DA:13,0
DA:14,0
DA:15,0
DA:16,0
DA:20,0
DA:43,5
LF:9
LH:4
BRDA:15,0,0,0
BRDA:15,0,1,0
BRDA:18,1,0,0
BRDA:18,1,1,0
BRDA:19,2,0,0
BRDA:19,2,1,0
BRDA:20,3,0,0
BRDA:20,3,1,0
BRDA:20,4,0,0
BRDA:20,4,1,0
BRDA:23,5,0,0
BRDA:23,5,1,0
BRDA:25,6,0,0
BRDA:25,6,1,0
BRDA:26,7,0,0
BRDA:26,7,1,0
BRDA:31,8,0,0
BRDA:31,8,1,0
BRDA:32,9,0,0
BRDA:32,9,1,0
BRF:20
BRH:0
end_of_record
TN:
SF:src\components\icons\Close\Close.tsx
FN:5,(anonymous_3)
FN:21,(anonymous_4)
FNF:2
FNH:0
FNDA:0,(anonymous_3)
FNDA:0,(anonymous_4)
DA:1,5
DA:2,5
DA:5,5
DA:13,0
DA:14,0
DA:15,0
DA:17,0
DA:21,0
DA:37,5
LF:9
LH:4
BRDA:15,0,0,0
BRDA:15,0,1,0
BRDA:19,1,0,0
BRDA:19,1,1,0
BRDA:20,2,0,0
BRDA:20,2,1,0
BRDA:21,3,0,0
BRDA:21,3,1,0
BRDA:21,4,0,0
BRDA:21,4,1,0
BRDA:23,5,0,0
BRDA:23,5,1,0
BRDA:25,6,0,0
BRDA:25,6,1,0
BRDA:26,7,0,0
BRDA:26,7,1,0
BRDA:28,8,0,0
BRDA:28,8,1,0
BRDA:28,9,0,0
BRDA:28,9,1,0
BRF:20
BRH:0
end_of_record
TN:
SF:src\components\icons\DoDisturb\DoDisturb.tsx
FN:5,(anonymous_3)
FN:21,(anonymous_4)
FNF:2
FNH:0
FNDA:0,(anonymous_3)
FNDA:0,(anonymous_4)
DA:1,5
DA:3,5
DA:5,5
DA:13,0
DA:14,0
DA:15,0
DA:17,0
DA:21,0
DA:38,5
LF:9
LH:4
BRDA:15,0,0,0
BRDA:15,0,1,0
BRDA:19,1,0,0
BRDA:19,1,1,0
BRDA:20,2,0,0
BRDA:20,2,1,0
BRDA:21,3,0,0
BRDA:21,3,1,0
BRDA:21,4,0,0
BRDA:21,4,1,0
BRDA:23,5,0,0
BRDA:23,5,1,0
BRDA:25,6,0,0
BRDA:25,6,1,0
BRDA:26,7,0,0
BRDA:26,7,1,0
BRF:16
BRH:0
end_of_record
TN:
SF:src\components\icons\Info\Info.tsx
FN:5,(anonymous_1)
FN:16,(anonymous_2)
FNF:2
FNH:0
FNDA:0,(anonymous_1)
FNDA:0,(anonymous_2)
DA:1,5
DA:3,5
DA:5,5
DA:6,0
DA:7,0
DA:8,0
DA:16,0
DA:28,5
LF:8
LH:4
BRDA:10,0,0,0
BRDA:10,0,1,0
BRDA:15,1,0,0
BRDA:15,1,1,0
BRDA:16,2,0,0
BRDA:16,2,1,0
BRDA:16,3,0,0
BRDA:16,3,1,0
BRDA:21,4,0,0
BRDA:21,4,1,0
BRF:10
BRH:0
end_of_record
TN:
SF:src\components\icons\Upload\Upload.tsx
FN:5,(anonymous_3)
FN:12,(anonymous_4)
FNF:2
FNH:0
FNDA:0,(anonymous_3)
FNDA:0,(anonymous_4)
DA:1,5
DA:2,5
DA:5,5
DA:6,0
DA:7,0
DA:8,0
DA:9,0
DA:12,0
DA:34,5
LF:9
LH:4
BRDA:8,0,0,0
BRDA:8,0,1,0
BRDA:11,1,0,0
BRDA:11,1,1,0
BRDA:12,2,0,0
BRDA:12,2,1,0
BRDA:12,3,0,0
BRDA:12,3,1,0
BRDA:18,4,0,0
BRDA:18,4,1,0
BRDA:19,5,0,0
BRDA:19,5,1,0
BRDA:23,6,0,0
BRDA:23,6,1,0
BRDA:24,7,0,0
BRDA:24,7,1,0
BRDA:25,8,0,0
BRDA:25,8,1,0
BRF:18
BRH:0
end_of_record
TN:
SF:src\components\icons\UploadDone\UploadDone.tsx
FN:5,(anonymous_3)
FN:13,(anonymous_4)
FNF:2
FNH:0
FNDA:0,(anonymous_3)
FNDA:0,(anonymous_4)
DA:1,5
DA:2,5
DA:5,5
DA:6,0
DA:7,0
DA:8,0
DA:9,0
DA:13,0
DA:37,5
LF:9
LH:4
BRDA:8,0,0,0
BRDA:8,0,1,0
BRDA:11,1,0,0
BRDA:11,1,1,0
BRDA:12,2,0,0
BRDA:12,2,1,0
BRDA:13,3,0,0
BRDA:13,3,1,0
BRDA:13,4,0,0
BRDA:13,4,1,0
BRDA:19,5,0,0
BRDA:19,5,1,0
BRDA:23,6,0,0
BRDA:23,6,1,0
BRF:14
BRH:0
end_of_record
TN:
SF:src\components\icons\UploadError\UploadError.tsx
FN:5,(anonymous_3)
FN:13,(anonymous_4)
FNF:2
FNH:0
FNDA:0,(anonymous_3)
FNDA:0,(anonymous_4)
DA:1,5
DA:2,5
DA:5,5
DA:6,0
DA:7,0
DA:8,0
DA:9,0
DA:13,0
DA:29,5
LF:9
LH:4
BRDA:8,0,0,0
BRDA:8,0,1,0
BRDA:11,1,0,0
BRDA:11,1,1,0
BRDA:12,2,0,0
BRDA:12,2,1,0
BRDA:13,3,0,0
BRDA:13,3,1,0
BRDA:13,4,0,0
BRDA:13,4,1,0
BRDA:18,5,0,0
BRDA:18,5,1,0
BRDA:21,6,0,0
BRDA:21,6,1,0
BRF:14
BRH:0
end_of_record
TN:
SF:src\components\icons\UploadingProcess\UploadingProcess.tsx
FN:5,(anonymous_3)
FN:25,(anonymous_4)
FNF:2
FNH:0
FNDA:0,(anonymous_3)
FNDA:0,(anonymous_4)
DA:1,5
DA:2,5
DA:4,5
DA:5,5
DA:16,0
DA:17,0
DA:18,0
DA:19,0
DA:20,0
DA:21,0
DA:25,0
DA:37,5
LF:12
LH:5
BRDA:18,0,0,0
BRDA:18,0,1,0
BRDA:19,1,0,0
BRDA:19,1,1,0
BRDA:20,2,0,0
BRDA:20,2,1,0
BRDA:24,3,0,0
BRDA:24,3,1,0
BRDA:25,4,0,0
BRDA:25,4,1,0
BRDA:25,5,0,0
BRDA:25,5,1,0
BRDA:27,6,0,0
BRDA:27,6,1,0
BRDA:29,7,0,0
BRDA:29,7,1,0
BRDA:30,8,0,0
BRDA:30,8,1,0
BRF:18
BRH:0
end_of_record
TN:
SF:src\components\icons\ViewGrid\ViewGrid.tsx
FN:5,(anonymous_3)
FN:14,(anonymous_4)
FNF:2
FNH:0
FNDA:0,(anonymous_3)
FNDA:0,(anonymous_4)
DA:1,5
DA:2,5
DA:5,5
DA:8,0
DA:9,0
DA:10,0
DA:11,0
DA:14,0
DA:32,5
LF:9
LH:4
BRDA:10,0,0,0
BRDA:10,0,1,0
BRDA:13,1,0,0
BRDA:13,1,1,0
BRDA:14,2,0,0
BRDA:14,2,1,0
BRDA:14,3,0,0
BRDA:14,3,1,0
BRDA:20,4,0,0
BRDA:20,4,1,0
BRDA:21,5,0,0
BRDA:21,5,1,0
BRF:12
BRH:0
end_of_record
TN:
SF:src\components\icons\ViewList\ViewList.tsx
FN:5,(anonymous_3)
FN:12,(anonymous_4)
FNF:2
FNH:0
FNDA:0,(anonymous_3)
FNDA:0,(anonymous_4)
DA:1,5
DA:2,5
DA:5,5
DA:6,0
DA:7,0
DA:8,0
DA:9,0
DA:12,0
DA:30,5
LF:9
LH:4
BRDA:8,0,0,0
BRDA:8,0,1,0
BRDA:11,1,0,0
BRDA:11,1,1,0
BRDA:12,2,0,0
BRDA:12,2,1,0
BRDA:12,3,0,0
BRDA:12,3,1,0
BRDA:18,4,0,0
BRDA:18,4,1,0
BRDA:19,5,0,0
BRDA:19,5,1,0
BRDA:22,6,0,0
BRDA:22,6,1,0
BRDA:23,7,0,0
BRDA:23,7,1,0
BRDA:24,8,0,0
BRDA:24,8,1,0
BRF:18
BRH:0
end_of_record
TN:
SF:src\components\icons\Visibility\Visibility.tsx
FN:5,(anonymous_3)
FN:19,(anonymous_4)
FNF:2
FNH:0
FNDA:0,(anonymous_3)
FNDA:0,(anonymous_4)
DA:1,5
DA:2,5
DA:5,5
DA:6,0
DA:7,0
DA:8,0
DA:10,0
DA:19,0
DA:31,5
LF:9
LH:4
BRDA:8,0,0,0
BRDA:8,0,1,0
BRDA:12,1,0,0
BRDA:12,1,1,0
BRDA:13,2,0,0
BRDA:13,2,1,0
BRDA:18,3,0,0
BRDA:18,3,1,0
BRDA:19,4,0,0
BRDA:19,4,1,0
BRDA:19,5,0,0
BRDA:19,5,1,0
BRDA:25,6,0,0
BRDA:25,6,1,0
BRF:14
BRH:0
end_of_record
TN:
SF:src\components\icons\utils\utils.ts
FN:3,(anonymous_0)
FNF:1
FNH:0
FNDA:0,(anonymous_0)
DA:3,5
DA:4,0
DA:6,0
DA:8,0
DA:10,0
DA:12,0
DA:14,0
DA:16,0
LF:8
LH:1
BRDA:4,0,0,0
BRDA:4,0,1,0
BRDA:4,0,2,0
BRDA:4,0,3,0
BRDA:4,0,4,0
BRDA:4,0,5,0
BRF:6
BRH:0
end_of_record
TN:
SF:src\components\image-preview\FullScreenPreview.tsx
FN:7,(anonymous_1)
FN:10,handleClose
FNF:2
FNH:0
FNDA:0,(anonymous_1)
FNDA:0,handleClose
DA:2,5
DA:3,5
DA:4,5
DA:7,5
DA:8,0
DA:14,0
DA:15,0
DA:17,0
DA:47,5
LF:9
LH:5
BRDA:15,0,0,0
BRDA:15,0,1,0
BRDA:15,1,0,0
BRDA:15,1,1,0
BRDA:19,2,0,0
BRDA:19,2,1,0
BRDA:22,3,0,0
BRDA:22,3,1,0
BRDA:22,3,2,0
BRF:9
BRH:0
end_of_record
TN:
SF:src\components\input-button\InputButton.tsx
FN:14,(anonymous_6)
FN:37,(anonymous_7)
FN:54,clickInput
FNF:3
FNH:0
FNDA:0,(anonymous_6)
FNDA:0,(anonymous_7)
FNDA:0,clickInput
DA:1,5
DA:2,5
DA:3,5
DA:4,5
DA:5,5
DA:12,5
DA:14,5
DA:16,0
DA:17,0
DA:18,0
DA:19,0
DA:20,0
DA:21,0
DA:22,0
DA:23,0
DA:24,0
DA:25,0
DA:26,0
DA:27,0
DA:28,0
DA:29,0
DA:30,0
DA:36,0
DA:37,0
DA:40,0
DA:41,0
DA:43,0
DA:44,0
DA:45,0
DA:48,0
DA:52,0
DA:55,0
DA:56,0
DA:57,0
DA:58,0
DA:59,0
DA:62,0
DA:88,5
LF:38
LH:8
BRDA:43,0,0,0
BRDA:43,1,0,0
BRDA:43,1,1,0
BRDA:45,2,0,0
BRDA:45,2,1,0
BRDA:52,3,0,0
BRDA:52,3,1,0
BRDA:52,4,0,0
BRDA:52,4,1,0
BRDA:58,5,0,0
BRDA:76,6,0,0
BRDA:76,6,1,0
BRF:12
BRH:0
end_of_record
TN:
SF:src\components\input-button\InputButtonProps.ts
FN:66,(anonymous_2)
FNF:1
FNH:0
FNDA:0,(anonymous_2)
DA:1,5
DA:54,5
LF:2
LH:2
BRF:0
BRH:0
end_of_record
TN:
SF:src\components\paper\index.ts
FN:1,(anonymous_5)
FNF:1
FNH:0
FNDA:0,(anonymous_5)
DA:1,5
DA:2,5
LF:2
LH:2
BRF:0
BRH:0
end_of_record
TN:
SF:src\components\paper\components\Paper.tsx
FN:6,(anonymous_1)
FN:21,(anonymous_2)
FN:34,(anonymous_3)
FN:39,(anonymous_4)
FNF:4
FNH:0
FNDA:0,(anonymous_1)
FNDA:0,(anonymous_2)
FNDA:0,(anonymous_3)
FNDA:0,(anonymous_4)
DA:1,5
DA:2,5
DA:3,5
DA:4,5
DA:6,5
DA:8,0
DA:9,0
DA:10,0
DA:11,0
DA:12,0
DA:13,0
DA:14,0
DA:15,0
DA:21,0
DA:22,0
DA:23,0
DA:24,0
DA:26,0
DA:29,0
DA:30,0
DA:32,0
DA:34,0
DA:37,0
DA:39,0
DA:42,0
DA:45,0
DA:71,5
LF:27
LH:6
BRDA:23,0,0,0
BRDA:23,0,1,0
BRDA:29,1,0,0
BRDA:37,2,0,0
BRDA:37,2,1,0
BRDA:37,3,0,0
BRDA:37,3,1,0
BRDA:42,4,0,0
BRDA:42,4,1,0
BRDA:42,5,0,0
BRDA:42,5,1,0
BRDA:46,6,0,0
BRDA:46,6,1,0
BRF:13
BRH:0
end_of_record
TN:
SF:src\components\paper\components\PaperProps.ts
FN:28,(anonymous_0)
FNF:1
FNH:0
FNDA:0,(anonymous_0)
DA:27,5
LF:1
LH:1
BRF:0
BRH:0
end_of_record
TN:
SF:src\components\tooltip\components\Tooltip.tsx
FN:5,(anonymous_6)
FN:22,(anonymous_7)
FN:47,(anonymous_8)
FN:55,(anonymous_9)
FNF:4
FNH:0
FNDA:0,(anonymous_6)
FNDA:0,(anonymous_7)
FNDA:0,(anonymous_8)
FNDA:0,(anonymous_9)
DA:1,5
DA:3,5
DA:5,5
DA:17,0
DA:18,0
DA:21,0
DA:22,0
DA:23,0
DA:27,0
DA:30,0
DA:33,0
DA:34,0
DA:35,0
DA:36,0
DA:37,0
DA:39,0
DA:44,0
DA:45,0
DA:48,0
DA:49,0
DA:55,0
DA:56,0
DA:58,0
DA:80,5
LF:24
LH:4
BRDA:23,0,0,0
BRDA:23,0,1,0
BRDA:27,1,0,0
BRDA:27,1,1,0
BRDA:34,2,0,0
BRDA:34,2,1,0
BRDA:36,3,0,0
BRDA:36,3,1,0
BRDA:46,4,0,0
BRDA:46,4,1,0
BRDA:60,5,0,0
BRDA:60,5,1,0
BRDA:60,5,2,0
BRDA:60,5,3,0
BRDA:63,6,0,0
BRDA:63,6,1,0
BRF:16
BRH:0
end_of_record
TN:
SF:src\localization\FileItem.localization.ts
FN:25,(anonymous_0)
FNF:1
FNH:0
FNDA:0,(anonymous_0)
DA:1,5
DA:3,5
DA:4,5
DA:5,5
DA:6,5
DA:7,5
DA:8,5
DA:10,5
DA:25,5
DA:26,0
DA:27,0
DA:28,0
DA:29,0
DA:30,0
DA:31,0
DA:32,0
DA:33,0
DA:34,0
LF:18
LH:9
BRDA:26,0,0,0
BRDA:26,0,1,0
BRDA:26,0,2,0
BRDA:26,0,3,0
BRDA:26,0,4,0
BRDA:26,0,5,0
BRDA:26,0,6,0
BRDA:26,0,7,0
BRF:8
BRH:0
end_of_record
TN:
SF:src\localization\dropzone.localization.ts
FN:25,(anonymous_0)
FNF:1
FNH:0
FNDA:0,(anonymous_0)
DA:1,5
DA:3,5
DA:4,5
DA:5,5
DA:6,5
DA:7,5
DA:8,5
DA:10,5
DA:25,5
DA:26,0
DA:27,0
DA:28,0
DA:29,0
DA:30,0
DA:31,0
DA:32,0
DA:33,0
DA:34,0
LF:18
LH:9
BRDA:26,0,0,0
BRDA:26,0,1,0
BRDA:26,0,2,0
BRDA:26,0,3,0
BRDA:26,0,4,0
BRDA:26,0,5,0
BRDA:26,0,6,0
BRDA:26,0,7,0
BRF:8
BRH:0
end_of_record
TN:
SF:src\localization\index.ts
FN:14,(anonymous_0)
FN:13,(anonymous_1)
FN:12,(anonymous_2)
FN:14,(anonymous_3)
FN:13,(anonymous_4)
FN:12,(anonymous_5)
FN:14,(anonymous_6)
FN:13,(anonymous_7)
FN:12,(anonymous_8)
FN:14,(anonymous_9)
FN:13,(anonymous_10)
FN:12,(anonymous_11)
FN:14,(anonymous_12)
FN:13,(anonymous_13)
FN:12,(anonymous_14)
FN:14,(anonymous_15)
FN:13,(anonymous_16)
FN:12,(anonymous_17)
FN:14,(anonymous_18)
FN:13,(anonymous_19)
FN:12,(anonymous_20)
FN:14,(anonymous_21)
FN:14,(anonymous_22)
FN:13,(anonymous_23)
FN:13,(anonymous_24)
FN:12,(anonymous_25)
FN:12,(anonymous_26)
FNF:27
FNH:0
FNDA:0,(anonymous_0)
FNDA:0,(anonymous_1)
FNDA:0,(anonymous_2)
FNDA:0,(anonymous_3)
FNDA:0,(anonymous_4)
FNDA:0,(anonymous_5)
FNDA:0,(anonymous_6)
FNDA:0,(anonymous_7)
FNDA:0,(anonymous_8)
FNDA:0,(anonymous_9)
FNDA:0,(anonymous_10)
FNDA:0,(anonymous_11)
FNDA:0,(anonymous_12)
FNDA:0,(anonymous_13)
FNDA:0,(anonymous_14)
FNDA:0,(anonymous_15)
FNDA:0,(anonymous_16)
FNDA:0,(anonymous_17)
FNDA:0,(anonymous_18)
FNDA:0,(anonymous_19)
FNDA:0,(anonymous_20)
FNDA:0,(anonymous_21)
FNDA:0,(anonymous_22)
FNDA:0,(anonymous_23)
FNDA:0,(anonymous_24)
FNDA:0,(anonymous_25)
FNDA:0,(anonymous_26)
DA:1,5
DA:2,5
DA:3,5
DA:4,5
DA:5,5
DA:6,5
DA:7,5
DA:8,5
DA:9,5
DA:10,5
DA:12,5
DA:13,5
DA:14,5
LF:13
LH:13
BRF:0
BRH:0
end_of_record
TN:
SF:src\localization\validationError.localization.ts
FN:24,(anonymous_0)
FNF:1
FNH:0
FNDA:0,(anonymous_0)
DA:1,5
DA:3,5
DA:4,5
DA:5,5
DA:6,5
DA:7,5
DA:8,5
DA:10,5
DA:24,5
DA:26,0
DA:27,0
DA:28,0
DA:29,0
DA:30,0
DA:31,0
DA:32,0
DA:33,0
DA:34,0
LF:18
LH:9
BRDA:26,0,0,0
BRDA:26,0,1,0
BRDA:26,0,2,0
BRDA:26,0,3,0
BRDA:26,0,4,0
BRDA:26,0,5,0
BRDA:26,0,6,0
BRDA:26,0,7,0
BRF:8
BRH:0
end_of_record
TN:
SF:src\localization\Chinese-simplified\localization.simplifiedChinese.ts
FN:10,(anonymous_0)
FN:11,(anonymous_1)
FN:15,(anonymous_2)
FN:19,(anonymous_3)
FN:20,(anonymous_4)
FN:48,(anonymous_5)
FN:51,(anonymous_6)
FNF:7
FNH:0
FNDA:0,(anonymous_0)
FNDA:0,(anonymous_1)
FNDA:0,(anonymous_2)
FNDA:0,(anonymous_3)
FNDA:0,(anonymous_4)
FNDA:0,(anonymous_5)
FNDA:0,(anonymous_6)
DA:2,5
DA:8,5
DA:10,0
DA:11,0
DA:15,0
DA:19,0
DA:20,0
DA:29,5
DA:47,5
DA:49,0
DA:52,0
LF:11
LH:4
BRF:0
BRH:0
end_of_record
TN:
SF:src\localization\Chinese-traditional\localization.traditionalChinese.ts
FN:10,(anonymous_0)
FN:11,(anonymous_1)
FN:15,(anonymous_2)
FN:19,(anonymous_3)
FN:20,(anonymous_4)
FN:48,(anonymous_5)
FN:51,(anonymous_6)
FNF:7
FNH:0
FNDA:0,(anonymous_0)
FNDA:0,(anonymous_1)
FNDA:0,(anonymous_2)
FNDA:0,(anonymous_3)
FNDA:0,(anonymous_4)
FNDA:0,(anonymous_5)
FNDA:0,(anonymous_6)
DA:2,5
DA:8,5
DA:10,0
DA:11,0
DA:15,0
DA:19,0
DA:20,0
DA:29,5
DA:47,5
DA:49,0
DA:52,0
LF:11
LH:4
BRF:0
BRH:0
end_of_record
TN:
SF:src\localization\English\localization.english.ts
FN:10,(anonymous_0)
FN:11,(anonymous_1)
FN:15,(anonymous_2)
FN:19,(anonymous_3)
FN:20,(anonymous_4)
FN:48,(anonymous_5)
FN:51,(anonymous_6)
FNF:7
FNH:0
FNDA:0,(anonymous_0)
FNDA:0,(anonymous_1)
FNDA:0,(anonymous_2)
FNDA:0,(anonymous_3)
FNDA:0,(anonymous_4)
FNDA:0,(anonymous_5)
FNDA:0,(anonymous_6)
DA:2,5
DA:8,5
DA:10,0
DA:11,0
DA:15,0
DA:19,0
DA:20,0
DA:29,5
DA:47,5
DA:49,0
DA:52,0
LF:11
LH:4
BRF:0
BRH:0
end_of_record
TN:
SF:src\localization\French\localization.french.ts
FN:10,(anonymous_0)
FN:11,(anonymous_1)
FN:15,(anonymous_2)
FN:19,(anonymous_3)
FN:20,(anonymous_4)
FN:48,(anonymous_5)
FN:50,(anonymous_6)
FNF:7
FNH:0
FNDA:0,(anonymous_0)
FNDA:0,(anonymous_1)
FNDA:0,(anonymous_2)
FNDA:0,(anonymous_3)
FNDA:0,(anonymous_4)
FNDA:0,(anonymous_5)
FNDA:0,(anonymous_6)
DA:1,5
DA:7,5
DA:10,0
DA:11,0
DA:15,0
DA:19,0
DA:20,0
DA:29,5
DA:47,5
DA:48,0
DA:50,0
LF:11
LH:4
BRF:0
BRH:0
end_of_record
TN:
SF:src\localization\Portuguese\localization.portuguese.ts
FN:10,(anonymous_0)
FN:11,(anonymous_1)
FN:15,(anonymous_2)
FN:19,(anonymous_3)
FN:20,(anonymous_4)
FN:48,(anonymous_5)
FN:50,(anonymous_6)
FNF:7
FNH:0
FNDA:0,(anonymous_0)
FNDA:0,(anonymous_1)
FNDA:0,(anonymous_2)
FNDA:0,(anonymous_3)
FNDA:0,(anonymous_4)
FNDA:0,(anonymous_5)
FNDA:0,(anonymous_6)
DA:1,5
DA:7,5
DA:10,0
DA:11,0
DA:15,0
DA:19,0
DA:20,0
DA:30,5
DA:47,5
DA:48,0
DA:50,0
LF:11
LH:4
BRF:0
BRH:0
end_of_record
TN:
SF:src\localization\Russian\localization.russian.ts
FN:9,(anonymous_0)
FN:10,(anonymous_1)
FN:14,(anonymous_2)
FN:18,(anonymous_3)
FN:19,(anonymous_4)
FN:48,(anonymous_5)
FN:51,(anonymous_6)
FNF:7
FNH:0
FNDA:0,(anonymous_0)
FNDA:0,(anonymous_1)
FNDA:0,(anonymous_2)
FNDA:0,(anonymous_3)
FNDA:0,(anonymous_4)
FNDA:0,(anonymous_5)
FNDA:0,(anonymous_6)
DA:1,5
DA:7,5
DA:9,0
DA:10,0
DA:14,0
DA:18,0
DA:19,0
DA:29,5
DA:47,5
DA:49,0
DA:52,0
LF:11
LH:4
BRF:0
BRH:0
end_of_record
TN:
SF:src\localization\Spanish\localization.spanish.ts
FN:10,(anonymous_0)
FN:11,(anonymous_1)
FN:15,(anonymous_2)
FN:19,(anonymous_3)
FN:20,(anonymous_4)
FN:48,(anonymous_5)
FN:50,(anonymous_6)
FNF:7
FNH:0
FNDA:0,(anonymous_0)
FNDA:0,(anonymous_1)
FNDA:0,(anonymous_2)
FNDA:0,(anonymous_3)
FNDA:0,(anonymous_4)
FNDA:0,(anonymous_5)
FNDA:0,(anonymous_6)
DA:1,5
DA:7,5
DA:10,0
DA:11,0
DA:15,0
DA:19,0
DA:20,0
DA:29,5
DA:47,5
DA:48,0
DA:50,0
LF:11
LH:4
BRF:0
BRH:0
end_of_record
TN:
SF:src\utils\SyntheticFile.ts
FN:6,(anonymous_0)
FN:14,(anonymous_2)
FN:17,(anonymous_3)
FN:28,(anonymous_4)
FN:36,(anonymous_5)
FN:44,(anonymous_6)
FN:52,(anonymous_7)
FN:60,(anonymous_8)
FN:68,(anonymous_9)
FN:76,(anonymous_10)
FN:84,(anonymous_11)
FN:92,(anonymous_12)
FN:100,(anonymous_13)
FN:108,(anonymous_14)
FN:116,(anonymous_15)
FN:124,(anonymous_16)
FN:132,(anonymous_17)
FN:140,(anonymous_18)
FN:148,(anonymous_19)
FN:156,(anonymous_20)
FN:164,(anonymous_21)
FN:172,(anonymous_22)
FN:180,(anonymous_23)
FN:188,(anonymous_24)
FN:196,(anonymous_25)
FN:204,(anonymous_26)
FN:212,(anonymous_27)
FN:220,(anonymous_28)
FN:228,(anonymous_29)
FN:236,(anonymous_30)
FN:244,(anonymous_31)
FN:252,(anonymous_32)
FN:260,(anonymous_33)
FN:268,(anonymous_34)
FN:276,(anonymous_35)
FN:284,(anonymous_36)
FN:292,(anonymous_37)
FN:300,(anonymous_38)
FN:308,(anonymous_39)
FN:316,(anonymous_40)
FN:324,(anonymous_41)
FN:332,(anonymous_42)
FN:340,(anonymous_43)
FN:348,(anonymous_44)
FN:356,(anonymous_45)
FN:364,(anonymous_46)
FN:372,(anonymous_47)
FN:380,(anonymous_48)
FN:388,(anonymous_49)
FN:396,(anonymous_50)
FN:404,(anonymous_51)
FN:412,(anonymous_52)
FN:420,(anonymous_53)
FN:428,(anonymous_54)
FN:436,(anonymous_55)
FN:444,(anonymous_56)
FN:452,(anonymous_57)
FN:460,(anonymous_58)
FN:468,(anonymous_59)
FN:476,(anonymous_60)
FN:484,(anonymous_61)
FN:492,(anonymous_62)
FN:500,(anonymous_63)
FN:508,(anonymous_64)
FN:516,(anonymous_65)
FN:524,(anonymous_66)
FN:532,(anonymous_67)
FN:540,(anonymous_68)
FN:548,(anonymous_69)
FN:556,(anonymous_70)
FN:564,(anonymous_71)
FN:572,(anonymous_72)
FN:580,(anonymous_73)
FN:588,(anonymous_74)
FN:596,(anonymous_75)
FN:604,(anonymous_76)
FN:612,(anonymous_77)
FN:620,(anonymous_78)
FN:628,(anonymous_79)
FN:636,(anonymous_80)
FN:644,(anonymous_81)
FN:652,(anonymous_82)
FN:660,(anonymous_83)
FN:668,(anonymous_84)
FN:676,(anonymous_85)
FN:684,(anonymous_86)
FN:692,(anonymous_87)
FN:700,(anonymous_88)
FN:708,(anonymous_89)
FN:716,(anonymous_90)
FNF:90
FNH:1
FNDA:5,(anonymous_0)
FNDA:0,(anonymous_2)
FNDA:0,(anonymous_3)
FNDA:0,(anonymous_4)
FNDA:0,(anonymous_5)
FNDA:0,(anonymous_6)
FNDA:0,(anonymous_7)
FNDA:0,(anonymous_8)
FNDA:0,(anonymous_9)
FNDA:0,(anonymous_10)
FNDA:0,(anonymous_11)
FNDA:0,(anonymous_12)
FNDA:0,(anonymous_13)
FNDA:0,(anonymous_14)
FNDA:0,(anonymous_15)
FNDA:0,(anonymous_16)
FNDA:0,(anonymous_17)
FNDA:0,(anonymous_18)
FNDA:0,(anonymous_19)
FNDA:0,(anonymous_20)
FNDA:0,(anonymous_21)
FNDA:0,(anonymous_22)
FNDA:0,(anonymous_23)
FNDA:0,(anonymous_24)
FNDA:0,(anonymous_25)
FNDA:0,(anonymous_26)
FNDA:0,(anonymous_27)
FNDA:0,(anonymous_28)
FNDA:0,(anonymous_29)
FNDA:0,(anonymous_30)
FNDA:0,(anonymous_31)
FNDA:0,(anonymous_32)
FNDA:0,(anonymous_33)
FNDA:0,(anonymous_34)
FNDA:0,(anonymous_35)
FNDA:0,(anonymous_36)
FNDA:0,(anonymous_37)
FNDA:0,(anonymous_38)
FNDA:0,(anonymous_39)
FNDA:0,(anonymous_40)
FNDA:0,(anonymous_41)
FNDA:0,(anonymous_42)
FNDA:0,(anonymous_43)
FNDA:0,(anonymous_44)
FNDA:0,(anonymous_45)
FNDA:0,(anonymous_46)
FNDA:0,(anonymous_47)
FNDA:0,(anonymous_48)
FNDA:0,(anonymous_49)
FNDA:0,(anonymous_50)
FNDA:0,(anonymous_51)
FNDA:0,(anonymous_52)
FNDA:0,(anonymous_53)
FNDA:0,(anonymous_54)
FNDA:0,(anonymous_55)
FNDA:0,(anonymous_56)
FNDA:0,(anonymous_57)
FNDA:0,(anonymous_58)
FNDA:0,(anonymous_59)
FNDA:0,(anonymous_60)
FNDA:0,(anonymous_61)
FNDA:0,(anonymous_62)
FNDA:0,(anonymous_63)
FNDA:0,(anonymous_64)
FNDA:0,(anonymous_65)
FNDA:0,(anonymous_66)
FNDA:0,(anonymous_67)
FNDA:0,(anonymous_68)
FNDA:0,(anonymous_69)
FNDA:0,(anonymous_70)
FNDA:0,(anonymous_71)
FNDA:0,(anonymous_72)
FNDA:0,(anonymous_73)
FNDA:0,(anonymous_74)
FNDA:0,(anonymous_75)
FNDA:0,(anonymous_76)
FNDA:0,(anonymous_77)
FNDA:0,(anonymous_78)
FNDA:0,(anonymous_79)
FNDA:0,(anonymous_80)
FNDA:0,(anonymous_81)
FNDA:0,(anonymous_82)
FNDA:0,(anonymous_83)
FNDA:0,(anonymous_84)
FNDA:0,(anonymous_85)
FNDA:0,(anonymous_86)
FNDA:0,(anonymous_87)
FNDA:0,(anonymous_88)
FNDA:0,(anonymous_89)
FNDA:0,(anonymous_90)
DA:6,5
DA:14,5
DA:15,0
DA:16,0
DA:18,0
DA:21,0
DA:28,5
DA:29,0
DA:36,5
DA:37,0
DA:44,5
DA:45,0
DA:52,5
DA:53,0
DA:60,5
DA:61,0
DA:68,5
DA:69,0
DA:76,5
DA:77,0
DA:84,5
DA:85,0
DA:92,5
DA:93,0
DA:100,5
DA:101,0
DA:108,5
DA:109,0
DA:116,5
DA:117,0
DA:124,5
DA:125,0
DA:132,5
DA:133,0
DA:140,5
DA:141,0
DA:148,5
DA:149,0
DA:156,5
DA:157,0
DA:164,5
DA:165,0
DA:172,5
DA:173,0
DA:180,5
DA:181,0
DA:188,5
DA:189,0
DA:196,5
DA:197,0
DA:204,5
DA:205,0
DA:212,5
DA:213,0
DA:220,5
DA:221,0
DA:228,5
DA:229,0
DA:236,5
DA:237,0
DA:244,5
DA:245,0
DA:252,5
DA:253,0
DA:260,5
DA:261,0
DA:268,5
DA:269,0
DA:276,5
DA:277,0
DA:284,5
DA:285,0
DA:292,5
DA:293,0
DA:300,5
DA:301,0
DA:308,5
DA:309,0
DA:316,5
DA:317,0
DA:324,5
DA:325,0
DA:332,5
DA:333,0
DA:340,5
DA:341,0
DA:348,5
DA:349,0
DA:356,5
DA:357,0
DA:364,5
DA:365,0
DA:372,5
DA:373,0
DA:380,5
DA:381,0
DA:388,5
DA:389,0
DA:396,5
DA:397,0
DA:404,5
DA:405,0
DA:412,5
DA:413,0
DA:420,5
DA:421,0
DA:428,5
DA:429,0
DA:436,5
DA:437,0
DA:444,5
DA:445,0
DA:452,5
DA:453,0
DA:460,5
DA:461,0
DA:468,5
DA:469,0
DA:476,5
DA:477,0
DA:484,5
DA:485,0
DA:492,5
DA:493,0
DA:500,5
DA:501,0
DA:508,5
DA:509,0
DA:516,5
DA:517,0
DA:524,5
DA:525,0
DA:532,5
DA:533,0
DA:540,5
DA:541,0
DA:548,5
DA:549,0
DA:556,5
DA:557,0
DA:564,5
DA:565,0
DA:572,5
DA:573,0
DA:580,5
DA:581,0
DA:588,5
DA:589,0
DA:596,5
DA:597,0
DA:604,5
DA:605,0
DA:612,5
DA:613,0
DA:620,5
DA:621,0
DA:628,5
DA:629,0
DA:636,5
DA:637,0
DA:644,5
DA:645,0
DA:652,5
DA:653,0
DA:660,5
DA:661,0
DA:668,5
DA:669,0
DA:676,5
DA:677,0
DA:684,5
DA:685,0
DA:692,5
DA:693,0
DA:700,5
DA:701,0
DA:708,5
DA:709,0
DA:716,5
DA:718,0
DA:720,0
DA:721,0
DA:722,0
DA:723,0
DA:724,0
DA:725,0
DA:726,0
DA:727,0
DA:728,0
DA:729,0
DA:730,0
DA:731,0
DA:732,0
DA:733,0
DA:734,0
DA:735,0
DA:736,0
DA:737,0
DA:738,0
DA:739,0
DA:740,0
DA:741,0
DA:742,0
DA:743,0
DA:744,0
DA:745,0
DA:746,0
DA:747,0
DA:748,0
DA:749,0
DA:750,0
DA:751,0
DA:752,0
DA:753,0
DA:754,0
DA:755,0
DA:756,0
DA:757,0
DA:758,0
DA:759,0
DA:760,0
DA:761,0
DA:762,0
DA:763,0
DA:764,0
DA:765,0
DA:766,0
DA:767,0
DA:768,0
DA:769,0
DA:770,0
DA:771,0
DA:772,0
DA:773,0
DA:774,0
DA:775,0
DA:776,0
DA:777,0
DA:778,0
DA:779,0
DA:780,0
DA:781,0
DA:782,0
DA:783,0
DA:784,0
DA:785,0
DA:786,0
DA:787,0
DA:788,0
DA:789,0
DA:790,0
DA:791,0
DA:792,0
DA:793,0
DA:794,0
DA:795,0
DA:796,0
DA:802,0
DA:803,0
DA:804,0
DA:805,0
DA:807,0
DA:809,5
LF:263
LH:90
BRDA:29,0,0,0
BRDA:29,0,1,0
BRDA:37,1,0,0
BRDA:37,1,1,0
BRDA:45,2,0,0
BRDA:45,2,1,0
BRDA:53,3,0,0
BRDA:53,3,1,0
BRDA:61,4,0,0
BRDA:61,4,1,0
BRDA:69,5,0,0
BRDA:69,5,1,0
BRDA:77,6,0,0
BRDA:77,6,1,0
BRDA:85,7,0,0
BRDA:85,7,1,0
BRDA:93,8,0,0
BRDA:93,8,1,0
BRDA:101,9,0,0
BRDA:101,9,1,0
BRDA:109,10,0,0
BRDA:109,10,1,0
BRDA:117,11,0,0
BRDA:117,11,1,0
BRDA:125,12,0,0
BRDA:125,12,1,0
BRDA:133,13,0,0
BRDA:133,13,1,0
BRDA:141,14,0,0
BRDA:141,14,1,0
BRDA:149,15,0,0
BRDA:149,15,1,0
BRDA:157,16,0,0
BRDA:157,16,1,0
BRDA:165,17,0,0
BRDA:165,17,1,0
BRDA:173,18,0,0
BRDA:173,18,1,0
BRDA:181,19,0,0
BRDA:181,19,1,0
BRDA:189,20,0,0
BRDA:189,20,1,0
BRDA:197,21,0,0
BRDA:197,21,1,0
BRDA:205,22,0,0
BRDA:205,22,1,0
BRDA:213,23,0,0
BRDA:213,23,1,0
BRDA:221,24,0,0
BRDA:221,24,1,0
BRDA:229,25,0,0
BRDA:229,25,1,0
BRDA:237,26,0,0
BRDA:237,26,1,0
BRDA:245,27,0,0
BRDA:245,27,1,0
BRDA:253,28,0,0
BRDA:253,28,1,0
BRDA:261,29,0,0
BRDA:261,29,1,0
BRDA:269,30,0,0
BRDA:269,30,1,0
BRDA:277,31,0,0
BRDA:277,31,1,0
BRDA:285,32,0,0
BRDA:285,32,1,0
BRDA:293,33,0,0
BRDA:293,33,1,0
BRDA:301,34,0,0
BRDA:301,34,1,0
BRDA:309,35,0,0
BRDA:309,35,1,0
BRDA:317,36,0,0
BRDA:317,36,1,0
BRDA:325,37,0,0
BRDA:325,37,1,0
BRDA:333,38,0,0
BRDA:333,38,1,0
BRDA:341,39,0,0
BRDA:341,39,1,0
BRDA:349,40,0,0
BRDA:349,40,1,0
BRDA:357,41,0,0
BRDA:357,41,1,0
BRDA:365,42,0,0
BRDA:365,42,1,0
BRDA:373,43,0,0
BRDA:373,43,1,0
BRDA:381,44,0,0
BRDA:381,44,1,0
BRDA:389,45,0,0
BRDA:389,45,1,0
BRDA:397,46,0,0
BRDA:397,46,1,0
BRDA:405,47,0,0
BRDA:405,47,1,0
BRDA:413,48,0,0
BRDA:413,48,1,0
BRDA:421,49,0,0
BRDA:421,49,1,0
BRDA:429,50,0,0
BRDA:429,50,1,0
BRDA:437,51,0,0
BRDA:437,51,1,0
BRDA:445,52,0,0
BRDA:445,52,1,0
BRDA:453,53,0,0
BRDA:453,53,1,0
BRDA:461,54,0,0
BRDA:461,54,1,0
BRDA:469,55,0,0
BRDA:469,55,1,0
BRDA:477,56,0,0
BRDA:477,56,1,0
BRDA:485,57,0,0
BRDA:485,57,1,0
BRDA:493,58,0,0
BRDA:493,58,1,0
BRDA:501,59,0,0
BRDA:501,59,1,0
BRDA:509,60,0,0
BRDA:509,60,1,0
BRDA:517,61,0,0
BRDA:517,61,1,0
BRDA:525,62,0,0
BRDA:525,62,1,0
BRDA:533,63,0,0
BRDA:533,63,1,0
BRDA:541,64,0,0
BRDA:541,64,1,0
BRDA:549,65,0,0
BRDA:549,65,1,0
BRDA:557,66,0,0
BRDA:557,66,1,0
BRDA:565,67,0,0
BRDA:565,67,1,0
BRDA:573,68,0,0
BRDA:573,68,1,0
BRDA:581,69,0,0
BRDA:581,69,1,0
BRDA:589,70,0,0
BRDA:589,70,1,0
BRDA:597,71,0,0
BRDA:597,71,1,0
BRDA:605,72,0,0
BRDA:605,72,1,0
BRDA:613,73,0,0
BRDA:613,73,1,0
BRDA:621,74,0,0
BRDA:621,74,1,0
BRDA:629,75,0,0
BRDA:629,75,1,0
BRDA:637,76,0,0
BRDA:637,76,1,0
BRDA:645,77,0,0
BRDA:645,77,1,0
BRDA:653,78,0,0
BRDA:653,78,1,0
BRDA:661,79,0,0
BRDA:661,79,1,0
BRDA:669,80,0,0
BRDA:669,80,1,0
BRDA:677,81,0,0
BRDA:677,81,1,0
BRDA:685,82,0,0
BRDA:685,82,1,0
BRDA:693,83,0,0
BRDA:693,83,1,0
BRDA:701,84,0,0
BRDA:701,84,1,0
BRDA:709,85,0,0
BRDA:709,85,1,0
BRF:172
BRH:0
end_of_record
TN:
SF:src\utils\files.utils.ts
FN:10,(anonymous_0)
FN:25,(anonymous_1)
FN:38,(anonymous_2)
FN:49,(anonymous_3)
FNF:4
FNH:0
FNDA:0,(anonymous_0)
FNDA:0,(anonymous_1)
FNDA:0,(anonymous_2)
FNDA:0,(anonymous_3)
DA:1,5
DA:10,5
DA:11,0
DA:12,0
DA:13,0
DA:15,0
DA:25,5
DA:26,0
DA:27,0
DA:28,0
DA:30,0
DA:38,5
DA:39,0
DA:49,5
DA:50,0
DA:51,0
DA:52,0
DA:54,0
LF:18
LH:5
BRDA:11,0,0,0
BRDA:12,1,0,0
BRDA:13,2,0,0
BRDA:26,3,0,0
BRDA:27,4,0,0
BRDA:28,5,0,0
BRDA:50,6,0,0
BRDA:51,7,0,0
BRDA:52,8,0,0
BRF:9
BRH:0
end_of_record
TN:
SF:src\utils\loader.tsx
FN:6,(anonymous_1)
FNF:1
FNH:0
FNDA:0,(anonymous_1)
DA:1,5
DA:2,5
DA:6,5
DA:7,0
DA:8,0
DA:120,5
LF:6
LH:4
BRDA:7,0,0,0
BRDA:7,0,1,0
BRF:2
BRH:0
end_of_record
